{"meta": {"format": 3, "version": "7.14.0", "timestamp": "2026-05-20T15:25:25.729517", "branch_coverage": false, "show_contexts": false}, "files": {"app/__init__.py": {"executed_lines": [], "summary": {"covered_lines": 0, "num_statements": 0, "percent_covered": 100.0, "percent_covered_display": "100", "missing_lines": 0, "excluded_lines": 0, "percent_statements_covered": 100.0, "percent_statements_covered_display": "100"}, "missing_lines": [], "excluded_lines": [], "functions": {"": {"executed_lines": [], "summary": {"covered_lines": 0, "num_statements": 0, "percent_covered": 100.0, "percent_covered_display": "100", "missing_lines": 0, "excluded_lines": 0, "percent_statements_covered": 100.0, "percent_statements_covered_display": "100"}, "missing_lines": [], "excluded_lines": [], "start_line": 1}}, "classes": {"": {"executed_lines": [], "summary": {"covered_lines": 0, "num_statements": 0, "percent_covered": 100.0, "percent_covered_display": "100", "missing_lines": 0, "excluded_lines": 0, "percent_statements_covered": 100.0, "percent_statements_covered_display": "100"}, "missing_lines": [], "excluded_lines": [], "start_line": 1}}}, "app/config.py": {"executed_lines": [1, 4, 5, 6, 7, 8, 9, 10, 11, 12, 14, 17], "summary": {"covered_lines": 12, "num_statements": 12, "percent_covered": 100.0, "percent_covered_display": "100", "missing_lines": 0, "excluded_lines": 0, "percent_statements_covered": 100.0, "percent_statements_covered_display": "100"}, "missing_lines": [], "excluded_lines": [], "functions": {"": {"executed_lines": [1, 4, 5, 6, 7, 8, 9, 10, 11, 12, 14, 17], "summary": {"covered_lines": 12, "num_statements": 12, "percent_covered": 100.0, "percent_covered_display": "100", "missing_lines": 0, "excluded_lines": 0, "percent_statements_covered": 100.0, "percent_statements_covered_display": "100"}, "missing_lines": [], "excluded_lines": [], "start_line": 1}}, "classes": {"Settings": {"executed_lines": [], "summary": {"covered_lines": 0, "num_statements": 0, "percent_covered": 100.0, "percent_covered_display": "100", "missing_lines": 0, "excluded_lines": 0, "percent_statements_covered": 100.0, "percent_statements_covered_display": "100"}, "missing_lines": [], "excluded_lines": [], "start_line": 4}, "": {"executed_lines": [1, 4, 5, 6, 7, 8, 9, 10, 11, 12, 14, 17], "summary": {"covered_lines": 12, "num_statements": 12, "percent_covered": 100.0, "percent_covered_display": "100", "missing_lines": 0, "excluded_lines": 0, "percent_statements_covered": 100.0, "percent_statements_covered_display": "100"}, "missing_lines": [], "excluded_lines": [], "start_line": 1}}}, "app/db/__init__.py": {"executed_lines": [], "summary": {"covered_lines": 0, "num_statements": 0, "percent_covered": 100.0, "percent_covered_display": "100", "missing_lines": 0, "excluded_lines": 0, "percent_statements_covered": 100.0, "percent_statements_covered_display": "100"}, "missing_lines": [], "excluded_lines": [], "functions": {"": {"executed_lines": [], "summary": {"covered_lines": 0, "num_statements": 0, "percent_covered": 100.0, "percent_covered_display": "100", "missing_lines": 0, "excluded_lines": 0, "percent_statements_covered": 100.0, "percent_statements_covered_display": "100"}, "missing_lines": [], "excluded_lines": [], "start_line": 1}}, "classes": {"": {"executed_lines": [], "summary": {"covered_lines": 0, "num_statements": 0, "percent_covered": 100.0, "percent_covered_display": "100", "missing_lines": 0, "excluded_lines": 0, "percent_statements_covered": 100.0, "percent_statements_covered_display": "100"}, "missing_lines": [], "excluded_lines": [], "start_line": 1}}}, "app/db/base.py": {"executed_lines": [1, 3, 4, 7, 8, 11, 12, 13, 21, 22], "summary": {"covered_lines": 10, "num_statements": 10, "percent_covered": 100.0, "percent_covered_display": "100", "missing_lines": 0, "excluded_lines": 0, "percent_statements_covered": 100.0, "percent_statements_covered_display": "100"}, "missing_lines": [], "excluded_lines": [], "functions": {"": {"executed_lines": [1, 3, 4, 7, 8, 11, 12, 13, 21, 22], "summary": {"covered_lines": 10, "num_statements": 10, "percent_covered": 100.0, "percent_covered_display": "100", "missing_lines": 0, "excluded_lines": 0, "percent_statements_covered": 100.0, "percent_statements_covered_display": "100"}, "missing_lines": [], "excluded_lines": [], "start_line": 1}}, "classes": {"Base": {"executed_lines": [], "summary": {"covered_lines": 0, "num_statements": 0, "percent_covered": 100.0, "percent_covered_display": "100", "missing_lines": 0, "excluded_lines": 0, "percent_statements_covered": 100.0, "percent_statements_covered_display": "100"}, "missing_lines": [], "excluded_lines": [], "start_line": 7}, "TimestampMixin": {"executed_lines": [], "summary": {"covered_lines": 0, "num_statements": 0, "percent_covered": 100.0, "percent_covered_display": "100", "missing_lines": 0, "excluded_lines": 0, "percent_statements_covered": 100.0, "percent_statements_covered_display": "100"}, "missing_lines": [], "excluded_lines": [], "start_line": 11}, "SoftDeleteMixin": {"executed_lines": [], "summary": {"covered_lines": 0, "num_statements": 0, "percent_covered": 100.0, "percent_covered_display": "100", "missing_lines": 0, "excluded_lines": 0, "percent_statements_covered": 100.0, "percent_statements_covered_display": "100"}, "missing_lines": [], "excluded_lines": [], "start_line": 21}, "": {"executed_lines": [1, 3, 4, 7, 8, 11, 12, 13, 21, 22], "summary": {"covered_lines": 10, "num_statements": 10, "percent_covered": 100.0, "percent_covered_display": "100", "missing_lines": 0, "excluded_lines": 0, "percent_statements_covered": 100.0, "percent_statements_covered_display": "100"}, "missing_lines": [], "excluded_lines": [], "start_line": 1}}}, "app/db/session.py": {"executed_lines": [1, 2, 3, 5, 6, 8, 10, 12, 13, 16, 18, 19, 22], "summary": {"covered_lines": 13, "num_statements": 18, "percent_covered": 72.22222222222223, "percent_covered_display": "72", "missing_lines": 5, "excluded_lines": 0, "percent_statements_covered": 72.22222222222223, "percent_statements_covered_display": "72"}, "missing_lines": [14, 23, 24, 25, 27], "excluded_lines": [], "functions": {"get_db": {"executed_lines": [], "summary": {"covered_lines": 0, "num_statements": 4, "percent_covered": 0.0, "percent_covered_display": "0", "missing_lines": 4, "excluded_lines": 0, "percent_statements_covered": 0.0, "percent_statements_covered_display": "0"}, "missing_lines": [23, 24, 25, 27], "excluded_lines": [], "start_line": 22}, "": {"executed_lines": [1, 2, 3, 5, 6, 8, 10, 12, 13, 16, 18, 19, 22], "summary": {"covered_lines": 13, "num_statements": 14, "percent_covered": 92.85714285714286, "percent_covered_display": "93", "missing_lines": 1, "excluded_lines": 0, "percent_statements_covered": 92.85714285714286, "percent_statements_covered_display": "93"}, "missing_lines": [14], "excluded_lines": [], "start_line": 1}}, "classes": {"": {"executed_lines": [1, 2, 3, 5, 6, 8, 10, 12, 13, 16, 18, 19, 22], "summary": {"covered_lines": 13, "num_statements": 18, "percent_covered": 72.22222222222223, "percent_covered_display": "72", "missing_lines": 5, "excluded_lines": 0, "percent_statements_covered": 72.22222222222223, "percent_statements_covered_display": "72"}, "missing_lines": [14, 23, 24, 25, 27], "excluded_lines": [], "start_line": 1}}}, "app/exceptions/__init__.py": {"executed_lines": [1, 2, 3, 4, 7, 8, 13, 14, 15, 18, 19, 20, 23, 24, 25, 28, 29, 30, 33, 34, 35, 36, 39, 40], "summary": {"covered_lines": 24, "num_statements": 27, "percent_covered": 88.88888888888889, "percent_covered_display": "89", "missing_lines": 3, "excluded_lines": 0, "percent_statements_covered": 88.88888888888889, "percent_statements_covered_display": "89"}, "missing_lines": [9, 10, 41], "excluded_lines": [], "functions": {"AppError.__init__": {"executed_lines": [3, 4], "summary": {"covered_lines": 2, "num_statements": 2, "percent_covered": 100.0, "percent_covered_display": "100", "missing_lines": 0, "excluded_lines": 0, "percent_statements_covered": 100.0, "percent_statements_covered_display": "100"}, "missing_lines": [], "excluded_lines": [], "start_line": 2}, "ValidationError.__init__": {"executed_lines": [], "summary": {"covered_lines": 0, "num_statements": 2, "percent_covered": 0.0, "percent_covered_display": "0", "missing_lines": 2, "excluded_lines": 0, "percent_statements_covered": 0.0, "percent_statements_covered_display": "0"}, "missing_lines": [9, 10], "excluded_lines": [], "start_line": 8}, "AuthenticationError.__init__": {"executed_lines": [15], "summary": {"covered_lines": 1, "num_statements": 1, "percent_covered": 100.0, "percent_covered_display": "100", "missing_lines": 0, "excluded_lines": 0, "percent_statements_covered": 100.0, "percent_statements_covered_display": "100"}, "missing_lines": [], "excluded_lines": [], "start_line": 14}, "AuthorisationError.__init__": {"executed_lines": [20], "summary": {"covered_lines": 1, "num_statements": 1, "percent_covered": 100.0, "percent_covered_display": "100", "missing_lines": 0, "excluded_lines": 0, "percent_statements_covered": 100.0, "percent_statements_covered_display": "100"}, "missing_lines": [], "excluded_lines": [], "start_line": 19}, "NotFoundError.__init__": {"executed_lines": [25], "summary": {"covered_lines": 1, "num_statements": 1, "percent_covered": 100.0, "percent_covered_display": "100", "missing_lines": 0, "excluded_lines": 0, "percent_statements_covered": 100.0, "percent_statements_covered_display": "100"}, "missing_lines": [], "excluded_lines": [], "start_line": 24}, "ConflictError.__init__": {"executed_lines": [30], "summary": {"covered_lines": 1, "num_statements": 1, "percent_covered": 100.0, "percent_covered_display": "100", "missing_lines": 0, "excluded_lines": 0, "percent_statements_covered": 100.0, "percent_statements_covered_display": "100"}, "missing_lines": [], "excluded_lines": [], "start_line": 29}, "BusinessRuleError.__init__": {"executed_lines": [35, 36], "summary": {"covered_lines": 2, "num_statements": 2, "percent_covered": 100.0, "percent_covered_display": "100", "missing_lines": 0, "excluded_lines": 0, "percent_statements_covered": 100.0, "percent_statements_covered_display": "100"}, "missing_lines": [], "excluded_lines": [], "start_line": 34}, "LockedOutError.__init__": {"executed_lines": [], "summary": {"covered_lines": 0, "num_statements": 1, "percent_covered": 0.0, "percent_covered_display": "0", "missing_lines": 1, "excluded_lines": 0, "percent_statements_covered": 0.0, "percent_statements_covered_display": "0"}, "missing_lines": [41], "excluded_lines": [], "start_line": 40}, "": {"executed_lines": [1, 2, 7, 8, 13, 14, 18, 19, 23, 24, 28, 29, 33, 34, 39, 40], "summary": {"covered_lines": 16, "num_statements": 16, "percent_covered": 100.0, "percent_covered_display": "100", "missing_lines": 0, "excluded_lines": 0, "percent_statements_covered": 100.0, "percent_statements_covered_display": "100"}, "missing_lines": [], "excluded_lines": [], "start_line": 1}}, "classes": {"AppError": {"executed_lines": [3, 4], "summary": {"covered_lines": 2, "num_statements": 2, "percent_covered": 100.0, "percent_covered_display": "100", "missing_lines": 0, "excluded_lines": 0, "percent_statements_covered": 100.0, "percent_statements_covered_display": "100"}, "missing_lines": [], "excluded_lines": [], "start_line": 1}, "ValidationError": {"executed_lines": [], "summary": {"covered_lines": 0, "num_statements": 2, "percent_covered": 0.0, "percent_covered_display": "0", "missing_lines": 2, "excluded_lines": 0, "percent_statements_covered": 0.0, "percent_statements_covered_display": "0"}, "missing_lines": [9, 10], "excluded_lines": [], "start_line": 7}, "AuthenticationError": {"executed_lines": [15], "summary": {"covered_lines": 1, "num_statements": 1, "percent_covered": 100.0, "percent_covered_display": "100", "missing_lines": 0, "excluded_lines": 0, "percent_statements_covered": 100.0, "percent_statements_covered_display": "100"}, "missing_lines": [], "excluded_lines": [], "start_line": 13}, "AuthorisationError": {"executed_lines": [20], "summary": {"covered_lines": 1, "num_statements": 1, "percent_covered": 100.0, "percent_covered_display": "100", "missing_lines": 0, "excluded_lines": 0, "percent_statements_covered": 100.0, "percent_statements_covered_display": "100"}, "missing_lines": [], "excluded_lines": [], "start_line": 18}, "NotFoundError": {"executed_lines": [25], "summary": {"covered_lines": 1, "num_statements": 1, "percent_covered": 100.0, "percent_covered_display": "100", "missing_lines": 0, "excluded_lines": 0, "percent_statements_covered": 100.0, "percent_statements_covered_display": "100"}, "missing_lines": [], "excluded_lines": [], "start_line": 23}, "ConflictError": {"executed_lines": [30], "summary": {"covered_lines": 1, "num_statements": 1, "percent_covered": 100.0, "percent_covered_display": "100", "missing_lines": 0, "excluded_lines": 0, "percent_statements_covered": 100.0, "percent_statements_covered_display": "100"}, "missing_lines": [], "excluded_lines": [], "start_line": 28}, "BusinessRuleError": {"executed_lines": [35, 36], "summary": {"covered_lines": 2, "num_statements": 2, "percent_covered": 100.0, "percent_covered_display": "100", "missing_lines": 0, "excluded_lines": 0, "percent_statements_covered": 100.0, "percent_statements_covered_display": "100"}, "missing_lines": [], "excluded_lines": [], "start_line": 33}, "LockedOutError": {"executed_lines": [], "summary": {"covered_lines": 0, "num_statements": 1, "percent_covered": 0.0, "percent_covered_display": "0", "missing_lines": 1, "excluded_lines": 0, "percent_statements_covered": 0.0, "percent_statements_covered_display": "0"}, "missing_lines": [41], "excluded_lines": [], "start_line": 39}, "": {"executed_lines": [1, 2, 7, 8, 13, 14, 18, 19, 23, 24, 28, 29, 33, 34, 39, 40], "summary": {"covered_lines": 16, "num_statements": 16, "percent_covered": 100.0, "percent_covered_display": "100", "missing_lines": 0, "excluded_lines": 0, "percent_statements_covered": 100.0, "percent_statements_covered_display": "100"}, "missing_lines": [], "excluded_lines": [], "start_line": 1}}}, "app/main.py": {"executed_lines": [1, 2, 4, 5, 6, 7, 9, 10, 11, 12, 13, 16, 17, 18, 19, 20, 21, 22, 23, 24, 27, 28, 29, 30, 31, 33, 34, 35, 41, 42, 43, 44, 53, 54, 55, 57, 58, 65, 67, 70, 71, 80, 84, 87, 90, 91, 92, 93, 94, 103, 104, 105, 106, 107, 108, 109, 113, 116, 119, 120, 123, 130, 131, 132, 134, 135, 136, 138, 139, 140, 142, 145, 146, 148, 149, 150, 151, 154, 157, 158, 159, 160, 161, 162, 163, 164, 166, 167, 168, 169, 170, 171, 172, 173, 175, 176, 181, 182, 185, 186, 189, 192], "summary": {"covered_lines": 102, "num_statements": 112, "percent_covered": 91.07142857142857, "percent_covered_display": "91", "missing_lines": 10, "excluded_lines": 0, "percent_statements_covered": 91.07142857142857, "percent_statements_covered_display": "91"}, "missing_lines": [36, 45, 50, 51, 82, 177, 178, 179, 183, 187], "excluded_lines": [], "functions": {"SessionMiddleware.dispatch": {"executed_lines": [29, 30, 31, 33, 34, 35, 41, 42, 43, 44, 53, 54, 55, 57, 58, 65, 67, 70, 71, 80, 84], "summary": {"covered_lines": 21, "num_statements": 26, "percent_covered": 80.76923076923077, "percent_covered_display": "81", "missing_lines": 5, "excluded_lines": 0, "percent_statements_covered": 80.76923076923077, "percent_statements_covered_display": "81"}, "missing_lines": [36, 45, 50, 51, 82], "excluded_lines": [], "start_line": 28}, "SecurityHeadersMiddleware.dispatch": {"executed_lines": [91, 92, 93, 94, 103, 104, 105, 106, 107, 108, 109], "summary": {"covered_lines": 11, "num_statements": 11, "percent_covered": 100.0, "percent_covered_display": "100", "missing_lines": 0, "excluded_lines": 0, "percent_statements_covered": 100.0, "percent_statements_covered_display": "100"}, "missing_lines": [], "excluded_lines": [], "start_line": 90}, "PageVisitMiddleware.dispatch": {"executed_lines": [120, 123, 130, 131, 132, 134, 135, 136, 138, 139, 140, 142], "summary": {"covered_lines": 12, "num_statements": 12, "percent_covered": 100.0, "percent_covered_display": "100", "missing_lines": 0, "excluded_lines": 0, "percent_statements_covered": 100.0, "percent_statements_covered_display": "100"}, "missing_lines": [], "excluded_lines": [], "start_line": 119}, "create_app": {"executed_lines": [146, 148, 149, 150, 151, 154, 157, 158, 159, 160, 161, 162, 163, 164, 166, 167, 168, 169, 170, 171, 172, 173, 175, 176, 181, 182, 185, 186, 189], "summary": {"covered_lines": 29, "num_statements": 29, "percent_covered": 100.0, "percent_covered_display": "100", "missing_lines": 0, "excluded_lines": 0, "percent_statements_covered": 100.0, "percent_statements_covered_display": "100"}, "missing_lines": [], "excluded_lines": [], "start_line": 145}, "create_app.root": {"executed_lines": [], "summary": {"covered_lines": 0, "num_statements": 3, "percent_covered": 0.0, "percent_covered_display": "0", "missing_lines": 3, "excluded_lines": 0, "percent_statements_covered": 0.0, "percent_statements_covered_display": "0"}, "missing_lines": [177, 178, 179], "excluded_lines": [], "start_line": 176}, "create_app.not_found_handler": {"executed_lines": [], "summary": {"covered_lines": 0, "num_statements": 1, "percent_covered": 0.0, "percent_covered_display": "0", "missing_lines": 1, "excluded_lines": 0, "percent_statements_covered": 0.0, "percent_statements_covered_display": "0"}, "missing_lines": [183], "excluded_lines": [], "start_line": 182}, "create_app.server_error_handler": {"executed_lines": [], "summary": {"covered_lines": 0, "num_statements": 1, "percent_covered": 0.0, "percent_covered_display": "0", "missing_lines": 1, "excluded_lines": 0, "percent_statements_covered": 0.0, "percent_statements_covered_display": "0"}, "missing_lines": [187], "excluded_lines": [], "start_line": 186}, "": {"executed_lines": [1, 2, 4, 5, 6, 7, 9, 10, 11, 12, 13, 16, 17, 18, 19, 20, 21, 22, 23, 24, 27, 28, 87, 90, 113, 116, 119, 145, 192], "summary": {"covered_lines": 29, "num_statements": 29, "percent_covered": 100.0, "percent_covered_display": "100", "missing_lines": 0, "excluded_lines": 0, "percent_statements_covered": 100.0, "percent_statements_covered_display": "100"}, "missing_lines": [], "excluded_lines": [], "start_line": 1}}, "classes": {"SessionMiddleware": {"executed_lines": [29, 30, 31, 33, 34, 35, 41, 42, 43, 44, 53, 54, 55, 57, 58, 65, 67, 70, 71, 80, 84], "summary": {"covered_lines": 21, "num_statements": 26, "percent_covered": 80.76923076923077, "percent_covered_display": "81", "missing_lines": 5, "excluded_lines": 0, "percent_statements_covered": 80.76923076923077, "percent_statements_covered_display": "81"}, "missing_lines": [36, 45, 50, 51, 82], "excluded_lines": [], "start_line": 27}, "SecurityHeadersMiddleware": {"executed_lines": [91, 92, 93, 94, 103, 104, 105, 106, 107, 108, 109], "summary": {"covered_lines": 11, "num_statements": 11, "percent_covered": 100.0, "percent_covered_display": "100", "missing_lines": 0, "excluded_lines": 0, "percent_statements_covered": 100.0, "percent_statements_covered_display": "100"}, "missing_lines": [], "excluded_lines": [], "start_line": 87}, "PageVisitMiddleware": {"executed_lines": [120, 123, 130, 131, 132, 134, 135, 136, 138, 139, 140, 142], "summary": {"covered_lines": 12, "num_statements": 12, "percent_covered": 100.0, "percent_covered_display": "100", "missing_lines": 0, "excluded_lines": 0, "percent_statements_covered": 100.0, "percent_statements_covered_display": "100"}, "missing_lines": [], "excluded_lines": [], "start_line": 116}, "": {"executed_lines": [1, 2, 4, 5, 6, 7, 9, 10, 11, 12, 13, 16, 17, 18, 19, 20, 21, 22, 23, 24, 27, 28, 87, 90, 113, 116, 119, 145, 146, 148, 149, 150, 151, 154, 157, 158, 159, 160, 161, 162, 163, 164, 166, 167, 168, 169, 170, 171, 172, 173, 175, 176, 181, 182, 185, 186, 189, 192], "summary": {"covered_lines": 58, "num_statements": 63, "percent_covered": 92.06349206349206, "percent_covered_display": "92", "missing_lines": 5, "excluded_lines": 0, "percent_statements_covered": 92.06349206349206, "percent_statements_covered_display": "92"}, "missing_lines": [177, 178, 179, 183, 187], "excluded_lines": [], "start_line": 1}}}, "app/models/__init__.py": {"executed_lines": [], "summary": {"covered_lines": 0, "num_statements": 0, "percent_covered": 100.0, "percent_covered_display": "100", "missing_lines": 0, "excluded_lines": 0, "percent_statements_covered": 100.0, "percent_statements_covered_display": "100"}, "missing_lines": [], "excluded_lines": [], "functions": {"": {"executed_lines": [], "summary": {"covered_lines": 0, "num_statements": 0, "percent_covered": 100.0, "percent_covered_display": "100", "missing_lines": 0, "excluded_lines": 0, "percent_statements_covered": 100.0, "percent_statements_covered_display": "100"}, "missing_lines": [], "excluded_lines": [], "start_line": 1}}, "classes": {"": {"executed_lines": [], "summary": {"covered_lines": 0, "num_statements": 0, "percent_covered": 100.0, "percent_covered_display": "100", "missing_lines": 0, "excluded_lines": 0, "percent_statements_covered": 100.0, "percent_statements_covered_display": "100"}, "missing_lines": [], "excluded_lines": [], "start_line": 1}}}, "app/models/audit_log.py": {"executed_lines": [1, 3, 5, 6, 8, 11, 12, 14, 15, 16, 17, 18, 19, 20, 21, 23], "summary": {"covered_lines": 16, "num_statements": 16, "percent_covered": 100.0, "percent_covered_display": "100", "missing_lines": 0, "excluded_lines": 0, "percent_statements_covered": 100.0, "percent_statements_covered_display": "100"}, "missing_lines": [], "excluded_lines": [], "functions": {"": {"executed_lines": [1, 3, 5, 6, 8, 11, 12, 14, 15, 16, 17, 18, 19, 20, 21, 23], "summary": {"covered_lines": 16, "num_statements": 16, "percent_covered": 100.0, "percent_covered_display": "100", "missing_lines": 0, "excluded_lines": 0, "percent_statements_covered": 100.0, "percent_statements_covered_display": "100"}, "missing_lines": [], "excluded_lines": [], "start_line": 1}}, "classes": {"AuditLog": {"executed_lines": [], "summary": {"covered_lines": 0, "num_statements": 0, "percent_covered": 100.0, "percent_covered_display": "100", "missing_lines": 0, "excluded_lines": 0, "percent_statements_covered": 100.0, "percent_statements_covered_display": "100"}, "missing_lines": [], "excluded_lines": [], "start_line": 11}, "": {"executed_lines": [1, 3, 5, 6, 8, 11, 12, 14, 15, 16, 17, 18, 19, 20, 21, 23], "summary": {"covered_lines": 16, "num_statements": 16, "percent_covered": 100.0, "percent_covered_display": "100", "missing_lines": 0, "excluded_lines": 0, "percent_statements_covered": 100.0, "percent_statements_covered_display": "100"}, "missing_lines": [], "excluded_lines": [], "start_line": 1}}}, "app/models/deletion_request.py": {"executed_lines": [1, 3, 5, 14, 16, 19, 20, 21, 32, 33, 34, 35, 36, 37, 38, 39, 40, 41, 43, 47, 52], "summary": {"covered_lines": 21, "num_statements": 22, "percent_covered": 95.45454545454545, "percent_covered_display": "95", "missing_lines": 1, "excluded_lines": 0, "percent_statements_covered": 95.45454545454545, "percent_statements_covered_display": "95"}, "missing_lines": [53], "excluded_lines": [], "functions": {"DeletionRequest.__repr__": {"executed_lines": [], "summary": {"covered_lines": 0, "num_statements": 1, "percent_covered": 0.0, "percent_covered_display": "0", "missing_lines": 1, "excluded_lines": 0, "percent_statements_covered": 0.0, "percent_statements_covered_display": "0"}, "missing_lines": [53], "excluded_lines": [], "start_line": 52}, "": {"executed_lines": [1, 3, 5, 14, 16, 19, 20, 21, 32, 33, 34, 35, 36, 37, 38, 39, 40, 41, 43, 47, 52], "summary": {"covered_lines": 21, "num_statements": 21, "percent_covered": 100.0, "percent_covered_display": "100", "missing_lines": 0, "excluded_lines": 0, "percent_statements_covered": 100.0, "percent_statements_covered_display": "100"}, "missing_lines": [], "excluded_lines": [], "start_line": 1}}, "classes": {"DeletionRequest": {"executed_lines": [], "summary": {"covered_lines": 0, "num_statements": 1, "percent_covered": 0.0, "percent_covered_display": "0", "missing_lines": 1, "excluded_lines": 0, "percent_statements_covered": 0.0, "percent_statements_covered_display": "0"}, "missing_lines": [53], "excluded_lines": [], "start_line": 19}, "": {"executed_lines": [1, 3, 5, 14, 16, 19, 20, 21, 32, 33, 34, 35, 36, 37, 38, 39, 40, 41, 43, 47, 52], "summary": {"covered_lines": 21, "num_statements": 21, "percent_covered": 100.0, "percent_covered_display": "100", "missing_lines": 0, "excluded_lines": 0, "percent_statements_covered": 100.0, "percent_statements_covered_display": "100"}, "missing_lines": [], "excluded_lines": [], "start_line": 1}}}, "app/models/location.py": {"executed_lines": [1, 3, 4, 6, 9, 10, 12, 13, 14, 15, 16, 17, 18, 19, 20, 22, 23, 25], "summary": {"covered_lines": 18, "num_statements": 19, "percent_covered": 94.73684210526316, "percent_covered_display": "95", "missing_lines": 1, "excluded_lines": 0, "percent_statements_covered": 94.73684210526316, "percent_statements_covered_display": "95"}, "missing_lines": [26], "excluded_lines": [], "functions": {"Location.__repr__": {"executed_lines": [], "summary": {"covered_lines": 0, "num_statements": 1, "percent_covered": 0.0, "percent_covered_display": "0", "missing_lines": 1, "excluded_lines": 0, "percent_statements_covered": 0.0, "percent_statements_covered_display": "0"}, "missing_lines": [26], "excluded_lines": [], "start_line": 25}, "": {"executed_lines": [1, 3, 4, 6, 9, 10, 12, 13, 14, 15, 16, 17, 18, 19, 20, 22, 23, 25], "summary": {"covered_lines": 18, "num_statements": 18, "percent_covered": 100.0, "percent_covered_display": "100", "missing_lines": 0, "excluded_lines": 0, "percent_statements_covered": 100.0, "percent_statements_covered_display": "100"}, "missing_lines": [], "excluded_lines": [], "start_line": 1}}, "classes": {"Location": {"executed_lines": [], "summary": {"covered_lines": 0, "num_statements": 1, "percent_covered": 0.0, "percent_covered_display": "0", "missing_lines": 1, "excluded_lines": 0, "percent_statements_covered": 0.0, "percent_statements_covered_display": "0"}, "missing_lines": [26], "excluded_lines": [], "start_line": 9}, "": {"executed_lines": [1, 3, 4, 6, 9, 10, 12, 13, 14, 15, 16, 17, 18, 19, 20, 22, 23, 25], "summary": {"covered_lines": 18, "num_statements": 18, "percent_covered": 100.0, "percent_covered_display": "100", "missing_lines": 0, "excluded_lines": 0, "percent_statements_covered": 100.0, "percent_statements_covered_display": "100"}, "missing_lines": [], "excluded_lines": [], "start_line": 1}}}, "app/models/maintenance.py": {"executed_lines": [1, 3, 4, 6, 17, 19, 22, 23, 24, 26, 27, 28, 29, 30, 32, 34, 38, 39, 40, 45, 46, 47, 48, 49, 50, 51, 52, 54, 55, 56, 61], "summary": {"covered_lines": 31, "num_statements": 33, "percent_covered": 93.93939393939394, "percent_covered_display": "94", "missing_lines": 2, "excluded_lines": 0, "percent_statements_covered": 93.93939393939394, "percent_statements_covered_display": "94"}, "missing_lines": [35, 62], "excluded_lines": [], "functions": {"MaintenanceCategory.__repr__": {"executed_lines": [], "summary": {"covered_lines": 0, "num_statements": 1, "percent_covered": 0.0, "percent_covered_display": "0", "missing_lines": 1, "excluded_lines": 0, "percent_statements_covered": 0.0, "percent_statements_covered_display": "0"}, "missing_lines": [35], "excluded_lines": [], "start_line": 34}, "MaintenanceRecord.__repr__": {"executed_lines": [], "summary": {"covered_lines": 0, "num_statements": 1, "percent_covered": 0.0, "percent_covered_display": "0", "missing_lines": 1, "excluded_lines": 0, "percent_statements_covered": 0.0, "percent_statements_covered_display": "0"}, "missing_lines": [62], "excluded_lines": [], "start_line": 61}, "": {"executed_lines": [1, 3, 4, 6, 17, 19, 22, 23, 24, 26, 27, 28, 29, 30, 32, 34, 38, 39, 40, 45, 46, 47, 48, 49, 50, 51, 52, 54, 55, 56, 61], "summary": {"covered_lines": 31, "num_statements": 31, "percent_covered": 100.0, "percent_covered_display": "100", "missing_lines": 0, "excluded_lines": 0, "percent_statements_covered": 100.0, "percent_statements_covered_display": "100"}, "missing_lines": [], "excluded_lines": [], "start_line": 1}}, "classes": {"MaintenanceCategory": {"executed_lines": [], "summary": {"covered_lines": 0, "num_statements": 1, "percent_covered": 0.0, "percent_covered_display": "0", "missing_lines": 1, "excluded_lines": 0, "percent_statements_covered": 0.0, "percent_statements_covered_display": "0"}, "missing_lines": [35], "excluded_lines": [], "start_line": 22}, "MaintenanceRecord": {"executed_lines": [], "summary": {"covered_lines": 0, "num_statements": 1, "percent_covered": 0.0, "percent_covered_display": "0", "missing_lines": 1, "excluded_lines": 0, "percent_statements_covered": 0.0, "percent_statements_covered_display": "0"}, "missing_lines": [62], "excluded_lines": [], "start_line": 38}, "": {"executed_lines": [1, 3, 4, 6, 17, 19, 22, 23, 24, 26, 27, 28, 29, 30, 32, 34, 38, 39, 40, 45, 46, 47, 48, 49, 50, 51, 52, 54, 55, 56, 61], "summary": {"covered_lines": 31, "num_statements": 31, "percent_covered": 100.0, "percent_covered_display": "100", "missing_lines": 0, "excluded_lines": 0, "percent_statements_covered": 100.0, "percent_statements_covered_display": "100"}, "missing_lines": [], "excluded_lines": [], "start_line": 1}}}, "app/models/mileage.py": {"executed_lines": [1, 3, 5, 14, 16, 19, 20, 21, 30, 31, 32, 33, 34, 35, 36, 38, 39, 44], "summary": {"covered_lines": 18, "num_statements": 19, "percent_covered": 94.73684210526316, "percent_covered_display": "95", "missing_lines": 1, "excluded_lines": 0, "percent_statements_covered": 94.73684210526316, "percent_statements_covered_display": "95"}, "missing_lines": [45], "excluded_lines": [], "functions": {"MileageRecord.__repr__": {"executed_lines": [], "summary": {"covered_lines": 0, "num_statements": 1, "percent_covered": 0.0, "percent_covered_display": "0", "missing_lines": 1, "excluded_lines": 0, "percent_statements_covered": 0.0, "percent_statements_covered_display": "0"}, "missing_lines": [45], "excluded_lines": [], "start_line": 44}, "": {"executed_lines": [1, 3, 5, 14, 16, 19, 20, 21, 30, 31, 32, 33, 34, 35, 36, 38, 39, 44], "summary": {"covered_lines": 18, "num_statements": 18, "percent_covered": 100.0, "percent_covered_display": "100", "missing_lines": 0, "excluded_lines": 0, "percent_statements_covered": 100.0, "percent_statements_covered_display": "100"}, "missing_lines": [], "excluded_lines": [], "start_line": 1}}, "classes": {"MileageRecord": {"executed_lines": [], "summary": {"covered_lines": 0, "num_statements": 1, "percent_covered": 0.0, "percent_covered_display": "0", "missing_lines": 1, "excluded_lines": 0, "percent_statements_covered": 0.0, "percent_statements_covered_display": "0"}, "missing_lines": [45], "excluded_lines": [], "start_line": 19}, "": {"executed_lines": [1, 3, 5, 14, 16, 19, 20, 21, 30, 31, 32, 33, 34, 35, 36, 38, 39, 44], "summary": {"covered_lines": 18, "num_statements": 18, "percent_covered": 100.0, "percent_covered_display": "100", "missing_lines": 0, "excluded_lines": 0, "percent_statements_covered": 100.0, "percent_statements_covered_display": "100"}, "missing_lines": [], "excluded_lines": [], "start_line": 1}}}, "app/models/page_visit.py": {"executed_lines": [1, 3, 5, 6, 8, 11, 12, 14, 15, 16, 17, 18, 20], "summary": {"covered_lines": 13, "num_statements": 13, "percent_covered": 100.0, "percent_covered_display": "100", "missing_lines": 0, "excluded_lines": 0, "percent_statements_covered": 100.0, "percent_statements_covered_display": "100"}, "missing_lines": [], "excluded_lines": [], "functions": {"": {"executed_lines": [1, 3, 5, 6, 8, 11, 12, 14, 15, 16, 17, 18, 20], "summary": {"covered_lines": 13, "num_statements": 13, "percent_covered": 100.0, "percent_covered_display": "100", "missing_lines": 0, "excluded_lines": 0, "percent_statements_covered": 100.0, "percent_statements_covered_display": "100"}, "missing_lines": [], "excluded_lines": [], "start_line": 1}}, "classes": {"PageVisit": {"executed_lines": [], "summary": {"covered_lines": 0, "num_statements": 0, "percent_covered": 100.0, "percent_covered_display": "100", "missing_lines": 0, "excluded_lines": 0, "percent_statements_covered": 100.0, "percent_statements_covered_display": "100"}, "missing_lines": [], "excluded_lines": [], "start_line": 11}, "": {"executed_lines": [1, 3, 5, 6, 8, 11, 12, 14, 15, 16, 17, 18, 20], "summary": {"covered_lines": 13, "num_statements": 13, "percent_covered": 100.0, "percent_covered_display": "100", "missing_lines": 0, "excluded_lines": 0, "percent_statements_covered": 100.0, "percent_statements_covered_display": "100"}, "missing_lines": [], "excluded_lines": [], "start_line": 1}}}, "app/models/retirement_request.py": {"executed_lines": [1, 3, 5, 14, 16, 19, 20, 21, 28, 29, 30, 31, 32, 33, 34, 35, 36, 38, 39, 43, 48], "summary": {"covered_lines": 21, "num_statements": 22, "percent_covered": 95.45454545454545, "percent_covered_display": "95", "missing_lines": 1, "excluded_lines": 0, "percent_statements_covered": 95.45454545454545, "percent_statements_covered_display": "95"}, "missing_lines": [49], "excluded_lines": [], "functions": {"RetirementRequest.__repr__": {"executed_lines": [], "summary": {"covered_lines": 0, "num_statements": 1, "percent_covered": 0.0, "percent_covered_display": "0", "missing_lines": 1, "excluded_lines": 0, "percent_statements_covered": 0.0, "percent_statements_covered_display": "0"}, "missing_lines": [49], "excluded_lines": [], "start_line": 48}, "": {"executed_lines": [1, 3, 5, 14, 16, 19, 20, 21, 28, 29, 30, 31, 32, 33, 34, 35, 36, 38, 39, 43, 48], "summary": {"covered_lines": 21, "num_statements": 21, "percent_covered": 100.0, "percent_covered_display": "100", "missing_lines": 0, "excluded_lines": 0, "percent_statements_covered": 100.0, "percent_statements_covered_display": "100"}, "missing_lines": [], "excluded_lines": [], "start_line": 1}}, "classes": {"RetirementRequest": {"executed_lines": [], "summary": {"covered_lines": 0, "num_statements": 1, "percent_covered": 0.0, "percent_covered_display": "0", "missing_lines": 1, "excluded_lines": 0, "percent_statements_covered": 0.0, "percent_statements_covered_display": "0"}, "missing_lines": [49], "excluded_lines": [], "start_line": 19}, "": {"executed_lines": [1, 3, 5, 14, 16, 19, 20, 21, 28, 29, 30, 31, 32, 33, 34, 35, 36, 38, 39, 43, 48], "summary": {"covered_lines": 21, "num_statements": 21, "percent_covered": 100.0, "percent_covered_display": "100", "missing_lines": 0, "excluded_lines": 0, "percent_statements_covered": 100.0, "percent_statements_covered_display": "100"}, "missing_lines": [], "excluded_lines": [], "start_line": 1}}}, "app/models/user.py": {"executed_lines": [1, 3, 5, 14, 16, 19, 20, 21, 28, 29, 30, 31, 32, 33, 34, 35, 36, 37, 38, 40, 42, 46, 50, 54, 58, 62, 66, 71, 72, 73, 75, 76, 79], "summary": {"covered_lines": 33, "num_statements": 35, "percent_covered": 94.28571428571429, "percent_covered_display": "94", "missing_lines": 2, "excluded_lines": 0, "percent_statements_covered": 94.28571428571429, "percent_statements_covered_display": "94"}, "missing_lines": [77, 80], "excluded_lines": [], "functions": {"User.full_name": {"executed_lines": [73], "summary": {"covered_lines": 1, "num_statements": 1, "percent_covered": 100.0, "percent_covered_display": "100", "missing_lines": 0, "excluded_lines": 0, "percent_statements_covered": 100.0, "percent_statements_covered_display": "100"}, "missing_lines": [], "excluded_lines": [], "start_line": 72}, "User.is_admin": {"executed_lines": [], "summary": {"covered_lines": 0, "num_statements": 1, "percent_covered": 0.0, "percent_covered_display": "0", "missing_lines": 1, "excluded_lines": 0, "percent_statements_covered": 0.0, "percent_statements_covered_display": "0"}, "missing_lines": [77], "excluded_lines": [], "start_line": 76}, "User.__repr__": {"executed_lines": [], "summary": {"covered_lines": 0, "num_statements": 1, "percent_covered": 0.0, "percent_covered_display": "0", "missing_lines": 1, "excluded_lines": 0, "percent_statements_covered": 0.0, "percent_statements_covered_display": "0"}, "missing_lines": [80], "excluded_lines": [], "start_line": 79}, "": {"executed_lines": [1, 3, 5, 14, 16, 19, 20, 21, 28, 29, 30, 31, 32, 33, 34, 35, 36, 37, 38, 40, 42, 46, 50, 54, 58, 62, 66, 71, 72, 75, 76, 79], "summary": {"covered_lines": 32, "num_statements": 32, "percent_covered": 100.0, "percent_covered_display": "100", "missing_lines": 0, "excluded_lines": 0, "percent_statements_covered": 100.0, "percent_statements_covered_display": "100"}, "missing_lines": [], "excluded_lines": [], "start_line": 1}}, "classes": {"User": {"executed_lines": [73], "summary": {"covered_lines": 1, "num_statements": 3, "percent_covered": 33.333333333333336, "percent_covered_display": "33", "missing_lines": 2, "excluded_lines": 0, "percent_statements_covered": 33.333333333333336, "percent_statements_covered_display": "33"}, "missing_lines": [77, 80], "excluded_lines": [], "start_line": 19}, "": {"executed_lines": [1, 3, 5, 14, 16, 19, 20, 21, 28, 29, 30, 31, 32, 33, 34, 35, 36, 37, 38, 40, 42, 46, 50, 54, 58, 62, 66, 71, 72, 75, 76, 79], "summary": {"covered_lines": 32, "num_statements": 32, "percent_covered": 100.0, "percent_covered_display": "100", "missing_lines": 0, "excluded_lines": 0, "percent_statements_covered": 100.0, "percent_statements_covered_display": "100"}, "missing_lines": [], "excluded_lines": [], "start_line": 1}}}, "app/models/vehicle.py": {"executed_lines": [1, 3, 11, 13, 16, 17, 18, 33, 34, 35, 36, 37, 38, 39, 40, 41, 42, 43, 44, 46, 47, 51, 52, 53, 55, 56, 57, 59, 60, 61, 63, 64, 65, 67, 68, 70, 72, 73, 77, 81, 83], "summary": {"covered_lines": 41, "num_statements": 49, "percent_covered": 83.6734693877551, "percent_covered_display": "84", "missing_lines": 8, "excluded_lines": 0, "percent_statements_covered": 83.6734693877551, "percent_statements_covered_display": "84"}, "missing_lines": [71, 74, 75, 76, 78, 79, 80, 84], "excluded_lines": [], "functions": {"Vehicle.is_retired": {"executed_lines": [57], "summary": {"covered_lines": 1, "num_statements": 1, "percent_covered": 100.0, "percent_covered_display": "100", "missing_lines": 0, "excluded_lines": 0, "percent_statements_covered": 100.0, "percent_statements_covered_display": "100"}, "missing_lines": [], "excluded_lines": [], "start_line": 56}, "Vehicle.is_active_status": {"executed_lines": [61], "summary": {"covered_lines": 1, "num_statements": 1, "percent_covered": 100.0, "percent_covered_display": "100", "missing_lines": 0, "excluded_lines": 0, "percent_statements_covered": 100.0, "percent_statements_covered_display": "100"}, "missing_lines": [], "excluded_lines": [], "start_line": 60}, "Vehicle.display_type": {"executed_lines": [65], "summary": {"covered_lines": 1, "num_statements": 1, "percent_covered": 100.0, "percent_covered_display": "100", "missing_lines": 0, "excluded_lines": 0, "percent_statements_covered": 100.0, "percent_statements_covered_display": "100"}, "missing_lines": [], "excluded_lines": [], "start_line": 64}, "Vehicle.mileage_source": {"executed_lines": [70, 72, 73, 77, 81], "summary": {"covered_lines": 5, "num_statements": 12, "percent_covered": 41.666666666666664, "percent_covered_display": "42", "missing_lines": 7, "excluded_lines": 0, "percent_statements_covered": 41.666666666666664, "percent_statements_covered_display": "42"}, "missing_lines": [71, 74, 75, 76, 78, 79, 80], "excluded_lines": [], "start_line": 68}, "Vehicle.__repr__": {"executed_lines": [], "summary": {"covered_lines": 0, "num_statements": 1, "percent_covered": 0.0, "percent_covered_display": "0", "missing_lines": 1, "excluded_lines": 0, "percent_statements_covered": 0.0, "percent_statements_covered_display": "0"}, "missing_lines": [84], "excluded_lines": [], "start_line": 83}, "": {"executed_lines": [1, 3, 11, 13, 16, 17, 18, 33, 34, 35, 36, 37, 38, 39, 40, 41, 42, 43, 44, 46, 47, 51, 52, 53, 55, 56, 59, 60, 63, 64, 67, 68, 83], "summary": {"covered_lines": 33, "num_statements": 33, "percent_covered": 100.0, "percent_covered_display": "100", "missing_lines": 0, "excluded_lines": 0, "percent_statements_covered": 100.0, "percent_statements_covered_display": "100"}, "missing_lines": [], "excluded_lines": [], "start_line": 1}}, "classes": {"Vehicle": {"executed_lines": [57, 61, 65, 70, 72, 73, 77, 81], "summary": {"covered_lines": 8, "num_statements": 16, "percent_covered": 50.0, "percent_covered_display": "50", "missing_lines": 8, "excluded_lines": 0, "percent_statements_covered": 50.0, "percent_statements_covered_display": "50"}, "missing_lines": [71, 74, 75, 76, 78, 79, 80, 84], "excluded_lines": [], "start_line": 16}, "": {"executed_lines": [1, 3, 11, 13, 16, 17, 18, 33, 34, 35, 36, 37, 38, 39, 40, 41, 42, 43, 44, 46, 47, 51, 52, 53, 55, 56, 59, 60, 63, 64, 67, 68, 83], "summary": {"covered_lines": 33, "num_statements": 33, "percent_covered": 100.0, "percent_covered_display": "100", "missing_lines": 0, "excluded_lines": 0, "percent_statements_covered": 100.0, "percent_statements_covered_display": "100"}, "missing_lines": [], "excluded_lines": [], "start_line": 1}}}, "app/routes/__init__.py": {"executed_lines": [], "summary": {"covered_lines": 0, "num_statements": 0, "percent_covered": 100.0, "percent_covered_display": "100", "missing_lines": 0, "excluded_lines": 0, "percent_statements_covered": 100.0, "percent_statements_covered_display": "100"}, "missing_lines": [], "excluded_lines": [], "functions": {"": {"executed_lines": [], "summary": {"covered_lines": 0, "num_statements": 0, "percent_covered": 100.0, "percent_covered_display": "100", "missing_lines": 0, "excluded_lines": 0, "percent_statements_covered": 100.0, "percent_statements_covered_display": "100"}, "missing_lines": [], "excluded_lines": [], "start_line": 1}}, "classes": {"": {"executed_lines": [], "summary": {"covered_lines": 0, "num_statements": 0, "percent_covered": 100.0, "percent_covered_display": "100", "missing_lines": 0, "excluded_lines": 0, "percent_statements_covered": 100.0, "percent_statements_covered_display": "100"}, "missing_lines": [], "excluded_lines": [], "start_line": 1}}}, "app/routes/api/__init__.py": {"executed_lines": [], "summary": {"covered_lines": 0, "num_statements": 0, "percent_covered": 100.0, "percent_covered_display": "100", "missing_lines": 0, "excluded_lines": 0, "percent_statements_covered": 100.0, "percent_statements_covered_display": "100"}, "missing_lines": [], "excluded_lines": [], "functions": {"": {"executed_lines": [], "summary": {"covered_lines": 0, "num_statements": 0, "percent_covered": 100.0, "percent_covered_display": "100", "missing_lines": 0, "excluded_lines": 0, "percent_statements_covered": 100.0, "percent_statements_covered_display": "100"}, "missing_lines": [], "excluded_lines": [], "start_line": 1}}, "classes": {"": {"executed_lines": [], "summary": {"covered_lines": 0, "num_statements": 0, "percent_covered": 100.0, "percent_covered_display": "100", "missing_lines": 0, "excluded_lines": 0, "percent_statements_covered": 100.0, "percent_statements_covered_display": "100"}, "missing_lines": [], "excluded_lines": [], "start_line": 1}}}, "app/routes/api/inline.py": {"executed_lines": [1, 2, 3, 4, 6, 7, 8, 9, 10, 11, 13, 16, 17, 19, 20, 21, 23, 25, 26, 28, 29, 37, 38, 49, 50, 52, 60, 61, 63, 64, 65, 67, 69, 70, 72, 73, 81, 82, 92, 93, 95], "summary": {"covered_lines": 41, "num_statements": 53, "percent_covered": 77.35849056603773, "percent_covered_display": "77", "missing_lines": 12, "excluded_lines": 0, "percent_statements_covered": 77.35849056603773, "percent_statements_covered_display": "77"}, "missing_lines": [30, 31, 32, 33, 34, 35, 74, 75, 76, 77, 78, 79], "excluded_lines": [], "functions": {"create_driver": {"executed_lines": [19, 20, 21, 23, 25, 26, 28, 29, 37, 38, 49, 50, 52], "summary": {"covered_lines": 13, "num_statements": 19, "percent_covered": 68.42105263157895, "percent_covered_display": "68", "missing_lines": 6, "excluded_lines": 0, "percent_statements_covered": 68.42105263157895, "percent_statements_covered_display": "68"}, "missing_lines": [30, 31, 32, 33, 34, 35], "excluded_lines": [], "start_line": 17}, "create_location": {"executed_lines": [63, 64, 65, 67, 69, 70, 72, 73, 81, 82, 92, 93, 95], "summary": {"covered_lines": 13, "num_statements": 19, "percent_covered": 68.42105263157895, "percent_covered_display": "68", "missing_lines": 6, "excluded_lines": 0, "percent_statements_covered": 68.42105263157895, "percent_statements_covered_display": "68"}, "missing_lines": [74, 75, 76, 77, 78, 79], "excluded_lines": [], "start_line": 61}, "": {"executed_lines": [1, 2, 3, 4, 6, 7, 8, 9, 10, 11, 13, 16, 17, 60, 61], "summary": {"covered_lines": 15, "num_statements": 15, "percent_covered": 100.0, "percent_covered_display": "100", "missing_lines": 0, "excluded_lines": 0, "percent_statements_covered": 100.0, "percent_statements_covered_display": "100"}, "missing_lines": [], "excluded_lines": [], "start_line": 1}}, "classes": {"": {"executed_lines": [1, 2, 3, 4, 6, 7, 8, 9, 10, 11, 13, 16, 17, 19, 20, 21, 23, 25, 26, 28, 29, 37, 38, 49, 50, 52, 60, 61, 63, 64, 65, 67, 69, 70, 72, 73, 81, 82, 92, 93, 95], "summary": {"covered_lines": 41, "num_statements": 53, "percent_covered": 77.35849056603773, "percent_covered_display": "77", "missing_lines": 12, "excluded_lines": 0, "percent_statements_covered": 77.35849056603773, "percent_statements_covered_display": "77"}, "missing_lines": [30, 31, 32, 33, 34, 35, 74, 75, 76, 77, 78, 79], "excluded_lines": [], "start_line": 1}}}, "app/routes/web/__init__.py": {"executed_lines": [], "summary": {"covered_lines": 0, "num_statements": 0, "percent_covered": 100.0, "percent_covered_display": "100", "missing_lines": 0, "excluded_lines": 0, "percent_statements_covered": 100.0, "percent_statements_covered_display": "100"}, "missing_lines": [], "excluded_lines": [], "functions": {"": {"executed_lines": [], "summary": {"covered_lines": 0, "num_statements": 0, "percent_covered": 100.0, "percent_covered_display": "100", "missing_lines": 0, "excluded_lines": 0, "percent_statements_covered": 100.0, "percent_statements_covered_display": "100"}, "missing_lines": [], "excluded_lines": [], "start_line": 1}}, "classes": {"": {"executed_lines": [], "summary": {"covered_lines": 0, "num_statements": 0, "percent_covered": 100.0, "percent_covered_display": "100", "missing_lines": 0, "excluded_lines": 0, "percent_statements_covered": 100.0, "percent_statements_covered_display": "100"}, "missing_lines": [], "excluded_lines": [], "start_line": 1}}}, "app/routes/web/admin.py": {"executed_lines": [1, 2, 3, 4, 6, 7, 8, 9, 13, 14, 15, 16, 17, 18, 19, 20, 21, 22, 24, 27, 29, 30, 32, 33, 34, 40, 41, 42, 43, 44, 45, 46, 49, 50, 51, 52, 54, 57, 58, 59, 60, 63, 64, 66, 76, 77, 88, 89, 90, 91, 100, 101, 104, 105, 108, 109, 110, 111, 114, 115, 119, 129, 132, 133, 134, 135, 138, 139, 140, 142, 157, 158, 174, 175, 191, 192, 200, 201, 204, 205, 206, 207, 210, 211, 215, 216, 221, 222, 223, 224, 230, 231, 232, 233, 234, 235, 236, 239, 240, 241, 242, 244, 247, 248, 249, 250, 253, 254, 255, 257, 267, 268, 279, 280, 281, 282, 291, 292, 295, 296, 299, 300, 319, 320, 381, 382, 407, 408, 409, 410, 411, 412, 413, 416, 417, 418, 421, 422, 423, 424, 426, 427, 430, 431, 432, 433, 436, 437, 439, 451, 452, 453, 457, 458, 471, 472, 496, 497, 498, 499, 502, 503, 516, 517, 547, 548, 616, 617, 645, 646], "summary": {"covered_lines": 170, "num_statements": 357, "percent_covered": 47.61904761904762, "percent_covered_display": "48", "missing_lines": 187, "excluded_lines": 0, "percent_statements_covered": 47.61904761904762, "percent_statements_covered_display": "48"}, "missing_lines": [31, 53, 61, 67, 78, 79, 112, 116, 117, 136, 143, 144, 145, 146, 147, 159, 160, 161, 162, 163, 164, 176, 177, 178, 179, 180, 181, 208, 212, 213, 217, 218, 219, 243, 251, 258, 269, 270, 301, 302, 303, 305, 306, 307, 308, 310, 316, 321, 322, 323, 325, 326, 327, 328, 330, 331, 332, 334, 335, 336, 337, 338, 339, 340, 341, 351, 352, 353, 354, 355, 356, 357, 358, 368, 369, 377, 378, 383, 384, 385, 387, 388, 389, 390, 392, 393, 394, 395, 396, 398, 399, 400, 401, 414, 425, 434, 440, 441, 454, 455, 459, 460, 461, 484, 485, 486, 504, 505, 506, 508, 509, 510, 511, 513, 518, 519, 520, 522, 523, 524, 525, 527, 528, 536, 549, 550, 551, 553, 554, 555, 557, 558, 559, 561, 562, 563, 564, 565, 567, 568, 569, 570, 571, 572, 573, 574, 575, 586, 587, 588, 589, 590, 591, 592, 593, 594, 605, 606, 609, 610, 618, 619, 620, 622, 623, 624, 626, 627, 628, 630, 647, 648, 649, 651, 652, 653, 654, 655, 657, 658, 659, 661, 662, 663, 664, 667, 669], "excluded_lines": [], "functions": {"_check_admin": {"executed_lines": [29, 30, 32, 33, 34], "summary": {"covered_lines": 5, "num_statements": 6, "percent_covered": 83.33333333333333, "percent_covered_display": "83", "missing_lines": 1, "excluded_lines": 0, "percent_statements_covered": 83.33333333333333, "percent_statements_covered_display": "83"}, "missing_lines": [31], "excluded_lines": [], "start_line": 27}, "location_list": {"executed_lines": [42, 43, 44, 45, 46], "summary": {"covered_lines": 5, "num_statements": 5, "percent_covered": 100.0, "percent_covered_display": "100", "missing_lines": 0, "excluded_lines": 0, "percent_statements_covered": 100.0, "percent_statements_covered_display": "100"}, "missing_lines": [], "excluded_lines": [], "start_line": 41}, "location_create_page": {"executed_lines": [51, 52, 54], "summary": {"covered_lines": 3, "num_statements": 4, "percent_covered": 75.0, "percent_covered_display": "75", "missing_lines": 1, "excluded_lines": 0, "percent_statements_covered": 75.0, "percent_statements_covered_display": "75"}, "missing_lines": [53], "excluded_lines": [], "start_line": 50}, "location_create_post": {"executed_lines": [59, 60, 63, 64, 66, 76, 77, 88, 89, 90, 91, 100, 101, 104, 105], "summary": {"covered_lines": 15, "num_statements": 19, "percent_covered": 78.94736842105263, "percent_covered_display": "79", "missing_lines": 4, "excluded_lines": 0, "percent_statements_covered": 78.94736842105263, "percent_statements_covered_display": "79"}, "missing_lines": [61, 67, 78, 79], "excluded_lines": [], "start_line": 58}, "location_edit_page": {"executed_lines": [110, 111, 114, 115, 119, 129], "summary": {"covered_lines": 6, "num_statements": 9, "percent_covered": 66.66666666666667, "percent_covered_display": "67", "missing_lines": 3, "excluded_lines": 0, "percent_statements_covered": 66.66666666666667, "percent_statements_covered_display": "67"}, "missing_lines": [112, 116, 117], "excluded_lines": [], "start_line": 109}, "location_edit_post": {"executed_lines": [134, 135, 138, 139, 140, 142, 157, 158, 174, 175, 191, 192, 200, 201], "summary": {"covered_lines": 14, "num_statements": 32, "percent_covered": 43.75, "percent_covered_display": "44", "missing_lines": 18, "excluded_lines": 0, "percent_statements_covered": 43.75, "percent_statements_covered_display": "44"}, "missing_lines": [136, 143, 144, 145, 146, 147, 159, 160, 161, 162, 163, 164, 176, 177, 178, 179, 180, 181], "excluded_lines": [], "start_line": 133}, "location_delete_post": {"executed_lines": [206, 207, 210, 211, 215, 216, 221, 222, 223, 224], "summary": {"covered_lines": 10, "num_statements": 16, "percent_covered": 62.5, "percent_covered_display": "62", "missing_lines": 6, "excluded_lines": 0, "percent_statements_covered": 62.5, "percent_statements_covered_display": "62"}, "missing_lines": [208, 212, 213, 217, 218, 219], "excluded_lines": [], "start_line": 205}, "category_list": {"executed_lines": [232, 233, 234, 235, 236], "summary": {"covered_lines": 5, "num_statements": 5, "percent_covered": 100.0, "percent_covered_display": "100", "missing_lines": 0, "excluded_lines": 0, "percent_statements_covered": 100.0, "percent_statements_covered_display": "100"}, "missing_lines": [], "excluded_lines": [], "start_line": 231}, "category_create_page": {"executed_lines": [241, 242, 244], "summary": {"covered_lines": 3, "num_statements": 4, "percent_covered": 75.0, "percent_covered_display": "75", "missing_lines": 1, "excluded_lines": 0, "percent_statements_covered": 75.0, "percent_statements_covered_display": "75"}, "missing_lines": [243], "excluded_lines": [], "start_line": 240}, "category_create_post": {"executed_lines": [249, 250, 253, 254, 255, 257, 267, 268, 279, 280, 281, 282, 291, 292, 295, 296], "summary": {"covered_lines": 16, "num_statements": 20, "percent_covered": 80.0, "percent_covered_display": "80", "missing_lines": 4, "excluded_lines": 0, "percent_statements_covered": 80.0, "percent_statements_covered_display": "80"}, "missing_lines": [251, 258, 269, 270], "excluded_lines": [], "start_line": 248}, "category_edit_page": {"executed_lines": [], "summary": {"covered_lines": 0, "num_statements": 9, "percent_covered": 0.0, "percent_covered_display": "0", "missing_lines": 9, "excluded_lines": 0, "percent_statements_covered": 0.0, "percent_statements_covered_display": "0"}, "missing_lines": [301, 302, 303, 305, 306, 307, 308, 310, 316], "excluded_lines": [], "start_line": 300}, "category_edit_post": {"executed_lines": [], "summary": {"covered_lines": 0, "num_statements": 30, "percent_covered": 0.0, "percent_covered_display": "0", "missing_lines": 30, "excluded_lines": 0, "percent_statements_covered": 0.0, "percent_statements_covered_display": "0"}, "missing_lines": [321, 322, 323, 325, 326, 327, 328, 330, 331, 332, 334, 335, 336, 337, 338, 339, 340, 341, 351, 352, 353, 354, 355, 356, 357, 358, 368, 369, 377, 378], "excluded_lines": [], "start_line": 320}, "category_delete_post": {"executed_lines": [], "summary": {"covered_lines": 0, "num_statements": 16, "percent_covered": 0.0, "percent_covered_display": "0", "missing_lines": 16, "excluded_lines": 0, "percent_statements_covered": 0.0, "percent_statements_covered_display": "0"}, "missing_lines": [383, 384, 385, 387, 388, 389, 390, 392, 393, 394, 395, 396, 398, 399, 400, 401], "excluded_lines": [], "start_line": 382}, "user_list": {"executed_lines": [409, 410, 411, 412, 413, 416, 417, 418], "summary": {"covered_lines": 8, "num_statements": 9, "percent_covered": 88.88888888888889, "percent_covered_display": "89", "missing_lines": 1, "excluded_lines": 0, "percent_statements_covered": 88.88888888888889, "percent_statements_covered_display": "89"}, "missing_lines": [414], "excluded_lines": [], "start_line": 408}, "user_create_page": {"executed_lines": [423, 424, 426, 427], "summary": {"covered_lines": 4, "num_statements": 5, "percent_covered": 80.0, "percent_covered_display": "80", "missing_lines": 1, "excluded_lines": 0, "percent_statements_covered": 80.0, "percent_statements_covered_display": "80"}, "missing_lines": [425], "excluded_lines": [], "start_line": 422}, "user_create_post": {"executed_lines": [432, 433, 436, 437, 439, 451, 452, 453, 457, 458, 471, 472, 496, 497, 498, 499], "summary": {"covered_lines": 16, "num_statements": 27, "percent_covered": 59.25925925925926, "percent_covered_display": "59", "missing_lines": 11, "excluded_lines": 0, "percent_statements_covered": 59.25925925925926, "percent_statements_covered_display": "59"}, "missing_lines": [434, 440, 441, 454, 455, 459, 460, 461, 484, 485, 486], "excluded_lines": [], "start_line": 431}, "user_detail": {"executed_lines": [], "summary": {"covered_lines": 0, "num_statements": 8, "percent_covered": 0.0, "percent_covered_display": "0", "missing_lines": 8, "excluded_lines": 0, "percent_statements_covered": 0.0, "percent_statements_covered_display": "0"}, "missing_lines": [504, 505, 506, 508, 509, 510, 511, 513], "excluded_lines": [], "start_line": 503}, "user_edit_page": {"executed_lines": [], "summary": {"covered_lines": 0, "num_statements": 10, "percent_covered": 0.0, "percent_covered_display": "0", "missing_lines": 10, "excluded_lines": 0, "percent_statements_covered": 0.0, "percent_statements_covered_display": "0"}, "missing_lines": [518, 519, 520, 522, 523, 524, 525, 527, 528, 536], "excluded_lines": [], "start_line": 517}, "user_edit_post": {"executed_lines": [], "summary": {"covered_lines": 0, "num_statements": 36, "percent_covered": 0.0, "percent_covered_display": "0", "missing_lines": 36, "excluded_lines": 0, "percent_statements_covered": 0.0, "percent_statements_covered_display": "0"}, "missing_lines": [549, 550, 551, 553, 554, 555, 557, 558, 559, 561, 562, 563, 564, 565, 567, 568, 569, 570, 571, 572, 573, 574, 575, 586, 587, 588, 589, 590, 591, 592, 593, 594, 605, 606, 609, 610], "excluded_lines": [], "start_line": 548}, "audit_log_page": {"executed_lines": [], "summary": {"covered_lines": 0, "num_statements": 10, "percent_covered": 0.0, "percent_covered_display": "0", "missing_lines": 10, "excluded_lines": 0, "percent_statements_covered": 0.0, "percent_statements_covered_display": "0"}, "missing_lines": [618, 619, 620, 622, 623, 624, 626, 627, 628, 630], "excluded_lines": [], "start_line": 617}, "page_visits_page": {"executed_lines": [], "summary": {"covered_lines": 0, "num_statements": 17, "percent_covered": 0.0, "percent_covered_display": "0", "missing_lines": 17, "excluded_lines": 0, "percent_statements_covered": 0.0, "percent_statements_covered_display": "0"}, "missing_lines": [647, 648, 649, 651, 652, 653, 654, 655, 657, 658, 659, 661, 662, 663, 664, 667, 669], "excluded_lines": [], "start_line": 646}, "": {"executed_lines": [1, 2, 3, 4, 6, 7, 8, 9, 13, 14, 15, 16, 17, 18, 19, 20, 21, 22, 24, 27, 40, 41, 49, 50, 57, 58, 108, 109, 132, 133, 204, 205, 230, 231, 239, 240, 247, 248, 299, 300, 319, 320, 381, 382, 407, 408, 421, 422, 430, 431, 502, 503, 516, 517, 547, 548, 616, 617, 645, 646], "summary": {"covered_lines": 60, "num_statements": 60, "percent_covered": 100.0, "percent_covered_display": "100", "missing_lines": 0, "excluded_lines": 0, "percent_statements_covered": 100.0, "percent_statements_covered_display": "100"}, "missing_lines": [], "excluded_lines": [], "start_line": 1}}, "classes": {"": {"executed_lines": [1, 2, 3, 4, 6, 7, 8, 9, 13, 14, 15, 16, 17, 18, 19, 20, 21, 22, 24, 27, 29, 30, 32, 33, 34, 40, 41, 42, 43, 44, 45, 46, 49, 50, 51, 52, 54, 57, 58, 59, 60, 63, 64, 66, 76, 77, 88, 89, 90, 91, 100, 101, 104, 105, 108, 109, 110, 111, 114, 115, 119, 129, 132, 133, 134, 135, 138, 139, 140, 142, 157, 158, 174, 175, 191, 192, 200, 201, 204, 205, 206, 207, 210, 211, 215, 216, 221, 222, 223, 224, 230, 231, 232, 233, 234, 235, 236, 239, 240, 241, 242, 244, 247, 248, 249, 250, 253, 254, 255, 257, 267, 268, 279, 280, 281, 282, 291, 292, 295, 296, 299, 300, 319, 320, 381, 382, 407, 408, 409, 410, 411, 412, 413, 416, 417, 418, 421, 422, 423, 424, 426, 427, 430, 431, 432, 433, 436, 437, 439, 451, 452, 453, 457, 458, 471, 472, 496, 497, 498, 499, 502, 503, 516, 517, 547, 548, 616, 617, 645, 646], "summary": {"covered_lines": 170, "num_statements": 357, "percent_covered": 47.61904761904762, "percent_covered_display": "48", "missing_lines": 187, "excluded_lines": 0, "percent_statements_covered": 47.61904761904762, "percent_statements_covered_display": "48"}, "missing_lines": [31, 53, 61, 67, 78, 79, 112, 116, 117, 136, 143, 144, 145, 146, 147, 159, 160, 161, 162, 163, 164, 176, 177, 178, 179, 180, 181, 208, 212, 213, 217, 218, 219, 243, 251, 258, 269, 270, 301, 302, 303, 305, 306, 307, 308, 310, 316, 321, 322, 323, 325, 326, 327, 328, 330, 331, 332, 334, 335, 336, 337, 338, 339, 340, 341, 351, 352, 353, 354, 355, 356, 357, 358, 368, 369, 377, 378, 383, 384, 385, 387, 388, 389, 390, 392, 393, 394, 395, 396, 398, 399, 400, 401, 414, 425, 434, 440, 441, 454, 455, 459, 460, 461, 484, 485, 486, 504, 505, 506, 508, 509, 510, 511, 513, 518, 519, 520, 522, 523, 524, 525, 527, 528, 536, 549, 550, 551, 553, 554, 555, 557, 558, 559, 561, 562, 563, 564, 565, 567, 568, 569, 570, 571, 572, 573, 574, 575, 586, 587, 588, 589, 590, 591, 592, 593, 594, 605, 606, 609, 610, 618, 619, 620, 622, 623, 624, 626, 627, 628, 630, 647, 648, 649, 651, 652, 653, 654, 655, 657, 658, 659, 661, 662, 663, 664, 667, 669], "excluded_lines": [], "start_line": 1}}}, "app/routes/web/auth.py": {"executed_lines": [1, 3, 4, 5, 6, 8, 9, 10, 11, 12, 13, 14, 15, 16, 17, 18, 19, 20, 22, 25, 26, 27, 29, 30, 32, 33, 35, 38, 39, 40, 41, 42, 44, 52, 53, 61, 63, 64, 65, 71, 72, 78, 79, 80, 81, 82, 83, 84, 85, 86, 87, 88, 91, 94, 96, 97, 98, 99, 108, 111, 112, 121, 122, 141, 142, 198, 199, 200, 201, 202, 203, 204, 205, 208, 209, 210, 212, 215, 216, 217, 218, 220, 227, 228, 229, 230, 236, 237, 248, 249, 256, 257, 258, 259, 260, 269, 272, 273, 279, 280], "summary": {"covered_lines": 100, "num_statements": 165, "percent_covered": 60.60606060606061, "percent_covered_display": "61", "missing_lines": 65, "excluded_lines": 0, "percent_statements_covered": 60.60606060606061, "percent_statements_covered_display": "61"}, "missing_lines": [28, 31, 34, 45, 50, 54, 55, 66, 113, 114, 115, 117, 118, 123, 124, 125, 127, 128, 143, 144, 145, 147, 148, 150, 151, 160, 161, 162, 164, 165, 166, 167, 168, 169, 170, 172, 173, 182, 183, 184, 185, 194, 195, 211, 221, 274, 275, 276, 281, 282, 284, 285, 287, 288, 294, 295, 296, 297, 303, 304, 305, 306, 312, 313, 314], "excluded_lines": [], "functions": {"login_page": {"executed_lines": [27, 29, 30, 32, 33, 35], "summary": {"covered_lines": 6, "num_statements": 9, "percent_covered": 66.66666666666667, "percent_covered_display": "67", "missing_lines": 3, "excluded_lines": 0, "percent_statements_covered": 66.66666666666667, "percent_statements_covered_display": "67"}, "missing_lines": [28, 31, 34], "excluded_lines": [], "start_line": 26}, "login_post": {"executed_lines": [40, 41, 42, 44, 52, 53, 61, 63, 64, 65, 71, 72, 78, 79, 80, 81, 82, 83, 84, 85, 86, 87, 88, 91, 94, 96, 97, 98, 99, 108], "summary": {"covered_lines": 30, "num_statements": 35, "percent_covered": 85.71428571428571, "percent_covered_display": "86", "missing_lines": 5, "excluded_lines": 0, "percent_statements_covered": 85.71428571428571, "percent_statements_covered_display": "86"}, "missing_lines": [45, 50, 54, 55, 66], "excluded_lines": [], "start_line": 39}, "profile_page": {"executed_lines": [], "summary": {"covered_lines": 0, "num_statements": 5, "percent_covered": 0.0, "percent_covered_display": "0", "missing_lines": 5, "excluded_lines": 0, "percent_statements_covered": 0.0, "percent_statements_covered_display": "0"}, "missing_lines": [113, 114, 115, 117, 118], "excluded_lines": [], "start_line": 112}, "profile_edit_page": {"executed_lines": [], "summary": {"covered_lines": 0, "num_statements": 5, "percent_covered": 0.0, "percent_covered_display": "0", "missing_lines": 5, "excluded_lines": 0, "percent_statements_covered": 0.0, "percent_statements_covered_display": "0"}, "missing_lines": [123, 124, 125, 127, 128], "excluded_lines": [], "start_line": 122}, "profile_edit_post": {"executed_lines": [], "summary": {"covered_lines": 0, "num_statements": 25, "percent_covered": 0.0, "percent_covered_display": "0", "missing_lines": 25, "excluded_lines": 0, "percent_statements_covered": 0.0, "percent_statements_covered_display": "0"}, "missing_lines": [143, 144, 145, 147, 148, 150, 151, 160, 161, 162, 164, 165, 166, 167, 168, 169, 170, 172, 173, 182, 183, 184, 185, 194, 195], "excluded_lines": [], "start_line": 142}, "logout_post": {"executed_lines": [200, 201, 202, 203, 204, 205], "summary": {"covered_lines": 6, "num_statements": 6, "percent_covered": 100.0, "percent_covered_display": "100", "missing_lines": 0, "excluded_lines": 0, "percent_statements_covered": 100.0, "percent_statements_covered_display": "100"}, "missing_lines": [], "excluded_lines": [], "start_line": 199}, "register_page": {"executed_lines": [210, 212], "summary": {"covered_lines": 2, "num_statements": 3, "percent_covered": 66.66666666666667, "percent_covered_display": "67", "missing_lines": 1, "excluded_lines": 0, "percent_statements_covered": 66.66666666666667, "percent_statements_covered_display": "67"}, "missing_lines": [211], "excluded_lines": [], "start_line": 209}, "register_post": {"executed_lines": [217, 218, 220, 227, 228, 229, 230, 236, 237, 248, 249, 256, 257, 258, 259, 260, 269], "summary": {"covered_lines": 17, "num_statements": 18, "percent_covered": 94.44444444444444, "percent_covered_display": "94", "missing_lines": 1, "excluded_lines": 0, "percent_statements_covered": 94.44444444444444, "percent_statements_covered_display": "94"}, "missing_lines": [221], "excluded_lines": [], "start_line": 216}, "change_password_page": {"executed_lines": [], "summary": {"covered_lines": 0, "num_statements": 3, "percent_covered": 0.0, "percent_covered_display": "0", "missing_lines": 3, "excluded_lines": 0, "percent_statements_covered": 0.0, "percent_statements_covered_display": "0"}, "missing_lines": [274, 275, 276], "excluded_lines": [], "start_line": 273}, "change_password_post": {"executed_lines": [], "summary": {"covered_lines": 0, "num_statements": 17, "percent_covered": 0.0, "percent_covered_display": "0", "missing_lines": 17, "excluded_lines": 0, "percent_statements_covered": 0.0, "percent_statements_covered_display": "0"}, "missing_lines": [281, 282, 284, 285, 287, 288, 294, 295, 296, 297, 303, 304, 305, 306, 312, 313, 314], "excluded_lines": [], "start_line": 280}, "": {"executed_lines": [1, 3, 4, 5, 6, 8, 9, 10, 11, 12, 13, 14, 15, 16, 17, 18, 19, 20, 22, 25, 26, 38, 39, 111, 112, 121, 122, 141, 142, 198, 199, 208, 209, 215, 216, 272, 273, 279, 280], "summary": {"covered_lines": 39, "num_statements": 39, "percent_covered": 100.0, "percent_covered_display": "100", "missing_lines": 0, "excluded_lines": 0, "percent_statements_covered": 100.0, "percent_statements_covered_display": "100"}, "missing_lines": [], "excluded_lines": [], "start_line": 1}}, "classes": {"": {"executed_lines": [1, 3, 4, 5, 6, 8, 9, 10, 11, 12, 13, 14, 15, 16, 17, 18, 19, 20, 22, 25, 26, 27, 29, 30, 32, 33, 35, 38, 39, 40, 41, 42, 44, 52, 53, 61, 63, 64, 65, 71, 72, 78, 79, 80, 81, 82, 83, 84, 85, 86, 87, 88, 91, 94, 96, 97, 98, 99, 108, 111, 112, 121, 122, 141, 142, 198, 199, 200, 201, 202, 203, 204, 205, 208, 209, 210, 212, 215, 216, 217, 218, 220, 227, 228, 229, 230, 236, 237, 248, 249, 256, 257, 258, 259, 260, 269, 272, 273, 279, 280], "summary": {"covered_lines": 100, "num_statements": 165, "percent_covered": 60.60606060606061, "percent_covered_display": "61", "missing_lines": 65, "excluded_lines": 0, "percent_statements_covered": 60.60606060606061, "percent_statements_covered_display": "61"}, "missing_lines": [28, 31, 34, 45, 50, 54, 55, 66, 113, 114, 115, 117, 118, 123, 124, 125, 127, 128, 143, 144, 145, 147, 148, 150, 151, 160, 161, 162, 164, 165, 166, 167, 168, 169, 170, 172, 173, 182, 183, 184, 185, 194, 195, 211, 221, 274, 275, 276, 281, 282, 284, 285, 287, 288, 294, 295, 296, 297, 303, 304, 305, 306, 312, 313, 314], "excluded_lines": [], "start_line": 1}}}, "app/routes/web/dashboard.py": {"executed_lines": [1, 2, 4, 5, 6, 7, 8, 9, 10, 11, 12, 14, 17, 18, 19, 20, 21, 23, 25, 26, 27, 30, 33, 34, 37, 40, 41, 42, 64, 66, 73, 81, 89, 90, 97, 105], "summary": {"covered_lines": 36, "num_statements": 40, "percent_covered": 90.0, "percent_covered_display": "90", "missing_lines": 4, "excluded_lines": 0, "percent_statements_covered": 90.0, "percent_statements_covered_display": "90"}, "missing_lines": [43, 44, 49, 54], "excluded_lines": [], "functions": {"dashboard": {"executed_lines": [19, 20, 21, 23, 25, 26, 27, 30, 33, 34, 37, 40, 41, 42, 64, 66, 73, 81, 89, 90, 97, 105], "summary": {"covered_lines": 22, "num_statements": 26, "percent_covered": 84.61538461538461, "percent_covered_display": "85", "missing_lines": 4, "excluded_lines": 0, "percent_statements_covered": 84.61538461538461, "percent_statements_covered_display": "85"}, "missing_lines": [43, 44, 49, 54], "excluded_lines": [], "start_line": 18}, "": {"executed_lines": [1, 2, 4, 5, 6, 7, 8, 9, 10, 11, 12, 14, 17, 18], "summary": {"covered_lines": 14, "num_statements": 14, "percent_covered": 100.0, "percent_covered_display": "100", "missing_lines": 0, "excluded_lines": 0, "percent_statements_covered": 100.0, "percent_statements_covered_display": "100"}, "missing_lines": [], "excluded_lines": [], "start_line": 1}}, "classes": {"": {"executed_lines": [1, 2, 4, 5, 6, 7, 8, 9, 10, 11, 12, 14, 17, 18, 19, 20, 21, 23, 25, 26, 27, 30, 33, 34, 37, 40, 41, 42, 64, 66, 73, 81, 89, 90, 97, 105], "summary": {"covered_lines": 36, "num_statements": 40, "percent_covered": 90.0, "percent_covered_display": "90", "missing_lines": 4, "excluded_lines": 0, "percent_statements_covered": 90.0, "percent_statements_covered_display": "90"}, "missing_lines": [43, 44, 49, 54], "excluded_lines": [], "start_line": 1}}}, "app/routes/web/maintenance.py": {"executed_lines": [1, 3, 4, 5, 6, 8, 9, 10, 14, 15, 16, 17, 18, 19, 21, 24, 25, 26, 27, 31, 32, 35, 36, 37, 38, 39, 41, 42, 44, 45, 46, 47, 48, 50, 53, 54, 55, 56, 59, 60, 64, 65, 66, 69, 70, 71, 72, 75, 76, 78, 79, 80, 82, 87, 88, 89, 90, 91, 93, 94, 100, 101, 113, 114, 115, 116, 118, 120, 121, 122, 124, 126, 129, 130, 153, 154, 155, 156, 158, 159, 161, 162, 166, 167, 168, 175, 178, 179, 180, 181, 183, 186, 187, 189, 193, 194, 195, 196, 198, 199, 209, 210, 228, 229, 232, 233, 234, 235, 237, 238, 240, 241, 245, 246, 251, 252], "summary": {"covered_lines": 116, "num_statements": 167, "percent_covered": 69.46107784431138, "percent_covered_display": "69", "missing_lines": 51, "excluded_lines": 0, "percent_statements_covered": 69.46107784431138, "percent_statements_covered_display": "69"}, "missing_lines": [29, 57, 73, 83, 84, 85, 95, 96, 97, 98, 123, 125, 131, 132, 133, 135, 136, 137, 138, 140, 141, 142, 157, 163, 164, 182, 184, 190, 191, 200, 201, 202, 203, 204, 205, 206, 207, 219, 220, 221, 222, 223, 224, 225, 226, 236, 242, 243, 247, 248, 249], "excluded_lines": [], "functions": {"_record_form_context": {"executed_lines": [25, 26, 27, 31, 32], "summary": {"covered_lines": 5, "num_statements": 6, "percent_covered": 83.33333333333333, "percent_covered_display": "83", "missing_lines": 1, "excluded_lines": 0, "percent_statements_covered": 83.33333333333333, "percent_statements_covered_display": "83"}, "missing_lines": [29], "excluded_lines": [], "start_line": 24}, "maintenance_list": {"executed_lines": [37, 38, 39, 41, 42, 44, 45, 46, 47, 48, 50], "summary": {"covered_lines": 11, "num_statements": 11, "percent_covered": 100.0, "percent_covered_display": "100", "missing_lines": 0, "excluded_lines": 0, "percent_statements_covered": 100.0, "percent_statements_covered_display": "100"}, "missing_lines": [], "excluded_lines": [], "start_line": 36}, "maintenance_create_page": {"executed_lines": [55, 56, 59, 60, 64, 65, 66], "summary": {"covered_lines": 7, "num_statements": 8, "percent_covered": 87.5, "percent_covered_display": "88", "missing_lines": 1, "excluded_lines": 0, "percent_statements_covered": 87.5, "percent_statements_covered_display": "88"}, "missing_lines": [57], "excluded_lines": [], "start_line": 54}, "maintenance_create_post": {"executed_lines": [71, 72, 75, 76, 78, 79, 80, 82, 87, 88, 89, 90, 91, 93, 94, 100, 101, 113, 114, 115, 116, 118, 120, 121, 122, 124, 126], "summary": {"covered_lines": 27, "num_statements": 37, "percent_covered": 72.97297297297297, "percent_covered_display": "73", "missing_lines": 10, "excluded_lines": 0, "percent_statements_covered": 72.97297297297297, "percent_statements_covered_display": "73"}, "missing_lines": [73, 83, 84, 85, 95, 96, 97, 98, 123, 125], "excluded_lines": [], "start_line": 70}, "maintenance_detail_page": {"executed_lines": [], "summary": {"covered_lines": 0, "num_statements": 10, "percent_covered": 0.0, "percent_covered_display": "0", "missing_lines": 10, "excluded_lines": 0, "percent_statements_covered": 0.0, "percent_statements_covered_display": "0"}, "missing_lines": [131, 132, 133, 135, 136, 137, 138, 140, 141, 142], "excluded_lines": [], "start_line": 130}, "maintenance_edit_page": {"executed_lines": [155, 156, 158, 159, 161, 162, 166, 167, 168, 175], "summary": {"covered_lines": 10, "num_statements": 13, "percent_covered": 76.92307692307692, "percent_covered_display": "77", "missing_lines": 3, "excluded_lines": 0, "percent_statements_covered": 76.92307692307692, "percent_statements_covered_display": "77"}, "missing_lines": [157, 163, 164], "excluded_lines": [], "start_line": 154}, "maintenance_edit_post": {"executed_lines": [180, 181, 183, 186, 187, 189, 193, 194, 195, 196, 198, 199, 209, 210, 228, 229], "summary": {"covered_lines": 16, "num_statements": 36, "percent_covered": 44.44444444444444, "percent_covered_display": "44", "missing_lines": 20, "excluded_lines": 0, "percent_statements_covered": 44.44444444444444, "percent_statements_covered_display": "44"}, "missing_lines": [182, 184, 190, 191, 200, 201, 202, 203, 204, 205, 206, 207, 219, 220, 221, 222, 223, 224, 225, 226], "excluded_lines": [], "start_line": 179}, "maintenance_delete_post": {"executed_lines": [234, 235, 237, 238, 240, 241, 245, 246, 251, 252], "summary": {"covered_lines": 10, "num_statements": 16, "percent_covered": 62.5, "percent_covered_display": "62", "missing_lines": 6, "excluded_lines": 0, "percent_statements_covered": 62.5, "percent_statements_covered_display": "62"}, "missing_lines": [236, 242, 243, 247, 248, 249], "excluded_lines": [], "start_line": 233}, "": {"executed_lines": [1, 3, 4, 5, 6, 8, 9, 10, 14, 15, 16, 17, 18, 19, 21, 24, 35, 36, 53, 54, 69, 70, 129, 130, 153, 154, 178, 179, 232, 233], "summary": {"covered_lines": 30, "num_statements": 30, "percent_covered": 100.0, "percent_covered_display": "100", "missing_lines": 0, "excluded_lines": 0, "percent_statements_covered": 100.0, "percent_statements_covered_display": "100"}, "missing_lines": [], "excluded_lines": [], "start_line": 1}}, "classes": {"": {"executed_lines": [1, 3, 4, 5, 6, 8, 9, 10, 14, 15, 16, 17, 18, 19, 21, 24, 25, 26, 27, 31, 32, 35, 36, 37, 38, 39, 41, 42, 44, 45, 46, 47, 48, 50, 53, 54, 55, 56, 59, 60, 64, 65, 66, 69, 70, 71, 72, 75, 76, 78, 79, 80, 82, 87, 88, 89, 90, 91, 93, 94, 100, 101, 113, 114, 115, 116, 118, 120, 121, 122, 124, 126, 129, 130, 153, 154, 155, 156, 158, 159, 161, 162, 166, 167, 168, 175, 178, 179, 180, 181, 183, 186, 187, 189, 193, 194, 195, 196, 198, 199, 209, 210, 228, 229, 232, 233, 234, 235, 237, 238, 240, 241, 245, 246, 251, 252], "summary": {"covered_lines": 116, "num_statements": 167, "percent_covered": 69.46107784431138, "percent_covered_display": "69", "missing_lines": 51, "excluded_lines": 0, "percent_statements_covered": 69.46107784431138, "percent_statements_covered_display": "69"}, "missing_lines": [29, 57, 73, 83, 84, 85, 95, 96, 97, 98, 123, 125, 131, 132, 133, 135, 136, 137, 138, 140, 141, 142, 157, 163, 164, 182, 184, 190, 191, 200, 201, 202, 203, 204, 205, 206, 207, 219, 220, 221, 222, 223, 224, 225, 226, 236, 242, 243, 247, 248, 249], "excluded_lines": [], "start_line": 1}}}, "app/routes/web/mileage.py": {"executed_lines": [1, 2, 3, 4, 6, 7, 8, 9, 10, 11, 12, 13, 14, 16, 19, 20, 23, 24, 27, 28, 29, 30, 31, 33, 34, 36, 37, 38, 39, 40, 42, 45, 46, 47, 48, 51, 52, 53, 54, 55, 67, 68, 69, 70, 73, 74, 76, 77, 78, 80, 93, 94, 95, 97, 98, 112, 113, 123, 124, 125, 136, 137, 139, 141, 144, 145, 168, 169, 170, 171, 173, 174, 176, 177, 181, 186, 189, 190, 191, 192, 194, 197, 198, 200, 204, 205, 207, 208, 224, 225, 247, 248, 251, 252, 253, 254, 256, 257, 259, 260, 264, 265, 270, 271], "summary": {"covered_lines": 104, "num_statements": 149, "percent_covered": 69.79865771812081, "percent_covered_display": "70", "missing_lines": 45, "excluded_lines": 0, "percent_statements_covered": 69.79865771812081, "percent_statements_covered_display": "70"}, "missing_lines": [21, 49, 71, 81, 82, 99, 100, 101, 138, 140, 146, 147, 148, 150, 151, 152, 153, 155, 156, 157, 172, 178, 179, 193, 195, 201, 202, 209, 210, 211, 212, 213, 214, 232, 233, 234, 235, 236, 237, 255, 261, 262, 266, 267, 268], "excluded_lines": [], "functions": {"_form_vehicles": {"executed_lines": [20, 23, 24], "summary": {"covered_lines": 3, "num_statements": 4, "percent_covered": 75.0, "percent_covered_display": "75", "missing_lines": 1, "excluded_lines": 0, "percent_statements_covered": 75.0, "percent_statements_covered_display": "75"}, "missing_lines": [21], "excluded_lines": [], "start_line": 19}, "mileage_list": {"executed_lines": [29, 30, 31, 33, 34, 36, 37, 38, 39, 40, 42], "summary": {"covered_lines": 11, "num_statements": 11, "percent_covered": 100.0, "percent_covered_display": "100", "missing_lines": 0, "excluded_lines": 0, "percent_statements_covered": 100.0, "percent_statements_covered_display": "100"}, "missing_lines": [], "excluded_lines": [], "start_line": 28}, "mileage_create_page": {"executed_lines": [47, 48, 51, 52, 53, 54, 55], "summary": {"covered_lines": 7, "num_statements": 8, "percent_covered": 87.5, "percent_covered_display": "88", "missing_lines": 1, "excluded_lines": 0, "percent_statements_covered": 87.5, "percent_statements_covered_display": "88"}, "missing_lines": [49], "excluded_lines": [], "start_line": 46}, "mileage_create_post": {"executed_lines": [69, 70, 73, 74, 76, 77, 78, 80, 93, 94, 95, 97, 98, 112, 113, 123, 124, 125, 136, 137, 139, 141], "summary": {"covered_lines": 22, "num_statements": 30, "percent_covered": 73.33333333333333, "percent_covered_display": "73", "missing_lines": 8, "excluded_lines": 0, "percent_statements_covered": 73.33333333333333, "percent_statements_covered_display": "73"}, "missing_lines": [71, 81, 82, 99, 100, 101, 138, 140], "excluded_lines": [], "start_line": 68}, "mileage_detail_page": {"executed_lines": [], "summary": {"covered_lines": 0, "num_statements": 10, "percent_covered": 0.0, "percent_covered_display": "0", "missing_lines": 10, "excluded_lines": 0, "percent_statements_covered": 0.0, "percent_statements_covered_display": "0"}, "missing_lines": [146, 147, 148, 150, 151, 152, 153, 155, 156, 157], "excluded_lines": [], "start_line": 145}, "mileage_edit_page": {"executed_lines": [170, 171, 173, 174, 176, 177, 181, 186], "summary": {"covered_lines": 8, "num_statements": 11, "percent_covered": 72.72727272727273, "percent_covered_display": "73", "missing_lines": 3, "excluded_lines": 0, "percent_statements_covered": 72.72727272727273, "percent_statements_covered_display": "73"}, "missing_lines": [172, 178, 179], "excluded_lines": [], "start_line": 169}, "mileage_edit_post": {"executed_lines": [191, 192, 194, 197, 198, 200, 204, 205, 207, 208, 224, 225, 247, 248], "summary": {"covered_lines": 14, "num_statements": 30, "percent_covered": 46.666666666666664, "percent_covered_display": "47", "missing_lines": 16, "excluded_lines": 0, "percent_statements_covered": 46.666666666666664, "percent_statements_covered_display": "47"}, "missing_lines": [193, 195, 201, 202, 209, 210, 211, 212, 213, 214, 232, 233, 234, 235, 236, 237], "excluded_lines": [], "start_line": 190}, "mileage_delete_post": {"executed_lines": [253, 254, 256, 257, 259, 260, 264, 265, 270, 271], "summary": {"covered_lines": 10, "num_statements": 16, "percent_covered": 62.5, "percent_covered_display": "62", "missing_lines": 6, "excluded_lines": 0, "percent_statements_covered": 62.5, "percent_statements_covered_display": "62"}, "missing_lines": [255, 261, 262, 266, 267, 268], "excluded_lines": [], "start_line": 252}, "": {"executed_lines": [1, 2, 3, 4, 6, 7, 8, 9, 10, 11, 12, 13, 14, 16, 19, 27, 28, 45, 46, 67, 68, 144, 145, 168, 169, 189, 190, 251, 252], "summary": {"covered_lines": 29, "num_statements": 29, "percent_covered": 100.0, "percent_covered_display": "100", "missing_lines": 0, "excluded_lines": 0, "percent_statements_covered": 100.0, "percent_statements_covered_display": "100"}, "missing_lines": [], "excluded_lines": [], "start_line": 1}}, "classes": {"": {"executed_lines": [1, 2, 3, 4, 6, 7, 8, 9, 10, 11, 12, 13, 14, 16, 19, 20, 23, 24, 27, 28, 29, 30, 31, 33, 34, 36, 37, 38, 39, 40, 42, 45, 46, 47, 48, 51, 52, 53, 54, 55, 67, 68, 69, 70, 73, 74, 76, 77, 78, 80, 93, 94, 95, 97, 98, 112, 113, 123, 124, 125, 136, 137, 139, 141, 144, 145, 168, 169, 170, 171, 173, 174, 176, 177, 181, 186, 189, 190, 191, 192, 194, 197, 198, 200, 204, 205, 207, 208, 224, 225, 247, 248, 251, 252, 253, 254, 256, 257, 259, 260, 264, 265, 270, 271], "sum
[...]
[112, 114, 115, 116, 117, 118, 119, 120, 121], "summary": {"covered_lines": 9, "num_statements": 10, "percent_covered": 90.0, "percent_covered_display": "90", "missing_lines": 1, "excluded_lines": 0, "percent_statements_covered": 90.0, "percent_statements_covered_display": "90"}, "missing_lines": [113], "excluded_lines": [], "start_line": 111}, "record_failed_login": {"executed_lines": [128, 129, 130, 131], "summary": {"covered_lines": 4, "num_statements": 4, "percent_covered": 100.0, "percent_covered_display": "100", "missing_lines": 0, "excluded_lines": 0, "percent_statements_covered": 100.0, "percent_statements_covered_display": "100"}, "missing_lines": [], "excluded_lines": [], "start_line": 127}, "is_locked_out": {"executed_lines": [135, 136, 137, 138, 139], "summary": {"covered_lines": 5, "num_statements": 5, "percent_covered": 100.0, "percent_covered_display": "100", "missing_lines": 0, "excluded_lines": 0, "percent_statements_covered": 100.0, "percent_statements_covered_display": "100"}, "missing_lines": [], "excluded_lines": [], "start_line": 134}, "get_lockout_remaining": {"executed_lines": [], "summary": {"covered_lines": 0, "num_statements": 3, "percent_covered": 0.0, "percent_covered_display": "0", "missing_lines": 3, "excluded_lines": 0, "percent_statements_covered": 0.0, "percent_statements_covered_display": "0"}, "missing_lines": [143, 144, 145], "excluded_lines": [], "start_line": 142}, "clear_login_attempts": {"executed_lines": [149], "summary": {"covered_lines": 1, "num_statements": 1, "percent_covered": 100.0, "percent_covered_display": "100", "missing_lines": 0, "excluded_lines": 0, "percent_statements_covered": 100.0, "percent_statements_covered_display": "100"}, "missing_lines": [], "excluded_lines": [], "start_line": 148}, "": {"executed_lines": [1, 2, 3, 4, 6, 8, 10, 11, 13, 14, 15, 16, 19, 28, 34, 57, 66, 81, 92, 102, 111, 127, 134, 142, 148], "summary": {"covered_lines": 25, "num_statements": 25, "percent_covered": 100.0, "percent_covered_display": "100", "missing_lines": 0, "excluded_lines": 0, "percent_statements_covered": 100.0, "percent_statements_covered_display": "100"}, "missing_lines": [], "excluded_lines": [], "start_line": 1}}, "classes": {"": {"executed_lines": [1, 2, 3, 4, 6, 8, 10, 11, 13, 14, 15, 16, 19, 21, 22, 25, 28, 30, 31, 34, 35, 36, 37, 44, 49, 54, 57, 58, 60, 61, 62, 63, 66, 68, 70, 74, 75, 81, 82, 84, 85, 86, 87, 88, 89, 92, 93, 94, 95, 96, 102, 103, 105, 106, 107, 108, 111, 112, 114, 115, 116, 117, 118, 119, 120, 121, 127, 128, 129, 130, 131, 134, 135, 136, 137, 138, 139, 142, 148, 149], "summary": {"covered_lines": 80, "num_statements": 89, "percent_covered": 89.88764044943821, "percent_covered_display": "90", "missing_lines": 9, "excluded_lines": 0, "percent_statements_covered": 89.88764044943821, "percent_statements_covered_display": "90"}, "missing_lines": [24, 59, 69, 83, 104, 113, 143, 144, 145], "excluded_lines": [], "start_line": 1}}}, "app/services/user.py": {"executed_lines": [1, 3, 8, 9, 12, 13, 14, 15, 16, 19, 20, 23, 24, 25, 26, 27, 30, 42, 43, 45, 46, 48, 49, 51, 52, 53, 55, 65, 66, 67, 68, 71, 81, 83, 84, 85, 87, 88, 89, 90, 92, 93, 94, 95, 96, 97, 98, 99, 100, 103], "summary": {"covered_lines": 50, "num_statements": 60, "percent_covered": 83.33333333333333, "percent_covered_display": "83", "missing_lines": 10, "excluded_lines": 0, "percent_statements_covered": 83.33333333333333, "percent_statements_covered_display": "83"}, "missing_lines": [110, 112, 113, 114, 116, 117, 118, 119, 120, 121], "excluded_lines": [], "functions": {"get_user_by_id": {"executed_lines": [13, 14, 15, 16], "summary": {"covered_lines": 4, "num_statements": 4, "percent_covered": 100.0, "percent_covered_display": "100", "missing_lines": 0, "excluded_lines": 0, "percent_statements_covered": 100.0, "percent_statements_covered_display": "100"}, "missing_lines": [], "excluded_lines": [], "start_line": 12}, "get_all_users": {"executed_lines": [20], "summary": {"covered_lines": 1, "num_statements": 1, "percent_covered": 100.0, "percent_covered_display": "100", "missing_lines": 0, "excluded_lines": 0, "percent_statements_covered": 100.0, "percent_statements_covered_display": "100"}, "missing_lines": [], "excluded_lines": [], "start_line": 19}, "get_standard_users": {"executed_lines": [24, 25, 26, 27], "summary": {"covered_lines": 4, "num_statements": 4, "percent_covered": 100.0, "percent_covered_display": "100", "missing_lines": 0, "excluded_lines": 0, "percent_statements_covered": 100.0, "percent_statements_covered_display": "100"}, "missing_lines": [], "excluded_lines": [], "start_line": 23}, "create_user": {"executed_lines": [42, 43, 45, 46, 48, 49, 51, 52, 53, 55, 65, 66, 67, 68], "summary": {"covered_lines": 14, "num_statements": 14, "percent_covered": 100.0, "percent_covered_display": "100", "missing_lines": 0, "excluded_lines": 0, "percent_statements_covered": 100.0, "percent_statements_covered_display": "100"}, "missing_lines": [], "excluded_lines": [], "start_line": 30}, "update_user": {"executed_lines": [81, 83, 84, 85, 87, 88, 89, 90, 92, 93, 94, 95, 96, 97, 98, 99, 100], "summary": {"covered_lines": 17, "num_statements": 17, "percent_covered": 100.0, "percent_covered_display": "100", "missing_lines": 0, "excluded_lines": 0, "percent_statements_covered": 100.0, "percent_statements_covered_display": "100"}, "missing_lines": [], "excluded_lines": [], "start_line": 71}, "update_profile": {"executed_lines": [], "summary": {"covered_lines": 0, "num_statements": 10, "percent_covered": 0.0, "percent_covered_display": "0", "missing_lines": 10, "excluded_lines": 0, "percent_statements_covered": 0.0, "percent_statements_covered_display": "0"}, "missing_lines": [110, 112, 113, 114, 116, 117, 118, 119, 120, 121], "excluded_lines": [], "start_line": 103}, "": {"executed_lines": [1, 3, 8, 9, 12, 19, 23, 30, 71, 103], "summary": {"covered_lines": 10, "num_statements": 10, "percent_covered": 100.0, "percent_covered_display": "100", "missing_lines": 0, "excluded_lines": 0, "percent_statements_covered": 100.0, "percent_statements_covered_display": "100"}, "missing_lines": [], "excluded_lines": [], "start_line": 1}}, "classes": {"": {"executed_lines": [1, 3, 8, 9, 12, 13, 14, 15, 16, 19, 20, 23, 24, 25, 26, 27, 30, 42, 43, 45, 46, 48, 49, 51, 52, 53, 55, 65, 66, 67, 68, 71, 81, 83, 84, 85, 87, 88, 89, 90, 92, 93, 94, 95, 96, 97, 98, 99, 100, 103], "summary": {"covered_lines": 50, "num_statements": 60, "percent_covered": 83.33333333333333, "percent_covered_display": "83", "missing_lines": 10, "excluded_lines": 0, "percent_statements_covered": 83.33333333333333, "percent_statements_covered_display": "83"}, "missing_lines": [110, 112, 113, 114, 116, 117, 118, 119, 120, 121], "excluded_lines": [], "start_line": 1}}}, "app/services/vehicle.py": {"executed_lines": [1, 3, 9, 10, 11, 14, 15, 16, 17, 18, 21, 22, 25, 26, 37, 38, 39, 40, 41, 44, 56, 57, 58, 60, 65, 67, 68, 70, 71, 72, 73, 74, 75, 76, 77, 79, 90, 91, 92, 93, 96, 108, 110, 111, 113, 114, 117, 124, 125, 127, 132, 133, 135, 136, 137, 139, 140, 144, 145, 146, 147, 148, 149, 150, 151, 152, 153, 154, 157, 158, 159, 160, 163, 174], "summary": {"covered_lines": 74, "num_statements": 94, "percent_covered": 78.72340425531915, "percent_covered_display": "79", "missing_lines": 20, "excluded_lines": 0, "percent_statements_covered": 78.72340425531915, "percent_statements_covered_display": "79"}, "missing_lines": [115, 138, 141, 142, 164, 165, 166, 167, 168, 169, 170, 171, 175, 176, 177, 178, 179, 180, 181, 182], "excluded_lines": [], "functions": {"get_vehicle_by_id": {"executed_lines": [15, 16, 17, 18], "summary": {"covered_lines": 4, "num_statements": 4, "percent_covered": 100.0, "percent_covered_display": "100", "missing_lines": 0, "excluded_lines": 0, "percent_statements_covered": 100.0, "percent_statements_covered_display": "100"}, "missing_lines": [], "excluded_lines": [], "start_line": 14}, "get_all_vehicles": {"executed_lines": [22], "summary": {"covered_lines": 1, "num_statements": 1, "percent_covered": 100.0, "percent_covered_display": "100", "missing_lines": 0, "excluded_lines": 0, "percent_statements_covered": 100.0, "percent_statements_covered_display": "100"}, "missing_lines": [], "excluded_lines": [], "start_line": 21}, "get_vehicles_for_user": {"executed_lines": [26], "summary": {"covered_lines": 1, "num_statements": 1, "percent_covered": 100.0, "percent_covered_display": "100", "missing_lines": 0, "excluded_lines": 0, "percent_statements_covered": 100.0, "percent_statements_covered_display": "100"}, "missing_lines": [], "excluded_lines": [], "start_line": 25}, "check_vehicle_access": {"executed_lines": [38, 39, 40, 41], "summary": {"covered_lines": 4, "num_statements": 4, "percent_covered": 100.0, "percent_covered_display": "100", "missing_lines": 0, "excluded_lines": 0, "percent_statements_covered": 100.0, "percent_statements_covered_display": "100"}, "missing_lines": [], "excluded_lines": [], "start_line": 37}, "create_vehicle": {"executed_lines": [56, 57, 58, 60, 65, 67, 68, 70, 71, 72, 73, 74, 75, 76, 77, 79, 90, 91, 92, 93], "summary": {"covered_lines": 20, "num_statements": 20, "percent_covered": 100.0, "percent_covered_display": "100", "missing_lines": 0, "excluded_lines": 0, "percent_statements_covered": 100.0, "percent_statements_covered_display": "100"}, "missing_lines": [], "excluded_lines": [], "start_line": 44}, "update_vehicle": {"executed_lines": [108, 110, 111, 113, 114, 117, 124, 125, 127, 132, 133, 135, 136, 137, 139, 140, 144, 145, 146, 147, 148, 149, 150, 151, 152, 153, 154], "summary": {"covered_lines": 27, "num_statements": 31, "percent_covered": 87.09677419354838, "percent_covered_display": "87", "missing_lines": 4, "excluded_lines": 0, "percent_statements_covered": 87.09677419354838, "percent_statements_covered_display": "87"}, "missing_lines": [115, 138, 141, 142], "excluded_lines": [], "start_line": 96}, "soft_delete_vehicle": {"executed_lines": [158, 159, 160], "summary": {"covered_lines": 3, "num_statements": 3, "percent_covered": 100.0, "percent_covered_display": "100", "missing_lines": 0, "excluded_lines": 0, "percent_statements_covered": 100.0, "percent_statements_covered_display": "100"}, "missing_lines": [], "excluded_lines": [], "start_line": 157}, "retire_vehicle": {"executed_lines": [], "summary": {"covered_lines": 0, "num_statements": 8, "percent_covered": 0.0, "percent_covered_display": "0", "missing_lines": 8, "excluded_lines": 0, "percent_statements_covered": 0.0, "percent_statements_covered_display": "0"}, "missing_lines": [164, 165, 166, 167, 168, 169, 170, 171], "excluded_lines": [], "start_line": 163}, "unretire_vehicle": {"executed_lines": [], "summary": {"covered_lines": 0, "num_statements": 8, "percent_covered": 0.0, "percent_covered_display": "0", "missing_lines": 8, "excluded_lines": 0, "percent_statements_covered": 0.0, "percent_statements_covered_display": "0"}, "missing_lines": [175, 176, 177, 178, 179, 180, 181, 182], "excluded_lines": [], "start_line": 174}, "": {"executed_lines": [1, 3, 9, 10, 11, 14, 21, 25, 37, 44, 96, 157, 163, 174], "summary": {"covered_lines": 14, "num_statements": 14, "percent_covered": 100.0, "percent_covered_display": "100", "missing_lines": 0, "excluded_lines": 0, "percent_statements_covered": 100.0, "percent_statements_covered_display": "100"}, "missing_lines": [], "excluded_lines": [], "start_line": 1}}, "classes": {"": {"executed_lines": [1, 3, 9, 10, 11, 14, 15, 16, 17, 18, 21, 22, 25, 26, 37, 38, 39, 40, 41, 44, 56, 57, 58, 60, 65, 67, 68, 70, 71, 72, 73, 74, 75, 76, 77, 79, 90, 91, 92, 93, 96, 108, 110, 111, 113, 114, 117, 124, 125, 127, 132, 133, 135, 136, 137, 139, 140, 144, 145, 146, 147, 148, 149, 150, 151, 152, 153, 154, 157, 158, 159, 160, 163, 174], "summary": {"covered_lines": 74, "num_statements": 94, "percent_covered": 78.72340425531915, "percent_covered_display": "79", "missing_lines": 20, "excluded_lines": 0, "percent_statements_covered": 78.72340425531915, "percent_statements_covered_display": "79"}, "missing_lines": [115, 138, 141, 142, 164, 165, 166, 167, 168, 169, 170, 171, 175, 176, 177, 178, 179, 180, 181, 182], "excluded_lines": [], "start_line": 1}}}, "app/utils/__init__.py": {"executed_lines": [], "summary": {"covered_lines": 0, "num_statements": 0, "percent_covered": 100.0, "percent_covered_display": "100", "missing_lines": 0, "excluded_lines": 0, "percent_statements_covered": 100.0, "percent_statements_covered_display": "100"}, "missing_lines": [], "excluded_lines": [], "functions": {"": {"executed_lines": [], "summary": {"covered_lines": 0, "num_statements": 0, "percent_covered": 100.0, "percent_covered_display": "100", "missing_lines": 0, "excluded_lines": 0, "percent_statements_covered": 100.0, "percent_statements_covered_display": "100"}, "missing_lines": [], "excluded_lines": [], "start_line": 1}}, "classes": {"": {"executed_lines": [], "summary": {"covered_lines": 0, "num_statements": 0, "percent_covered": 100.0, "percent_covered_display": "100", "missing_lines": 0, "excluded_lines": 0, "percent_statements_covered": 100.0, "percent_statements_covered_display": "100"}, "missing_lines": [], "excluded_lines": [], "start_line": 1}}}, "app/utils/flash.py": {"executed_lines": [1, 4, 5], "summary": {"covered_lines": 3, "num_statements": 3, "percent_covered": 100.0, "percent_covered_display": "100", "missing_lines": 0, "excluded_lines": 0, "percent_statements_covered": 100.0, "percent_statements_covered_display": "100"}, "missing_lines": [], "excluded_lines": [], "functions": {"flash": {"executed_lines": [5], "summary": {"covered_lines": 1, "num_statements": 1, "percent_covered": 100.0, "percent_covered_display": "100", "missing_lines": 0, "excluded_lines": 0, "percent_statements_covered": 100.0, "percent_statements_covered_display": "100"}, "missing_lines": [], "excluded_lines": [], "start_line": 4}, "": {"executed_lines": [1, 4], "summary": {"covered_lines": 2, "num_statements": 2, "percent_covered": 100.0, "percent_covered_display": "100", "missing_lines": 0, "excluded_lines": 0, "percent_statements_covered": 100.0, "percent_statements_covered_display": "100"}, "missing_lines": [], "excluded_lines": [], "start_line": 1}}, "classes": {"": {"executed_lines": [1, 4, 5], "summary": {"covered_lines": 3, "num_statements": 3, "percent_covered": 100.0, "percent_covered_display": "100", "missing_lines": 0, "excluded_lines": 0, "percent_statements_covered": 100.0, "percent_statements_covered_display": "100"}, "missing_lines": [], "excluded_lines": [], "start_line": 1}}}, "app/utils/forms.py": {"executed_lines": [3, 4, 6, 9, 27, 29, 30, 31, 32, 35, 36, 40, 42, 43, 44, 45, 47, 48, 51, 53, 55, 56, 61, 63, 64, 71, 73, 74, 75, 76, 81, 83, 85, 86], "summary": {"covered_lines": 34, "num_statements": 47, "percent_covered": 72.34042553191489, "percent_covered_display": "72", "missing_lines": 13, "excluded_lines": 0, "percent_statements_covered": 72.34042553191489, "percent_statements_covered_display": "72"}, "missing_lines": [37, 54, 57, 58, 65, 66, 67, 68, 77, 78, 84, 87, 88], "excluded_lines": [], "functions": {"parse_errors": {"executed_lines": [29, 30, 31, 32, 35, 36, 40, 42, 43, 44, 45, 47, 48], "summary": {"covered_lines": 13, "num_statements": 14, "percent_covered": 92.85714285714286, "percent_covered_display": "93", "missing_lines": 1, "excluded_lines": 0, "percent_statements_covered": 92.85714285714286, "percent_statements_covered_display": "93"}, "missing_lines": [37], "excluded_lines": [], "start_line": 27}, "safe_int": {"executed_lines": [53, 55, 56], "summary": {"covered_lines": 3, "num_statements": 6, "percent_covered": 50.0, "percent_covered_display": "50", "missing_lines": 3, "excluded_lines": 0, "percent_statements_covered": 50.0, "percent_statements_covered_display": "50"}, "missing_lines": [54, 57, 58], "excluded_lines": [], "start_line": 51}, "safe_int_or_none": {"executed_lines": [63, 64], "summary": {"covered_lines": 2, "num_statements": 6, "percent_covered": 33.333333333333336, "percent_covered_display": "33", "missing_lines": 4, "excluded_lines": 0, "percent_statements_covered": 33.333333333333336, "percent_statements_covered_display": "33"}, "missing_lines": [65, 66, 67, 68], "excluded_lines": [], "start_line": 61}, "safe_decimal": {"executed_lines": [73, 74, 75, 76], "summary": {"covered_lines": 4, "num_statements": 6, "percent_covered": 66.66666666666667, "percent_covered_display": "67", "missing_lines": 2, "excluded_lines": 0, "percent_statements_covered": 66.66666666666667, "percent_statements_covered_display": "67"}, "missing_lines": [77, 78], "excluded_lines": [], "start_line": 71}, "safe_date": {"executed_lines": [83, 85, 86], "summary": {"covered_lines": 3, "num_statements": 6, "percent_covered": 50.0, "percent_covered_display": "50", "missing_lines": 3, "excluded_lines": 0, "percent_statements_covered": 50.0, "percent_statements_covered_display": "50"}, "missing_lines": [84, 87, 88], "excluded_lines": [], "start_line": 81}, "": {"executed_lines": [3, 4, 6, 9, 27, 51, 61, 71, 81], "summary": {"covered_lines": 9, "num_statements": 9, "percent_covered": 100.0, "percent_covered_display": "100", "missing_lines": 0, "excluded_lines": 0, "percent_statements_covered": 100.0, "percent_statements_covered_display": "100"}, "missing_lines": [], "excluded_lines": [], "start_line": 1}}, "classes": {"": {"executed_lines": [3, 4, 6, 9, 27, 29, 30, 31, 32, 35, 36, 40, 42, 43, 44, 45, 47, 48, 51, 53, 55, 56, 61, 63, 64, 71, 73, 74, 75, 76, 81, 83, 85, 86], "summary": {"covered_lines": 34, "num_statements": 47, "percent_covered": 72.34042553191489, "percent_covered_display": "72", "missing_lines": 13, "excluded_lines": 0, "percent_statements_covered": 72.34042553191489, "percent_statements_covered_display": "72"}, "missing_lines": [37, 54, 57, 58, 65, 66, 67, 68, 77, 78, 84, 87, 88], "excluded_lines": [], "start_line": 1}}}, "app/utils/template.py": {"executed_lines": [1, 3, 4, 5, 7, 8, 10, 13, 16, 18, 19, 20, 24, 30, 31, 33, 40, 41, 43], "summary": {"covered_lines": 19, "num_statements": 20, "percent_covered": 95.0, "percent_covered_display": "95", "missing_lines": 1, "excluded_lines": 0, "percent_statements_covered": 95.0, "percent_statements_covered_display": "95"}, "missing_lines": [21], "excluded_lines": [], "functions": {"login_redirect": {"executed_lines": [18, 19, 20], "summary": {"covered_lines": 3, "num_statements": 4, "percent_covered": 75.0, "percent_covered_display": "75", "missing_lines": 1, "excluded_lines": 0, "percent_statements_covered": 75.0, "percent_statements_covered_display": "75"}, "missing_lines": [21], "excluded_lines": [], "start_line": 16}, "render": {"executed_lines": [30, 31, 33, 40, 41, 43], "summary": {"covered_lines": 6, "num_statements": 6, "percent_covered": 100.0, "percent_covered_display": "100", "missing_lines": 0, "excluded_lines": 0, "percent_statements_covered": 100.0, "percent_statements_covered_display": "100"}, "missing_lines": [], "excluded_lines": [], "start_line": 24}, "": {"executed_lines": [1, 3, 4, 5, 7, 8, 10, 13, 16, 24], "summary": {"covered_lines": 10, "num_statements": 10, "percent_covered": 100.0, "percent_covered_display": "100", "missing_lines": 0, "excluded_lines": 0, "percent_statements_covered": 100.0, "percent_statements_covered_display": "100"}, "missing_lines": [], "excluded_lines": [], "start_line": 1}}, "classes": {"": {"executed_lines": [1, 3, 4, 5, 7, 8, 10, 13, 16, 18, 19, 20, 24, 30, 31, 33, 40, 41, 43], "summary": {"covered_lines": 19, "num_statements": 20, "percent_covered": 95.0, "percent_covered_display": "95", "missing_lines": 1, "excluded_lines": 0, "percent_statements_covered": 95.0, "percent_statements_covered_display": "95"}, "missing_lines": [21], "excluded_lines": [], "start_line": 1}}}}, "totals": {"covered_lines": 2269, "num_statements": 2971, "percent_covered": 76.37159205654662, "percent_covered_display": "76", "missing_lines": 702, "excluded_lines": 0, "percent_statements_covered": 76.37159205654662, "percent_statements_covered_display": "76"}}