{"meta": {"format": 3, "version": "7.14.0", "timestamp": "2026-05-12T10:42:40.043896", "branch_coverage": false, "show_contexts": false}, "files": {"app/__init__.py": {"executed_lines": [], "summary": {"covered_lines": 0, "num_statements": 0, "percent_covered": 100.0, "percent_covered_display": "100", "missing_lines": 0, "excluded_lines": 0, "percent_statements_covered": 100.0, "percent_statements_covered_display": "100"}, "missing_lines": [], "excluded_lines": [], "functions": {"": {"executed_lines": [], "summary": {"covered_lines": 0, "num_statements": 0, "percent_covered": 100.0, "percent_covered_display": "100", "missing_lines": 0, "excluded_lines": 0, "percent_statements_covered": 100.0, "percent_statements_covered_display": "100"}, "missing_lines": [], "excluded_lines": [], "start_line": 1}}, "classes": {"": {"executed_lines": [], "summary": {"covered_lines": 0, "num_statements": 0, "percent_covered": 100.0, "percent_covered_display": "100", "missing_lines": 0, "excluded_lines": 0, "percent_statements_covered": 100.0, "percent_statements_covered_display": "100"}, "missing_lines": [], "excluded_lines": [], "start_line": 1}}}, "app/config.py": {"executed_lines": [1, 4, 5, 6, 7, 8, 9, 10, 11, 12, 14, 17], "summary": {"covered_lines": 12, "num_statements": 12, "percent_covered": 100.0, "percent_covered_display": "100", "missing_lines": 0, "excluded_lines": 0, "percent_statements_covered": 100.0, "percent_statements_covered_display": "100"}, "missing_lines": [], "excluded_lines": [], "functions": {"": {"executed_lines": [1, 4, 5, 6, 7, 8, 9, 10, 11, 12, 14, 17], "summary": {"covered_lines": 12, "num_statements": 12, "percent_covered": 100.0, "percent_covered_display": "100", "missing_lines": 0, "excluded_lines": 0, "percent_statements_covered": 100.0, "percent_statements_covered_display": "100"}, "missing_lines": [], "excluded_lines": [], "start_line": 1}}, "classes": {"Settings": {"executed_lines": [], "summary": {"covered_lines": 0, "num_statements": 0, "percent_covered": 100.0, "percent_covered_display": "100", "missing_lines": 0, "excluded_lines": 0, "percent_statements_covered": 100.0, "percent_statements_covered_display": "100"}, "missing_lines": [], "excluded_lines": [], "start_line": 4}, "": {"executed_lines": [1, 4, 5, 6, 7, 8, 9, 10, 11, 12, 14, 17], "summary": {"covered_lines": 12, "num_statements": 12, "percent_covered": 100.0, "percent_covered_display": "100", "missing_lines": 0, "excluded_lines": 0, "percent_statements_covered": 100.0, "percent_statements_covered_display": "100"}, "missing_lines": [], "excluded_lines": [], "start_line": 1}}}, "app/db/__init__.py": {"executed_lines": [], "summary": {"covered_lines": 0, "num_statements": 0, "percent_covered": 100.0, "percent_covered_display": "100", "missing_lines": 0, "excluded_lines": 0, "percent_statements_covered": 100.0, "percent_statements_covered_display": "100"}, "missing_lines": [], "excluded_lines": [], "functions": {"": {"executed_lines": [], "summary": {"covered_lines": 0, "num_statements": 0, "percent_covered": 100.0, "percent_covered_display": "100", "missing_lines": 0, "excluded_lines": 0, "percent_statements_covered": 100.0, "percent_statements_covered_display": "100"}, "missing_lines": [], "excluded_lines": [], "start_line": 1}}, "classes": {"": {"executed_lines": [], "summary": {"covered_lines": 0, "num_statements": 0, "percent_covered": 100.0, "percent_covered_display": "100", "missing_lines": 0, "excluded_lines": 0, "percent_statements_covered": 100.0, "percent_statements_covered_display": "100"}, "missing_lines": [], "excluded_lines": [], "start_line": 1}}}, "app/db/base.py": {"executed_lines": [1, 3, 4, 7, 8, 11, 12, 13, 21, 22], "summary": {"covered_lines": 10, "num_statements": 10, "percent_covered": 100.0, "percent_covered_display": "100", "missing_lines": 0, "excluded_lines": 0, "percent_statements_covered": 100.0, "percent_statements_covered_display": "100"}, "missing_lines": [], "excluded_lines": [], "functions": {"": {"executed_lines": [1, 3, 4, 7, 8, 11, 12, 13, 21, 22], "summary": {"covered_lines": 10, "num_statements": 10, "percent_covered": 100.0, "percent_covered_display": "100", "missing_lines": 0, "excluded_lines": 0, "percent_statements_covered": 100.0, "percent_statements_covered_display": "100"}, "missing_lines": [], "excluded_lines": [], "start_line": 1}}, "classes": {"Base": {"executed_lines": [], "summary": {"covered_lines": 0, "num_statements": 0, "percent_covered": 100.0, "percent_covered_display": "100", "missing_lines": 0, "excluded_lines": 0, "percent_statements_covered": 100.0, "percent_statements_covered_display": "100"}, "missing_lines": [], "excluded_lines": [], "start_line": 7}, "TimestampMixin": {"executed_lines": [], "summary": {"covered_lines": 0, "num_statements": 0, "percent_covered": 100.0, "percent_covered_display": "100", "missing_lines": 0, "excluded_lines": 0, "percent_statements_covered": 100.0, "percent_statements_covered_display": "100"}, "missing_lines": [], "excluded_lines": [], "start_line": 11}, "SoftDeleteMixin": {"executed_lines": [], "summary": {"covered_lines": 0, "num_statements": 0, "percent_covered": 100.0, "percent_covered_display": "100", "missing_lines": 0, "excluded_lines": 0, "percent_statements_covered": 100.0, "percent_statements_covered_display": "100"}, "missing_lines": [], "excluded_lines": [], "start_line": 21}, "": {"executed_lines": [1, 3, 4, 7, 8, 11, 12, 13, 21, 22], "summary": {"covered_lines": 10, "num_statements": 10, "percent_covered": 100.0, "percent_covered_display": "100", "missing_lines": 0, "excluded_lines": 0, "percent_statements_covered": 100.0, "percent_statements_covered_display": "100"}, "missing_lines": [], "excluded_lines": [], "start_line": 1}}}, "app/db/session.py": {"executed_lines": [1, 3, 4, 6, 8, 9, 12], "summary": {"covered_lines": 7, "num_statements": 11, "percent_covered": 63.63636363636363, "percent_covered_display": "64", "missing_lines": 4, "excluded_lines": 0, "percent_statements_covered": 63.63636363636363, "percent_statements_covered_display": "64"}, "missing_lines": [13, 14, 15, 17], "excluded_lines": [], "functions": {"get_db": {"executed_lines": [], "summary": {"covered_lines": 0, "num_statements": 4, "percent_covered": 0.0, "percent_covered_display": "0", "missing_lines": 4, "excluded_lines": 0, "percent_statements_covered": 0.0, "percent_statements_covered_display": "0"}, "missing_lines": [13, 14, 15, 17], "excluded_lines": [], "start_line": 12}, "": {"executed_lines": [1, 3, 4, 6, 8, 9, 12], "summary": {"covered_lines": 7, "num_statements": 7, "percent_covered": 100.0, "percent_covered_display": "100", "missing_lines": 0, "excluded_lines": 0, "percent_statements_covered": 100.0, "percent_statements_covered_display": "100"}, "missing_lines": [], "excluded_lines": [], "start_line": 1}}, "classes": {"": {"executed_lines": [1, 3, 4, 6, 8, 9, 12], "summary": {"covered_lines": 7, "num_statements": 11, "percent_covered": 63.63636363636363, "percent_covered_display": "64", "missing_lines": 4, "excluded_lines": 0, "percent_statements_covered": 63.63636363636363, "percent_statements_covered_display": "64"}, "missing_lines": [13, 14, 15, 17], "excluded_lines": [], "start_line": 1}}}, "app/exceptions/__init__.py": {"executed_lines": [1, 2, 3, 4, 7, 8, 13, 14, 15, 18, 19, 20, 23, 24, 25, 28, 29, 30, 33, 34, 35, 36, 39, 40], "summary": {"covered_lines": 24, "num_statements": 27, "percent_covered": 88.88888888888889, "percent_covered_display": "89", "missing_lines": 3, "excluded_lines": 0, "percent_statements_covered": 88.88888888888889, "percent_statements_covered_display": "89"}, "missing_lines": [9, 10, 41], "excluded_lines": [], "functions": {"AppError.__init__": {"executed_lines": [3, 4], "summary": {"covered_lines": 2, "num_statements": 2, "percent_covered": 100.0, "percent_covered_display": "100", "missing_lines": 0, "excluded_lines": 0, "percent_statements_covered": 100.0, "percent_statements_covered_display": "100"}, "missing_lines": [], "excluded_lines": [], "start_line": 2}, "ValidationError.__init__": {"executed_lines": [], "summary": {"covered_lines": 0, "num_statements": 2, "percent_covered": 0.0, "percent_covered_display": "0", "missing_lines": 2, "excluded_lines": 0, "percent_statements_covered": 0.0, "percent_statements_covered_display": "0"}, "missing_lines": [9, 10], "excluded_lines": [], "start_line": 8}, "AuthenticationError.__init__": {"executed_lines": [15], "summary": {"covered_lines": 1, "num_statements": 1, "percent_covered": 100.0, "percent_covered_display": "100", "missing_lines": 0, "excluded_lines": 0, "percent_statements_covered": 100.0, "percent_statements_covered_display": "100"}, "missing_lines": [], "excluded_lines": [], "start_line": 14}, "AuthorisationError.__init__": {"executed_lines": [20], "summary": {"covered_lines": 1, "num_statements": 1, "percent_covered": 100.0, "percent_covered_display": "100", "missing_lines": 0, "excluded_lines": 0, "percent_statements_covered": 100.0, "percent_statements_covered_display": "100"}, "missing_lines": [], "excluded_lines": [], "start_line": 19}, "NotFoundError.__init__": {"executed_lines": [25], "summary": {"covered_lines": 1, "num_statements": 1, "percent_covered": 100.0, "percent_covered_display": "100", "missing_lines": 0, "excluded_lines": 0, "percent_statements_covered": 100.0, "percent_statements_covered_display": "100"}, "missing_lines": [], "excluded_lines": [], "start_line": 24}, "ConflictError.__init__": {"executed_lines": [30], "summary": {"covered_lines": 1, "num_statements": 1, "percent_covered": 100.0, "percent_covered_display": "100", "missing_lines": 0, "excluded_lines": 0, "percent_statements_covered": 100.0, "percent_statements_covered_display": "100"}, "missing_lines": [], "excluded_lines": [], "start_line": 29}, "BusinessRuleError.__init__": {"executed_lines": [35, 36], "summary": {"covered_lines": 2, "num_statements": 2, "percent_covered": 100.0, "percent_covered_display": "100", "missing_lines": 0, "excluded_lines": 0, "percent_statements_covered": 100.0, "percent_statements_covered_display": "100"}, "missing_lines": [], "excluded_lines": [], "start_line": 34}, "LockedOutError.__init__": {"executed_lines": [], "summary": {"covered_lines": 0, "num_statements": 1, "percent_covered": 0.0, "percent_covered_display": "0", "missing_lines": 1, "excluded_lines": 0, "percent_statements_covered": 0.0, "percent_statements_covered_display": "0"}, "missing_lines": [41], "excluded_lines": [], "start_line": 40}, "": {"executed_lines": [1, 2, 7, 8, 13, 14, 18, 19, 23, 24, 28, 29, 33, 34, 39, 40], "summary": {"covered_lines": 16, "num_statements": 16, "percent_covered": 100.0, "percent_covered_display": "100", "missing_lines": 0, "excluded_lines": 0, "percent_statements_covered": 100.0, "percent_statements_covered_display": "100"}, "missing_lines": [], "excluded_lines": [], "start_line": 1}}, "classes": {"AppError": {"executed_lines": [3, 4], "summary": {"covered_lines": 2, "num_statements": 2, "percent_covered": 100.0, "percent_covered_display": "100", "missing_lines": 0, "excluded_lines": 0, "percent_statements_covered": 100.0, "percent_statements_covered_display": "100"}, "missing_lines": [], "excluded_lines": [], "start_line": 1}, "ValidationError": {"executed_lines": [], "summary": {"covered_lines": 0, "num_statements": 2, "percent_covered": 0.0, "percent_covered_display": "0", "missing_lines": 2, "excluded_lines": 0, "percent_statements_covered": 0.0, "percent_statements_covered_display": "0"}, "missing_lines": [9, 10], "excluded_lines": [], "start_line": 7}, "AuthenticationError": {"executed_lines": [15], "summary": {"covered_lines": 1, "num_statements": 1, "percent_covered": 100.0, "percent_covered_display": "100", "missing_lines": 0, "excluded_lines": 0, "percent_statements_covered": 100.0, "percent_statements_covered_display": "100"}, "missing_lines": [], "excluded_lines": [], "start_line": 13}, "AuthorisationError": {"executed_lines": [20], "summary": {"covered_lines": 1, "num_statements": 1, "percent_covered": 100.0, "percent_covered_display": "100", "missing_lines": 0, "excluded_lines": 0, "percent_statements_covered": 100.0, "percent_statements_covered_display": "100"}, "missing_lines": [], "excluded_lines": [], "start_line": 18}, "NotFoundError": {"executed_lines": [25], "summary": {"covered_lines": 1, "num_statements": 1, "percent_covered": 100.0, "percent_covered_display": "100", "missing_lines": 0, "excluded_lines": 0, "percent_statements_covered": 100.0, "percent_statements_covered_display": "100"}, "missing_lines": [], "excluded_lines": [], "start_line": 23}, "ConflictError": {"executed_lines": [30], "summary": {"covered_lines": 1, "num_statements": 1, "percent_covered": 100.0, "percent_covered_display": "100", "missing_lines": 0, "excluded_lines": 0, "percent_statements_covered": 100.0, "percent_statements_covered_display": "100"}, "missing_lines": [], "excluded_lines": [], "start_line": 28}, "BusinessRuleError": {"executed_lines": [35, 36], "summary": {"covered_lines": 2, "num_statements": 2, "percent_covered": 100.0, "percent_covered_display": "100", "missing_lines": 0, "excluded_lines": 0, "percent_statements_covered": 100.0, "percent_statements_covered_display": "100"}, "missing_lines": [], "excluded_lines": [], "start_line": 33}, "LockedOutError": {"executed_lines": [], "summary": {"covered_lines": 0, "num_statements": 1, "percent_covered": 0.0, "percent_covered_display": "0", "missing_lines": 1, "excluded_lines": 0, "percent_statements_covered": 0.0, "percent_statements_covered_display": "0"}, "missing_lines": [41], "excluded_lines": [], "start_line": 39}, "": {"executed_lines": [1, 2, 7, 8, 13, 14, 18, 19, 23, 24, 28, 29, 33, 34, 39, 40], "summary": {"covered_lines": 16, "num_statements": 16, "percent_covered": 100.0, "percent_covered_display": "100", "missing_lines": 0, "excluded_lines": 0, "percent_statements_covered": 100.0, "percent_statements_covered_display": "100"}, "missing_lines": [], "excluded_lines": [], "start_line": 1}}}, "app/main.py": {"executed_lines": [1, 2, 4, 5, 6, 7, 9, 10, 11, 12, 13, 16, 17, 18, 19, 20, 21, 22, 23, 24, 27, 28, 29, 30, 31, 33, 34, 35, 41, 42, 43, 44, 52, 53, 54, 56, 57, 64, 66, 69, 70, 79, 83, 86, 89, 90, 91, 92, 93, 102, 103, 104, 105, 106, 107, 108, 112, 115, 118, 119, 122, 129, 130, 131, 133, 134, 135, 137, 138, 139, 141, 144, 145, 147, 148, 149, 150, 153, 156, 157, 158, 159, 160, 161, 162, 163, 165, 166, 167, 168, 169, 170, 171, 172, 174, 175, 180, 181, 184, 185, 188, 191], "summary": {"covered_lines": 102, "num_statements": 111, "percent_covered": 91.89189189189189, "percent_covered_display": "92", "missing_lines": 9, "excluded_lines": 0, "percent_statements_covered": 91.89189189189189, "percent_statements_covered_display": "92"}, "missing_lines": [36, 45, 50, 81, 176, 177, 178, 182, 186], "excluded_lines": [], "functions": {"SessionMiddleware.dispatch": {"executed_lines": [29, 30, 31, 33, 34, 35, 41, 42, 43, 44, 52, 53, 54, 56, 57, 64, 66, 69, 70, 79, 83], "summary": {"covered_lines": 21, "num_statements": 25, "percent_covered": 84.0, "percent_covered_display": "84", "missing_lines": 4, "excluded_lines": 0, "percent_statements_covered": 84.0, "percent_statements_covered_display": "84"}, "missing_lines": [36, 45, 50, 81], "excluded_lines": [], "start_line": 28}, "SecurityHeadersMiddleware.dispatch": {"executed_lines": [90, 91, 92, 93, 102, 103, 104, 105, 106, 107, 108], "summary": {"covered_lines": 11, "num_statements": 11, "percent_covered": 100.0, "percent_covered_display": "100", "missing_lines": 0, "excluded_lines": 0, "percent_statements_covered": 100.0, "percent_statements_covered_display": "100"}, "missing_lines": [], "excluded_lines": [], "start_line": 89}, "PageVisitMiddleware.dispatch": {"executed_lines": [119, 122, 129, 130, 131, 133, 134, 135, 137, 138, 139, 141], "summary": {"covered_lines": 12, "num_statements": 12, "percent_covered": 100.0, "percent_covered_display": "100", "missing_lines": 0, "excluded_lines": 0, "percent_statements_covered": 100.0, "percent_statements_covered_display": "100"}, "missing_lines": [], "excluded_lines": [], "start_line": 118}, "create_app": {"executed_lines": [145, 147, 148, 149, 150, 153, 156, 157, 158, 159, 160, 161, 162, 163, 165, 166, 167, 168, 169, 170, 171, 172, 174, 175, 180, 181, 184, 185, 188], "summary": {"covered_lines": 29, "num_statements": 29, "percent_covered": 100.0, "percent_covered_display": "100", "missing_lines": 0, "excluded_lines": 0, "percent_statements_covered": 100.0, "percent_statements_covered_display": "100"}, "missing_lines": [], "excluded_lines": [], "start_line": 144}, "create_app.root": {"executed_lines": [], "summary": {"covered_lines": 0, "num_statements": 3, "percent_covered": 0.0, "percent_covered_display": "0", "missing_lines": 3, "excluded_lines": 0, "percent_statements_covered": 0.0, "percent_statements_covered_display": "0"}, "missing_lines": [176, 177, 178], "excluded_lines": [], "start_line": 175}, "create_app.not_found_handler": {"executed_lines": [], "summary": {"covered_lines": 0, "num_statements": 1, "percent_covered": 0.0, "percent_covered_display": "0", "missing_lines": 1, "excluded_lines": 0, "percent_statements_covered": 0.0, "percent_statements_covered_display": "0"}, "missing_lines": [182], "excluded_lines": [], "start_line": 181}, "create_app.server_error_handler": {"executed_lines": [], "summary": {"covered_lines": 0, "num_statements": 1, "percent_covered": 0.0, "percent_covered_display": "0", "missing_lines": 1, "excluded_lines": 0, "percent_statements_covered": 0.0, "percent_statements_covered_display": "0"}, "missing_lines": [186], "excluded_lines": [], "start_line": 185}, "": {"executed_lines": [1, 2, 4, 5, 6, 7, 9, 10, 11, 12, 13, 16, 17, 18, 19, 20, 21, 22, 23, 24, 27, 28, 86, 89, 112, 115, 118, 144, 191], "summary": {"covered_lines": 29, "num_statements": 29, "percent_covered": 100.0, "percent_covered_display": "100", "missing_lines": 0, "excluded_lines": 0, "percent_statements_covered": 100.0, "percent_statements_covered_display": "100"}, "missing_lines": [], "excluded_lines": [], "start_line": 1}}, "classes": {"SessionMiddleware": {"executed_lines": [29, 30, 31, 33, 34, 35, 41, 42, 43, 44, 52, 53, 54, 56, 57, 64, 66, 69, 70, 79, 83], "summary": {"covered_lines": 21, "num_statements": 25, "percent_covered": 84.0, "percent_covered_display": "84", "missing_lines": 4, "excluded_lines": 0, "percent_statements_covered": 84.0, "percent_statements_covered_display": "84"}, "missing_lines": [36, 45, 50, 81], "excluded_lines": [], "start_line": 27}, "SecurityHeadersMiddleware": {"executed_lines": [90, 91, 92, 93, 102, 103, 104, 105, 106, 107, 108], "summary": {"covered_lines": 11, "num_statements": 11, "percent_covered": 100.0, "percent_covered_display": "100", "missing_lines": 0, "excluded_lines": 0, "percent_statements_covered": 100.0, "percent_statements_covered_display": "100"}, "missing_lines": [], "excluded_lines": [], "start_line": 86}, "PageVisitMiddleware": {"executed_lines": [119, 122, 129, 130, 131, 133, 134, 135, 137, 138, 139, 141], "summary": {"covered_lines": 12, "num_statements": 12, "percent_covered": 100.0, "percent_covered_display": "100", "missing_lines": 0, "excluded_lines": 0, "percent_statements_covered": 100.0, "percent_statements_covered_display": "100"}, "missing_lines": [], "excluded_lines": [], "start_line": 115}, "": {"executed_lines": [1, 2, 4, 5, 6, 7, 9, 10, 11, 12, 13, 16, 17, 18, 19, 20, 21, 22, 23, 24, 27, 28, 86, 89, 112, 115, 118, 144, 145, 147, 148, 149, 150, 153, 156, 157, 158, 159, 160, 161, 162, 163, 165, 166, 167, 168, 169, 170, 171, 172, 174, 175, 180, 181, 184, 185, 188, 191], "summary": {"covered_lines": 58, "num_statements": 63, "percent_covered": 92.06349206349206, "percent_covered_display": "92", "missing_lines": 5, "excluded_lines": 0, "percent_statements_covered": 92.06349206349206, "percent_statements_covered_display": "92"}, "missing_lines": [176, 177, 178, 182, 186], "excluded_lines": [], "start_line": 1}}}, "app/models/__init__.py": {"executed_lines": [], "summary": {"covered_lines": 0, "num_statements": 0, "percent_covered": 100.0, "percent_covered_display": "100", "missing_lines": 0, "excluded_lines": 0, "percent_statements_covered": 100.0, "percent_statements_covered_display": "100"}, "missing_lines": [], "excluded_lines": [], "functions": {"": {"executed_lines": [], "summary": {"covered_lines": 0, "num_statements": 0, "percent_covered": 100.0, "percent_covered_display": "100", "missing_lines": 0, "excluded_lines": 0, "percent_statements_covered": 100.0, "percent_statements_covered_display": "100"}, "missing_lines": [], "excluded_lines": [], "start_line": 1}}, "classes": {"": {"executed_lines": [], "summary": {"covered_lines": 0, "num_statements": 0, "percent_covered": 100.0, "percent_covered_display": "100", "missing_lines": 0, "excluded_lines": 0, "percent_statements_covered": 100.0, "percent_statements_covered_display": "100"}, "missing_lines": [], "excluded_lines": [], "start_line": 1}}}, "app/models/audit_log.py": {"executed_lines": [1, 3, 5, 6, 8, 11, 12, 14, 15, 16, 17, 18, 19, 20, 21, 23], "summary": {"covered_lines": 16, "num_statements": 16, "percent_covered": 100.0, "percent_covered_display": "100", "missing_lines": 0, "excluded_lines": 0, "percent_statements_covered": 100.0, "percent_statements_covered_display": "100"}, "missing_lines": [], "excluded_lines": [], "functions": {"": {"executed_lines": [1, 3, 5, 6, 8, 11, 12, 14, 15, 16, 17, 18, 19, 20, 21, 23], "summary": {"covered_lines": 16, "num_statements": 16, "percent_covered": 100.0, "percent_covered_display": "100", "missing_lines": 0, "excluded_lines": 0, "percent_statements_covered": 100.0, "percent_statements_covered_display": "100"}, "missing_lines": [], "excluded_lines": [], "start_line": 1}}, "classes": {"AuditLog": {"executed_lines": [], "summary": {"covered_lines": 0, "num_statements": 0, "percent_covered": 100.0, "percent_covered_display": "100", "missing_lines": 0, "excluded_lines": 0, "percent_statements_covered": 100.0, "percent_statements_covered_display": "100"}, "missing_lines": [], "excluded_lines": [], "start_line": 11}, "": {"executed_lines": [1, 3, 5, 6, 8, 11, 12, 14, 15, 16, 17, 18, 19, 20, 21, 23], "summary": {"covered_lines": 16, "num_statements": 16, "percent_covered": 100.0, "percent_covered_display": "100", "missing_lines": 0, "excluded_lines": 0, "percent_statements_covered": 100.0, "percent_statements_covered_display": "100"}, "missing_lines": [], "excluded_lines": [], "start_line": 1}}}, "app/models/deletion_request.py": {"executed_lines": [1, 3, 5, 14, 16, 19, 20, 21, 32, 33, 34, 35, 36, 37, 38, 39, 40, 41, 43, 47, 52], "summary": {"covered_lines": 21, "num_statements": 22, "percent_covered": 95.45454545454545, "percent_covered_display": "95", "missing_lines": 1, "excluded_lines": 0, "percent_statements_covered": 95.45454545454545, "percent_statements_covered_display": "95"}, "missing_lines": [53], "excluded_lines": [], "functions": {"DeletionRequest.__repr__": {"executed_lines": [], "summary": {"covered_lines": 0, "num_statements": 1, "percent_covered": 0.0, "percent_covered_display": "0", "missing_lines": 1, "excluded_lines": 0, "percent_statements_covered": 0.0, "percent_statements_covered_display": "0"}, "missing_lines": [53], "excluded_lines": [], "start_line": 52}, "": {"executed_lines": [1, 3, 5, 14, 16, 19, 20, 21, 32, 33, 34, 35, 36, 37, 38, 39, 40, 41, 43, 47, 52], "summary": {"covered_lines": 21, "num_statements": 21, "percent_covered": 100.0, "percent_covered_display": "100", "missing_lines": 0, "excluded_lines": 0, "percent_statements_covered": 100.0, "percent_statements_covered_display": "100"}, "missing_lines": [], "excluded_lines": [], "start_line": 1}}, "classes": {"DeletionRequest": {"executed_lines": [], "summary": {"covered_lines": 0, "num_statements": 1, "percent_covered": 0.0, "percent_covered_display": "0", "missing_lines": 1, "excluded_lines": 0, "percent_statements_covered": 0.0, "percent_statements_covered_display": "0"}, "missing_lines": [53], "excluded_lines": [], "start_line": 19}, "": {"executed_lines": [1, 3, 5, 14, 16, 19, 20, 21, 32, 33, 34, 35, 36, 37, 38, 39, 40, 41, 43, 47, 52], "summary": {"covered_lines": 21, "num_statements": 21, "percent_covered": 100.0, "percent_covered_display": "100", "missing_lines": 0, "excluded_lines": 0, "percent_statements_covered": 100.0, "percent_statements_covered_display": "100"}, "missing_lines": [], "excluded_lines": [], "start_line": 1}}}, "app/models/location.py": {"executed_lines": [1, 3, 4, 6, 9, 10, 12, 13, 14, 15, 16, 17, 18, 19, 20, 22, 23, 25], "summary": {"covered_lines": 18, "num_statements": 19, "percent_covered": 94.73684210526316, "percent_covered_display": "95", "missing_lines": 1, "excluded_lines": 0, "percent_statements_covered": 94.73684210526316, "percent_statements_covered_display": "95"}, "missing_lines": [26], "excluded_lines": [], "functions": {"Location.__repr__": {"executed_lines": [], "summary": {"covered_lines": 0, "num_statements": 1, "percent_covered": 0.0, "percent_covered_display": "0", "missing_lines": 1, "excluded_lines": 0, "percent_statements_covered": 0.0, "percent_statements_covered_display": "0"}, "missing_lines": [26], "excluded_lines": [], "start_line": 25}, "": {"executed_lines": [1, 3, 4, 6, 9, 10, 12, 13, 14, 15, 16, 17, 18, 19, 20, 22, 23, 25], "summary": {"covered_lines": 18, "num_statements": 18, "percent_covered": 100.0, "percent_covered_display": "100", "missing_lines": 0, "excluded_lines": 0, "percent_statements_covered": 100.0, "percent_statements_covered_display": "100"}, "missing_lines": [], "excluded_lines": [], "start_line": 1}}, "classes": {"Location": {"executed_lines": [], "summary": {"covered_lines": 0, "num_statements": 1, "percent_covered": 0.0, "percent_covered_display": "0", "missing_lines": 1, "excluded_lines": 0, "percent_statements_covered": 0.0, "percent_statements_covered_display": "0"}, "missing_lines": [26], "excluded_lines": [], "start_line": 9}, "": {"executed_lines": [1, 3, 4, 6, 9, 10, 12, 13, 14, 15, 16, 17, 18, 19, 20, 22, 23, 25], "summary": {"covered_lines": 18, "num_statements": 18, "percent_covered": 100.0, "percent_covered_display": "100", "missing_lines": 0, "excluded_lines": 0, "percent_statements_covered": 100.0, "percent_statements_covered_display": "100"}, "missing_lines": [], "excluded_lines": [], "start_line": 1}}}, "app/models/maintenance.py": {"executed_lines": [1, 3, 4, 6, 17, 19, 22, 23, 24, 26, 27, 28, 29, 30, 32, 34, 38, 39, 40, 45, 46, 47, 48, 49, 50, 51, 52, 54, 55, 56, 61], "summary": {"covered_lines": 31, "num_statements": 33, "percent_covered": 93.93939393939394, "percent_covered_display": "94", "missing_lines": 2, "excluded_lines": 0, "percent_statements_covered": 93.93939393939394, "percent_statements_covered_display": "94"}, "missing_lines": [35, 62], "excluded_lines": [], "functions": {"MaintenanceCategory.__repr__": {"executed_lines": [], "summary": {"covered_lines": 0, "num_statements": 1, "percent_covered": 0.0, "percent_covered_display": "0", "missing_lines": 1, "excluded_lines": 0, "percent_statements_covered": 0.0, "percent_statements_covered_display": "0"}, "missing_lines": [35], "excluded_lines": [], "start_line": 34}, "MaintenanceRecord.__repr__": {"executed_lines": [], "summary": {"covered_lines": 0, "num_statements": 1, "percent_covered": 0.0, "percent_covered_display": "0", "missing_lines": 1, "excluded_lines": 0, "percent_statements_covered": 0.0, "percent_statements_covered_display": "0"}, "missing_lines": [62], "excluded_lines": [], "start_line": 61}, "": {"executed_lines": [1, 3, 4, 6, 17, 19, 22, 23, 24, 26, 27, 28, 29, 30, 32, 34, 38, 39, 40, 45, 46, 47, 48, 49, 50, 51, 52, 54, 55, 56, 61], "summary": {"covered_lines": 31, "num_statements": 31, "percent_covered": 100.0, "percent_covered_display": "100", "missing_lines": 0, "excluded_lines": 0, "percent_statements_covered": 100.0, "percent_statements_covered_display": "100"}, "missing_lines": [], "excluded_lines": [], "start_line": 1}}, "classes": {"MaintenanceCategory": {"executed_lines": [], "summary": {"covered_lines": 0, "num_statements": 1, "percent_covered": 0.0, "percent_covered_display": "0", "missing_lines": 1, "excluded_lines": 0, "percent_statements_covered": 0.0, "percent_statements_covered_display": "0"}, "missing_lines": [35], "excluded_lines": [], "start_line": 22}, "MaintenanceRecord": {"executed_lines": [], "summary": {"covered_lines": 0, "num_statements": 1, "percent_covered": 0.0, "percent_covered_display": "0", "missing_lines": 1, "excluded_lines": 0, "percent_statements_covered": 0.0, "percent_statements_covered_display": "0"}, "missing_lines": [62], "excluded_lines": [], "start_line": 38}, "": {"executed_lines": [1, 3, 4, 6, 17, 19, 22, 23, 24, 26, 27, 28, 29, 30, 32, 34, 38, 39, 40, 45, 46, 47, 48, 49, 50, 51, 52, 54, 55, 56, 61], "summary": {"covered_lines": 31, "num_statements": 31, "percent_covered": 100.0, "percent_covered_display": "100", "missing_lines": 0, "excluded_lines": 0, "percent_statements_covered": 100.0, "percent_statements_covered_display": "100"}, "missing_lines": [], "excluded_lines": [], "start_line": 1}}}, "app/models/mileage.py": {"executed_lines": [1, 3, 5, 14, 16, 19, 20, 21, 30, 31, 32, 33, 34, 35, 36, 38, 39, 44], "summary": {"covered_lines": 18, "num_statements": 19, "percent_covered": 94.73684210526316, "percent_covered_display": "95", "missing_lines": 1, "excluded_lines": 0, "percent_statements_covered": 94.73684210526316, "percent_statements_covered_display": "95"}, "missing_lines": [45], "excluded_lines": [], "functions": {"MileageRecord.__repr__": {"executed_lines": [], "summary": {"covered_lines": 0, "num_statements": 1, "percent_covered": 0.0, "percent_covered_display": "0", "missing_lines": 1, "excluded_lines": 0, "percent_statements_covered": 0.0, "percent_statements_covered_display": "0"}, "missing_lines": [45], "excluded_lines": [], "start_line": 44}, "": {"executed_lines": [1, 3, 5, 14, 16, 19, 20, 21, 30, 31, 32, 33, 34, 35, 36, 38, 39, 44], "summary": {"covered_lines": 18, "num_statements": 18, "percent_covered": 100.0, "percent_covered_display": "100", "missing_lines": 0, "excluded_lines": 0, "percent_statements_covered": 100.0, "percent_statements_covered_display": "100"}, "missing_lines": [], "excluded_lines": [], "start_line": 1}}, "classes": {"MileageRecord": {"executed_lines": [], "summary": {"covered_lines": 0, "num_statements": 1, "percent_covered": 0.0, "percent_covered_display": "0", "missing_lines": 1, "excluded_lines": 0, "percent_statements_covered": 0.0, "percent_statements_covered_display": "0"}, "missing_lines": [45], "excluded_lines": [], "start_line": 19}, "": {"executed_lines": [1, 3, 5, 14, 16, 19, 20, 21, 30, 31, 32, 33, 34, 35, 36, 38, 39, 44], "summary": {"covered_lines": 18, "num_statements": 18, "percent_covered": 100.0, "percent_covered_display": "100", "missing_lines": 0, "excluded_lines": 0, "percent_statements_covered": 100.0, "percent_statements_covered_display": "100"}, "missing_lines": [], "excluded_lines": [], "start_line": 1}}}, "app/models/page_visit.py": {"executed_lines": [1, 3, 5, 6, 8, 11, 12, 14, 15, 16, 17, 18, 20], "summary": {"covered_lines": 13, "num_statements": 13, "percent_covered": 100.0, "percent_covered_display": "100", "missing_lines": 0, "excluded_lines": 0, "percent_statements_covered": 100.0, "percent_statements_covered_display": "100"}, "missing_lines": [], "excluded_lines": [], "functions": {"": {"executed_lines": [1, 3, 5, 6, 8, 11, 12, 14, 15, 16, 17, 18, 20], "summary": {"covered_lines": 13, "num_statements": 13, "percent_covered": 100.0, "percent_covered_display": "100", "missing_lines": 0, "excluded_lines": 0, "percent_statements_covered": 100.0, "percent_statements_covered_display": "100"}, "missing_lines": [], "excluded_lines": [], "start_line": 1}}, "classes": {"PageVisit": {"executed_lines": [], "summary": {"covered_lines": 0, "num_statements": 0, "percent_covered": 100.0, "percent_covered_display": "100", "missing_lines": 0, "excluded_lines": 0, "percent_statements_covered": 100.0, "percent_statements_covered_display": "100"}, "missing_lines": [], "excluded_lines": [], "start_line": 11}, "": {"executed_lines": [1, 3, 5, 6, 8, 11, 12, 14, 15, 16, 17, 18, 20], "summary": {"covered_lines": 13, "num_statements": 13, "percent_covered": 100.0, "percent_covered_display": "100", "missing_lines": 0, "excluded_lines": 0, "percent_statements_covered": 100.0, "percent_statements_covered_display": "100"}, "missing_lines": [], "excluded_lines": [], "start_line": 1}}}, "app/models/retirement_request.py": {"executed_lines": [1, 3, 5, 14, 16, 19, 20, 21, 28, 29, 30, 31, 32, 33, 34, 35, 36, 38, 39, 43, 48], "summary": {"covered_lines": 21, "num_statements": 22, "percent_covered": 95.45454545454545, "percent_covered_display": "95", "missing_lines": 1, "excluded_lines": 0, "percent_statements_covered": 95.45454545454545, "percent_statements_covered_display": "95"}, "missing_lines": [49], "excluded_lines": [], "functions": {"RetirementRequest.__repr__": {"executed_lines": [], "summary": {"covered_lines": 0, "num_statements": 1, "percent_covered": 0.0, "percent_covered_display": "0", "missing_lines": 1, "excluded_lines": 0, "percent_statements_covered": 0.0, "percent_statements_covered_display": "0"}, "missing_lines": [49], "excluded_lines": [], "start_line": 48}, "": {"executed_lines": [1, 3, 5, 14, 16, 19, 20, 21, 28, 29, 30, 31, 32, 33, 34, 35, 36, 38, 39, 43, 48], "summary": {"covered_lines": 21, "num_statements": 21, "percent_covered": 100.0, "percent_covered_display": "100", "missing_lines": 0, "excluded_lines": 0, "percent_statements_covered": 100.0, "percent_statements_covered_display": "100"}, "missing_lines": [], "excluded_lines": [], "start_line": 1}}, "classes": {"RetirementRequest": {"executed_lines": [], "summary": {"covered_lines": 0, "num_statements": 1, "percent_covered": 0.0, "percent_covered_display": "0", "missing_lines": 1, "excluded_lines": 0, "percent_statements_covered": 0.0, "percent_statements_covered_display": "0"}, "missing_lines": [49], "excluded_lines": [], "start_line": 19}, "": {"executed_lines": [1, 3, 5, 14, 16, 19, 20, 21, 28, 29, 30, 31, 32, 33, 34, 35, 36, 38, 39, 43, 48], "summary": {"covered_lines": 21, "num_statements": 21, "percent_covered": 100.0, "percent_covered_display": "100", "missing_lines": 0, "excluded_lines": 0, "percent_statements_covered": 100.0, "percent_statements_covered_display": "100"}, "missing_lines": [], "excluded_lines": [], "start_line": 1}}}, "app/models/user.py": {"executed_lines": [1, 3, 5, 14, 16, 19, 20, 21, 28, 29, 30, 31, 32, 33, 34, 35, 36, 37, 38, 40, 42, 46, 50, 54, 58, 62, 66, 71, 72, 73, 75, 76, 79], "summary": {"covered_lines": 33, "num_statements": 35, "percent_covered": 94.28571428571429, "percent_covered_display": "94", "missing_lines": 2, "excluded_lines": 0, "percent_statements_covered": 94.28571428571429, "percent_statements_covered_display": "94"}, "missing_lines": [77, 80], "excluded_lines": [], "functions": {"User.full_name": {"executed_lines": [73], "summary": {"covered_lines": 1, "num_statements": 1, "percent_covered": 100.0, "percent_covered_display": "100", "missing_lines": 0, "excluded_lines": 0, "percent_statements_covered": 100.0, "percent_statements_covered_display": "100"}, "missing_lines": [], "excluded_lines": [], "start_line": 72}, "User.is_admin": {"executed_lines": [], "summary": {"covered_lines": 0, "num_statements": 1, "percent_covered": 0.0, "percent_covered_display": "0", "missing_lines": 1, "excluded_lines": 0, "percent_statements_covered": 0.0, "percent_statements_covered_display": "0"}, "missing_lines": [77], "excluded_lines": [], "start_line": 76}, "User.__repr__": {"executed_lines": [], "summary": {"covered_lines": 0, "num_statements": 1, "percent_covered": 0.0, "percent_covered_display": "0", "missing_lines": 1, "excluded_lines": 0, "percent_statements_covered": 0.0, "percent_statements_covered_display": "0"}, "missing_lines": [80], "excluded_lines": [], "start_line": 79}, "": {"executed_lines": [1, 3, 5, 14, 16, 19, 20, 21, 28, 29, 30, 31, 32, 33, 34, 35, 36, 37, 38, 40, 42, 46, 50, 54, 58, 62, 66, 71, 72, 75, 76, 79], "summary": {"covered_lines": 32, "num_statements": 32, "percent_covered": 100.0, "percent_covered_display": "100", "missing_lines": 0, "excluded_lines": 0, "percent_statements_covered": 100.0, "percent_statements_covered_display": "100"}, "missing_lines": [], "excluded_lines": [], "start_line": 1}}, "classes": {"User": {"executed_lines": [73], "summary": {"covered_lines": 1, "num_statements": 3, "percent_covered": 33.333333333333336, "percent_covered_display": "33", "missing_lines": 2, "excluded_lines": 0, "percent_statements_covered": 33.333333333333336, "percent_statements_covered_display": "33"}, "missing_lines": [77, 80], "excluded_lines": [], "start_line": 19}, "": {"executed_lines": [1, 3, 5, 14, 16, 19, 20, 21, 28, 29, 30, 31, 32, 33, 34, 35, 36, 37, 38, 40, 42, 46, 50, 54, 58, 62, 66, 71, 72, 75, 76, 79], "summary": {"covered_lines": 32, "num_statements": 32, "percent_covered": 100.0, "percent_covered_display": "100", "missing_lines": 0, "excluded_lines": 0, "percent_statements_covered": 100.0, "percent_statements_covered_display": "100"}, "missing_lines": [], "excluded_lines": [], "start_line": 1}}}, "app/models/vehicle.py": {"executed_lines": [1, 3, 11, 13, 16, 17, 18, 33, 34, 35, 36, 37, 38, 39, 40, 41, 42, 43, 44, 46, 47, 51, 52, 53, 55, 56, 57, 59, 60, 61, 63, 64, 65, 67, 68, 70, 72, 73, 77, 81, 83], "summary": {"covered_lines": 41, "num_statements": 49, "percent_covered": 83.6734693877551, "percent_covered_display": "84", "missing_lines": 8, "excluded_lines": 0, "percent_statements_covered": 83.6734693877551, "percent_statements_covered_display": "84"}, "missing_lines": [71, 74, 75, 76, 78, 79, 80, 84], "excluded_lines": [], "functions": {"Vehicle.is_retired": {"executed_lines": [57], "summary": {"covered_lines": 1, "num_statements": 1, "percent_covered": 100.0, "percent_covered_display": "100", "missing_lines": 0, "excluded_lines": 0, "percent_statements_covered": 100.0, "percent_statements_covered_display": "100"}, "missing_lines": [], "excluded_lines": [], "start_line": 56}, "Vehicle.is_active_status": {"executed_lines": [61], "summary": {"covered_lines": 1, "num_statements": 1, "percent_covered": 100.0, "percent_covered_display": "100", "missing_lines": 0, "excluded_lines": 0, "percent_statements_covered": 100.0, "percent_statements_covered_display": "100"}, "missing_lines": [], "excluded_lines": [], "start_line": 60}, "Vehicle.display_type": {"executed_lines": [65], "summary": {"covered_lines": 1, "num_statements": 1, "percent_covered": 100.0, "percent_covered_display": "100", "missing_lines": 0, "excluded_lines": 0, "percent_statements_covered": 100.0, "percent_statements_covered_display": "100"}, "missing_lines": [], "excluded_lines": [], "start_line": 64}, "Vehicle.mileage_source": {"executed_lines": [70, 72, 73, 77, 81], "summary": {"covered_lines": 5, "num_statements": 12, "percent_covered": 41.666666666666664, "percent_covered_display": "42", "missing_lines": 7, "excluded_lines": 0, "percent_statements_covered": 41.666666666666664, "percent_statements_covered_display": "42"}, "missing_lines": [71, 74, 75, 76, 78, 79, 80], "excluded_lines": [], "start_line": 68}, "Vehicle.__repr__": {"executed_lines": [], "summary": {"covered_lines": 0, "num_statements": 1, "percent_covered": 0.0, "percent_covered_display": "0", "missing_lines": 1, "excluded_lines": 0, "percent_statements_covered": 0.0, "percent_statements_covered_display": "0"}, "missing_lines": [84], "excluded_lines": [], "start_line": 83}, "": {"executed_lines": [1, 3, 11, 13, 16, 17, 18, 33, 34, 35, 36, 37, 38, 39, 40, 41, 42, 43, 44, 46, 47, 51, 52, 53, 55, 56, 59, 60, 63, 64, 67, 68, 83], "summary": {"covered_lines": 33, "num_statements": 33, "percent_covered": 100.0, "percent_covered_display": "100", "missing_lines": 0, "excluded_lines": 0, "percent_statements_covered": 100.0, "percent_statements_covered_display": "100"}, "missing_lines": [], "excluded_lines": [], "start_line": 1}}, "classes": {"Vehicle": {"executed_lines": [57, 61, 65, 70, 72, 73, 77, 81], "summary": {"covered_lines": 8, "num_statements": 16, "percent_covered": 50.0, "percent_covered_display": "50", "missing_lines": 8, "excluded_lines": 0, "percent_statements_covered": 50.0, "percent_statements_covered_display": "50"}, "missing_lines": [71, 74, 75, 76, 78, 79, 80, 84], "excluded_lines": [], "start_line": 16}, "": {"executed_lines": [1, 3, 11, 13, 16, 17, 18, 33, 34, 35, 36, 37, 38, 39, 40, 41, 42, 43, 44, 46, 47, 51, 52, 53, 55, 56, 59, 60, 63, 64, 67, 68, 83], "summary": {"covered_lines": 33, "num_statements": 33, "percent_covered": 100.0, "percent_covered_display": "100", "missing_lines": 0, "excluded_lines": 0, "percent_statements_covered": 100.0, "percent_statements_covered_display": "100"}, "missing_lines": [], "excluded_lines": [], "start_line": 1}}}, "app/routes/__init__.py": {"executed_lines": [], "summary": {"covered_lines": 0, "num_statements": 0, "percent_covered": 100.0, "percent_covered_display": "100", "missing_lines": 0, "excluded_lines": 0, "percent_statements_covered": 100.0, "percent_statements_covered_display": "100"}, "missing_lines": [], "excluded_lines": [], "functions": {"": {"executed_lines": [], "summary": {"covered_lines": 0, "num_statements": 0, "percent_covered": 100.0, "percent_covered_display": "100", "missing_lines": 0, "excluded_lines": 0, "percent_statements_covered": 100.0, "percent_statements_covered_display": "100"}, "missing_lines": [], "excluded_lines": [], "start_line": 1}}, "classes": {"": {"executed_lines": [], "summary": {"covered_lines": 0, "num_statements": 0, "percent_covered": 100.0, "percent_covered_display": "100", "missing_lines": 0, "excluded_lines": 0, "percent_statements_covered": 100.0, "percent_statements_covered_display": "100"}, "missing_lines": [], "excluded_lines": [], "start_line": 1}}}, "app/routes/api/__init__.py": {"executed_lines": [], "summary": {"covered_lines": 0, "num_statements": 0, "percent_covered": 100.0, "percent_covered_display": "100", "missing_lines": 0, "excluded_lines": 0, "percent_statements_covered": 100.0, "percent_statements_covered_display": "100"}, "missing_lines": [], "excluded_lines": [], "functions": {"": {"executed_lines": [], "summary": {"covered_lines": 0, "num_statements": 0, "percent_covered": 100.0, "percent_covered_display": "100", "missing_lines": 0, "excluded_lines": 0, "percent_statements_covered": 100.0, "percent_statements_covered_display": "100"}, "missing_lines": [], "excluded_lines": [], "start_line": 1}}, "classes": {"": {"executed_lines": [], "summary": {"covered_lines": 0, "num_statements": 0, "percent_covered": 100.0, "percent_covered_display": "100", "missing_lines": 0, "excluded_lines": 0, "percent_statements_covered": 100.0, "percent_statements_covered_display": "100"}, "missing_lines": [], "excluded_lines": [], "start_line": 1}}}, "app/routes/api/inline.py": {"executed_lines": [1, 2, 3, 4, 6, 7, 8, 9, 10, 11, 13, 16, 17, 19, 20, 21, 23, 25, 26, 28, 29, 37, 38, 49, 50, 52, 60, 61, 63, 64, 65, 67, 69, 70, 72, 73, 81, 82, 92, 93, 95], "summary": {"covered_lines": 41, "num_statements": 53, "percent_covered": 77.35849056603773, "percent_covered_display": "77", "missing_lines": 12, "excluded_lines": 0, "percent_statements_covered": 77.35849056603773, "percent_statements_covered_display": "77"}, "missing_lines": [30, 31, 32, 33, 34, 35, 74, 75, 76, 77, 78, 79], "excluded_lines": [], "functions": {"create_driver": {"executed_lines": [19, 20, 21, 23, 25, 26, 28, 29, 37, 38, 49, 50, 52], "summary": {"covered_lines": 13, "num_statements": 19, "percent_covered": 68.42105263157895, "percent_covered_display": "68", "missing_lines": 6, "excluded_lines": 0, "percent_statements_covered": 68.42105263157895, "percent_statements_covered_display": "68"}, "missing_lines": [30, 31, 32, 33, 34, 35], "excluded_lines": [], "start_line": 17}, "create_location": {"executed_lines": [63, 64, 65, 67, 69, 70, 72, 73, 81, 82, 92, 93, 95], "summary": {"covered_lines": 13, "num_statements": 19, "percent_covered": 68.42105263157895, "percent_covered_display": "68", "missing_lines": 6, "excluded_lines": 0, "percent_statements_covered": 68.42105263157895, "percent_statements_covered_display": "68"}, "missing_lines": [74, 75, 76, 77, 78, 79], "excluded_lines": [], "start_line": 61}, "": {"executed_lines": [1, 2, 3, 4, 6, 7, 8, 9, 10, 11, 13, 16, 17, 60, 61], "summary": {"covered_lines": 15, "num_statements": 15, "percent_covered": 100.0, "percent_covered_display": "100", "missing_lines": 0, "excluded_lines": 0, "percent_statements_covered": 100.0, "percent_statements_covered_display": "100"}, "missing_lines": [], "excluded_lines": [], "start_line": 1}}, "classes": {"": {"executed_lines": [1, 2, 3, 4, 6, 7, 8, 9, 10, 11, 13, 16, 17, 19, 20, 21, 23, 25, 26, 28, 29, 37, 38, 49, 50, 52, 60, 61, 63, 64, 65, 67, 69, 70, 72, 73, 81, 82, 92, 93, 95], "summary": {"covered_lines": 41, "num_statements": 53, "percent_covered": 77.35849056603773, "percent_covered_display": "77", "missing_lines": 12, "excluded_lines": 0, "percent_statements_covered": 77.35849056603773, "percent_statements_covered_display": "77"}, "missing_lines": [30, 31, 32, 33, 34, 35, 74, 75, 76, 77, 78, 79], "excluded_lines": [], "start_line": 1}}}, "app/routes/web/__init__.py": {"executed_lines": [], "summary": {"covered_lines": 0, "num_statements": 0, "percent_covered": 100.0, "percent_covered_display": "100", "missing_lines": 0, "excluded_lines": 0, "percent_statements_covered": 100.0, "percent_statements_covered_display": "100"}, "missing_lines": [], "excluded_lines": [], "functions": {"": {"executed_lines": [], "summary": {"covered_lines": 0, "num_statements": 0, "percent_covered": 100.0, "percent_covered_display": "100", "missing_lines": 0, "excluded_lines": 0, "percent_statements_covered": 100.0, "percent_statements_covered_display": "100"}, "missing_lines": [], "excluded_lines": [], "start_line": 1}}, "classes": {"": {"executed_lines": [], "summary": {"covered_lines": 0, "num_statements": 0, "percent_covered": 100.0, "percent_covered_display": "100", "missing_lines": 0, "excluded_lines": 0, "percent_statements_covered": 100.0, "percent_statements_covered_display": "100"}, "missing_lines": [], "excluded_lines": [], "start_line": 1}}}, "app/routes/web/admin.py": {"executed_lines": [1, 2, 3, 4, 6, 7, 8, 9, 13, 14, 15, 16, 17, 18, 19, 20, 21, 22, 24, 27, 28, 29, 30, 31, 37, 38, 39, 40, 41, 42, 45, 46, 47, 49, 52, 53, 54, 57, 58, 60, 70, 71, 82, 83, 84, 85, 94, 95, 98, 99, 102, 103, 104, 107, 108, 112, 122, 125, 126, 127, 130, 131, 132, 134, 149, 150, 166, 167, 183, 184, 192, 193, 196, 197, 198, 201, 202, 206, 207, 212, 213, 214, 215, 221, 222, 223, 224, 225, 226, 229, 230, 231, 233, 236, 237, 238, 241, 242, 243, 245, 255, 256, 267, 268, 269, 270, 279, 280, 283, 284, 287, 288, 306, 307, 367, 368, 392, 393, 394, 395, 396, 397, 400, 401, 402, 405, 406, 407, 409, 410, 413, 414, 415, 416, 419, 420, 422, 434, 435, 436, 440, 441, 454, 455, 479, 480, 481, 482, 485, 486, 498, 499, 528, 529, 596, 597, 624, 625], "summary": {"covered_lines": 158, "num_statements": 336, "percent_covered": 47.023809523809526, "percent_covered_display": "47", "missing_lines": 178, "excluded_lines": 0, "percent_statements_covered": 47.023809523809526, "percent_statements_covered_display": "47"}, "missing_lines": [48, 55, 61, 72, 73, 105, 109, 110, 128, 135, 136, 137, 138, 139, 151, 152, 153, 154, 155, 156, 168, 169, 170, 171, 172, 173, 199, 203, 204, 208, 209, 210, 232, 239, 246, 257, 258, 289, 290, 292, 293, 294, 295, 297, 303, 308, 309, 311, 312, 313, 314, 316, 317, 318, 320, 321, 322, 323, 324, 325, 326, 327, 337, 338, 339, 340, 341, 342, 343, 344, 354, 355, 363, 364, 369, 370, 372, 373, 374, 375, 377, 378, 379, 380, 381, 383, 384, 385, 386, 398, 408, 417, 423, 424, 437, 438, 442, 443, 444, 467, 468, 469, 487, 488, 490, 491, 492, 493, 495, 500, 501, 503, 504, 505, 506, 508, 509, 517, 530, 531, 533, 534, 535, 537, 538, 539, 541, 542, 543, 544, 545, 547, 548, 549, 550, 551, 552, 553, 554, 555, 566, 567, 568, 569, 570, 571, 572, 573, 574, 585, 586, 589, 590, 598, 599, 601, 602, 603, 605, 606, 607, 609, 626, 627, 629, 630, 631, 632, 633, 635, 636, 637, 639, 640, 641, 642, 645, 647], "excluded_lines": [], "functions": {"_require_admin": {"executed_lines": [28, 29, 30, 31], "summary": {"covered_lines": 4, "num_statements": 4, "percent_covered": 100.0, "percent_covered_display": "100", "missing_lines": 0, "excluded_lines": 0, "percent_statements_covered": 100.0, "percent_statements_covered_display": "100"}, "missing_lines": [], "excluded_lines": [], "start_line": 27}, "location_list": {"executed_lines": [39, 40, 41, 42], "summary": {"covered_lines": 4, "num_statements": 4, "percent_covered": 100.0, "percent_covered_display": "100", "missing_lines": 0, "excluded_lines": 0, "percent_statements_covered": 100.0, "percent_statements_covered_display": "100"}, "missing_lines": [], "excluded_lines": [], "start_line": 38}, "location_create_page": {"executed_lines": [47, 49], "summary": {"covered_lines": 2, "num_statements": 3, "percent_covered": 66.66666666666667, "percent_covered_display": "67", "missing_lines": 1, "excluded_lines": 0, "percent_statements_covered": 66.66666666666667, "percent_statements_covered_display": "67"}, "missing_lines": [48], "excluded_lines": [], "start_line": 46}, "location_create_post": {"executed_lines": [54, 57, 58, 60, 70, 71, 82, 83, 84, 85, 94, 95, 98, 99], "summary": {"covered_lines": 14, "num_statements": 18, "percent_covered": 77.77777777777777, "percent_covered_display": "78", "missing_lines": 4, "excluded_lines": 0, "percent_statements_covered": 77.77777777777777, "percent_statements_covered_display": "78"}, "missing_lines": [55, 61, 72, 73], "excluded_lines": [], "start_line": 53}, "location_edit_page": {"executed_lines": [104, 107, 108, 112, 122], "summary": {"covered_lines": 5, "num_statements": 8, "percent_covered": 62.5, "percent_covered_display": "62", "missing_lines": 3, "excluded_lines": 0, "percent_statements_covered": 62.5, "percent_statements_covered_display": "62"}, "missing_lines": [105, 109, 110], "excluded_lines": [], "start_line": 103}, "location_edit_post": {"executed_lines": [127, 130, 131, 132, 134, 149, 150, 166, 167, 183, 184, 192, 193], "summary": {"covered_lines": 13, "num_statements": 31, "percent_covered": 41.935483870967744, "percent_covered_display": "42", "missing_lines": 18, "excluded_lines": 0, "percent_statements_covered": 41.935483870967744, "percent_statements_covered_display": "42"}, "missing_lines": [128, 135, 136, 137, 138, 139, 151, 152, 153, 154, 155, 156, 168, 169, 170, 171, 172, 173], "excluded_lines": [], "start_line": 126}, "location_delete_post": {"executed_lines": [198, 201, 202, 206, 207, 212, 213, 214, 215], "summary": {"covered_lines": 9, "num_statements": 15, "percent_covered": 60.0, "percent_covered_display": "60", "missing_lines": 6, "excluded_lines": 0, "percent_statements_covered": 60.0, "percent_statements_covered_display": "60"}, "missing_lines": [199, 203, 204, 208, 209, 210], "excluded_lines": [], "start_line": 197}, "category_list": {"executed_lines": [223, 224, 225, 226], "summary": {"covered_lines": 4, "num_statements": 4, "percent_covered": 100.0, "percent_covered_display": "100", "missing_lines": 0, "excluded_lines": 0, "percent_statements_covered": 100.0, "percent_statements_covered_display": "100"}, "missing_lines": [], "excluded_lines": [], "start_line": 222}, "category_create_page": {"executed_lines": [231, 233], "summary": {"covered_lines": 2, "num_statements": 3, "percent_covered": 66.66666666666667, "percent_covered_display": "67", "missing_lines": 1, "excluded_lines": 0, "percent_statements_covered": 66.66666666666667, "percent_statements_covered_display": "67"}, "missing_lines": [232], "excluded_lines": [], "start_line": 230}, "category_create_post": {"executed_lines": [238, 241, 242, 243, 245, 255, 256, 267, 268, 269, 270, 279, 280, 283, 284], "summary": {"covered_lines": 15, "num_statements": 19, "percent_covered": 78.94736842105263, "percent_covered_display": "79", "missing_lines": 4, "excluded_lines": 0, "percent_statements_covered": 78.94736842105263, "percent_statements_covered_display": "79"}, "missing_lines": [239, 246, 257, 258], "excluded_lines": [], "start_line": 237}, "category_edit_page": {"executed_lines": [], "summary": {"covered_lines": 0, "num_statements": 8, "percent_covered": 0.0, "percent_covered_display": "0", "missing_lines": 8, "excluded_lines": 0, "percent_statements_covered": 0.0, "percent_statements_covered_display": "0"}, "missing_lines": [289, 290, 292, 293, 294, 295, 297, 303], "excluded_lines": [], "start_line": 288}, "category_edit_post": {"executed_lines": [], "summary": {"covered_lines": 0, "num_statements": 29, "percent_covered": 0.0, "percent_covered_display": "0", "missing_lines": 29, "excluded_lines": 0, "percent_statements_covered": 0.0, "percent_statements_covered_display": "0"}, "missing_lines": [308, 309, 311, 312, 313, 314, 316, 317, 318, 320, 321, 322, 323, 324, 325, 326, 327, 337, 338, 339, 340, 341, 342, 343, 344, 354, 355, 363, 364], "excluded_lines": [], "start_line": 307}, "category_delete_post": {"executed_lines": [], "summary": {"covered_lines": 0, "num_statements": 15, "percent_covered": 0.0, "percent_covered_display": "0", "missing_lines": 15, "excluded_lines": 0, "percent_statements_covered": 0.0, "percent_statements_covered_display": "0"}, "missing_lines": [369, 370, 372, 373, 374, 375, 377, 378, 379, 380, 381, 383, 384, 385, 386], "excluded_lines": [], "start_line": 368}, "user_list": {"executed_lines": [394, 395, 396, 397, 400, 401, 402], "summary": {"covered_lines": 7, "num_statements": 8, "percent_covered": 87.5, "percent_covered_display": "88", "missing_lines": 1, "excluded_lines": 0, "percent_statements_covered": 87.5, "percent_statements_covered_display": "88"}, "missing_lines": [398], "excluded_lines": [], "start_line": 393}, "user_create_page": {"executed_lines": [407, 409, 410], "summary": {"covered_lines": 3, "num_statements": 4, "percent_covered": 75.0, "percent_covered_display": "75", "missing_lines": 1, "excluded_lines": 0, "percent_statements_covered": 75.0, "percent_statements_covered_display": "75"}, "missing_lines": [408], "excluded_lines": [], "start_line": 406}, "user_create_post": {"executed_lines": [415, 416, 419, 420, 422, 434, 435, 436, 440, 441, 454, 455, 479, 480, 481, 482], "summary": {"covered_lines": 16, "num_statements": 27, "percent_covered": 59.25925925925926, "percent_covered_display": "59", "missing_lines": 11, "excluded_lines": 0, "percent_statements_covered": 59.25925925925926, "percent_statements_covered_display": "59"}, "missing_lines": [417, 423, 424, 437, 438, 442, 443, 444, 467, 468, 469], "excluded_lines": [], "start_line": 414}, "user_detail": {"executed_lines": [], "summary": {"covered_lines": 0, "num_statements": 7, "percent_covered": 0.0, "percent_covered_display": "0", "missing_lines": 7, "excluded_lines": 0, "percent_statements_covered": 0.0, "percent_statements_covered_display": "0"}, "missing_lines": [487, 488, 490, 491, 492, 493, 495], "excluded_lines": [], "start_line": 486}, "user_edit_page": {"executed_lines": [], "summary": {"covered_lines": 0, "num_statements": 9, "percent_covered": 0.0, "percent_covered_display": "0", "missing_lines": 9, "excluded_lines": 0, "percent_statements_covered": 0.0, "percent_statements_covered_display": "0"}, "missing_lines": [500, 501, 503, 504, 505, 506, 508, 509, 517], "excluded_lines": [], "start_line": 499}, "user_edit_post": {"executed_lines": [], "summary": {"covered_lines": 0, "num_statements": 35, "percent_covered": 0.0, "percent_covered_display": "0", "missing_lines": 35, "excluded_lines": 0, "percent_statements_covered": 0.0, "percent_statements_covered_display": "0"}, "missing_lines": [530, 531, 533, 534, 535, 537, 538, 539, 541, 542, 543, 544, 545, 547, 548, 549, 550, 551, 552, 553, 554, 555, 566, 567, 568, 569, 570, 571, 572, 573, 574, 585, 586, 589, 590], "excluded_lines": [], "start_line": 529}, "audit_log_page": {"executed_lines": [], "summary": {"covered_lines": 0, "num_statements": 9, "percent_covered": 0.0, "percent_covered_display": "0", "missing_lines": 9, "excluded_lines": 0, "percent_statements_covered": 0.0, "percent_statements_covered_display": "0"}, "missing_lines": [598, 599, 601, 602, 603, 605, 606, 607, 609], "excluded_lines": [], "start_line": 597}, "page_visits_page": {"executed_lines": [], "summary": {"covered_lines": 0, "num_statements": 16, "percent_covered": 0.0, "percent_covered_display": "0", "missing_lines": 16, "excluded_lines": 0, "percent_statements_covered": 0.0, "percent_statements_covered_display": "0"}, "missing_lines": [626, 627, 629, 630, 631, 632, 633, 635, 636, 637, 639, 640, 641, 642, 645, 647], "excluded_lines": [], "start_line": 625}, "": {"executed_lines": [1, 2, 3, 4, 6, 7, 8, 9, 13, 14, 15, 16, 17, 18, 19, 20, 21, 22, 24, 27, 37, 38, 45, 46, 52, 53, 102, 103, 125, 126, 196, 197, 221, 222, 229, 230, 236, 237, 287, 288, 306, 307, 367, 368, 392, 393, 405, 406, 413, 414, 485, 486, 498, 499, 528, 529, 596, 597, 624, 625], "summary": {"covered_lines": 60, "num_statements": 60, "percent_covered": 100.0, "percent_covered_display": "100", "missing_lines": 0, "excluded_lines": 0, "percent_statements_covered": 100.0, "percent_statements_covered_display": "100"}, "missing_lines": [], "excluded_lines": [], "start_line": 1}}, "classes": {"": {"executed_lines": [1, 2, 3, 4, 6, 7, 8, 9, 13, 14, 15, 16, 17, 18, 19, 20, 21, 22, 24, 27, 28, 29, 30, 31, 37, 38, 39, 40, 41, 42, 45, 46, 47, 49, 52, 53, 54, 57, 58, 60, 70, 71, 82, 83, 84, 85, 94, 95, 98, 99, 102, 103, 104, 107, 108, 112, 122, 125, 126, 127, 130, 131, 132, 134, 149, 150, 166, 167, 183, 184, 192, 193, 196, 197, 198, 201, 202, 206, 207, 212, 213, 214, 215, 221, 222, 223, 224, 225, 226, 229, 230, 231, 233, 236, 237, 238, 241, 242, 243, 245, 255, 256, 267, 268, 269, 270, 279, 280, 283, 284, 287, 288, 306, 307, 367, 368, 392, 393, 394, 395, 396, 397, 400, 401, 402, 405, 406, 407, 409, 410, 413, 414, 415, 416, 419, 420, 422, 434, 435, 436, 440, 441, 454, 455, 479, 480, 481, 482, 485, 486, 498, 499, 528, 529, 596, 597, 624, 625], "summary": {"covered_lines": 158, "num_statements": 336, "percent_covered": 47.023809523809526, "percent_covered_display": "47", "missing_lines": 178, "excluded_lines": 0, "percent_statements_covered": 47.023809523809526, "percent_statements_covered_display": "47"}, "missing_lines": [48, 55, 61, 72, 73, 105, 109, 110, 128, 135, 136, 137, 138, 139, 151, 152, 153, 154, 155, 156, 168, 169, 170, 171, 172, 173, 199, 203, 204, 208, 209, 210, 232, 239, 246, 257, 258, 289, 290, 292, 293, 294, 295, 297, 303, 308, 309, 311, 312, 313, 314, 316, 317, 318, 320, 321, 322, 323, 324, 325, 326, 327, 337, 338, 339, 340, 341, 342, 343, 344, 354, 355, 363, 364, 369, 370, 372, 373, 374, 375, 377, 378, 379, 380, 381, 383, 384, 385, 386, 398, 408, 417, 423, 424, 437, 438, 442, 443, 444, 467, 468, 469, 487, 488, 490, 491, 492, 493, 495, 500, 501, 503, 504, 505, 506, 508, 509, 517, 530, 531, 533, 534, 535, 537, 538, 539, 541, 542, 543, 544, 545, 547, 548, 549, 550, 551, 552, 553, 554, 555, 566, 567, 568, 569, 570, 571, 572, 573, 574, 585, 586, 589, 590, 598, 599, 601, 602, 603, 605, 606, 607, 609, 626, 627, 629, 630, 631, 632, 633, 635, 636, 637, 639, 640, 641, 642, 645, 647], "excluded_lines": [], "start_line": 1}}}, "app/routes/web/auth.py": {"executed_lines": [1, 2, 3, 4, 6, 7, 8, 9, 10, 11, 12, 13, 14, 15, 16, 17, 18, 20, 23, 24, 25, 27, 30, 31, 32, 33, 35, 42, 43, 51, 53, 54, 55, 61, 62, 68, 69, 70, 71, 72, 73, 74, 75, 76, 77, 78, 81, 82, 83, 92, 95, 96, 105, 106, 125, 126, 182, 183, 184, 185, 186, 187, 188, 189, 192, 193, 194, 196, 199, 200, 201, 202, 204, 211, 212, 213, 214, 220, 221, 232, 233, 240, 241, 242, 243, 244, 253, 256, 257, 263, 264], "summary": {"covered_lines": 91, "num_statements": 153, "percent_covered": 59.47712418300654, "percent_covered_display": "59", "missing_lines": 62, "excluded_lines": 0, "percent_statements_covered": 59.47712418300654, "percent_statements_covered_display": "59"}, "missing_lines": [26, 36, 44, 45, 56, 97, 98, 99, 101, 102, 107, 108, 109, 111, 112, 127, 128, 129, 131, 132, 134, 135, 144, 145, 146, 148, 149, 150, 151, 152, 153, 154, 156, 157, 166, 167, 168, 169, 178, 179, 195, 205, 258, 259, 260, 265, 266, 268, 269, 271, 272, 278, 279, 280, 281, 287, 288, 289, 290, 296, 297, 298], "excluded_lines": [], "functions": {"login_page": {"executed_lines": [25, 27], "summary": {"covered_lines": 2, "num_statements": 3, "percent_covered": 66.66666666666667, "percent_covered_display": "67", "missing_lines": 1, "excluded_lines": 0, "percent_statements_covered": 66.66666666666667, "percent_statements_covered_display": "67"}, "missing_lines": [26], "excluded_lines": [], "start_line": 24}, "login_post": {"executed_lines": [32, 33, 35, 42, 43, 51, 53, 54, 55, 61, 62, 68, 69, 70, 71, 72, 73, 74, 75, 76, 77, 78, 81, 82, 83, 92], "summary": {"covered_lines": 26, "num_statements": 30, "percent_covered": 86.66666666666667, "percent_covered_display": "87", "missing_lines": 4, "excluded_lines": 0, "percent_statements_covered": 86.66666666666667, "percent_statements_covered_display": "87"}, "missing_lines": [36, 44, 45, 56], "excluded_lines": [], "start_line": 31}, "profile_page": {"executed_lines": [], "summary": {"covered_lines": 0, "num_statements": 5, "percent_covered": 0.0, "percent_covered_display": "0", "missing_lines": 5, "excluded_lines": 0, "percent_statements_covered": 0.0, "percent_statements_covered_display": "0"}, "missing_lines": [97, 98, 99, 101, 102], "excluded_lines": [], "start_line": 96}, "profile_edit_page": {"executed_lines": [], "summary": {"covered_lines": 0, "num_statements": 5, "percent_covered": 0.0, "percent_covered_display": "0", "missing_lines": 5, "excluded_lines": 0, "percent_statements_covered": 0.0, "percent_statements_covered_display": "0"}, "missing_lines": [107, 108, 109, 111, 112], "excluded_lines": [], "start_line": 106}, "profile_edit_post": {"executed_lines": [], "summary": {"covered_lines": 0, "num_statements": 25, "percent_covered": 0.0, "percent_covered_display": "0", "missing_lines": 25, "excluded_lines": 0, "percent_statements_covered": 0.0, "percent_statements_covered_display": "0"}, "missing_lines": [127, 128, 129, 131, 132, 134, 135, 144, 145, 146, 148, 149, 150, 151, 152, 153, 154, 156, 157, 166, 167, 168, 169, 178, 179], "excluded_lines": [], "start_line": 126}, "logout_post": {"executed_lines": [184, 185, 186, 187, 188, 189], "summary": {"covered_lines": 6, "num_statements": 6, "percent_covered": 100.0, "percent_covered_display": "100", "missing_lines": 0, "excluded_lines": 0, "percent_statements_covered": 100.0, "percent_statements_covered_display": "100"}, "missing_lines": [], "excluded_lines": [], "start_line": 183}, "register_page": {"executed_lines": [194, 196], "summary": {"covered_lines": 2, "num_statements": 3, "percent_covered": 66.66666666666667, "percent_covered_display": "67", "missing_lines": 1, "excluded_lines": 0, "percent_statements_covered": 66.66666666666667, "percent_statements_covered_display": "67"}, "missing_lines": [195], "excluded_lines": [], "start_line": 193}, "register_post": {"executed_lines": [201, 202, 204, 211, 212, 213, 214, 220, 221, 232, 233, 240, 241, 242, 243, 244, 253], "summary": {"covered_lines": 17, "num_statements": 18, "percent_covered": 94.44444444444444, "percent_covered_display": "94", "missing_lines": 1, "excluded_lines": 0, "percent_statements_covered": 94.44444444444444, "percent_statements_covered_display": "94"}, "missing_lines": [205], "excluded_lines": [], "start_line": 200}, "change_password_page": {"executed_lines": [], "summary": {"covered_lines": 0, "num_statements": 3, "percent_covered": 0.0, "percent_covered_display": "0", "missing_lines": 3, "excluded_lines": 0, "percent_statements_covered": 0.0, "percent_statements_covered_display": "0"}, "missing_lines": [258, 259, 260], "excluded_lines": [], "start_line": 257}, "change_password_post": {"executed_lines": [], "summary": {"covered_lines": 0, "num_statements": 17, "percent_covered": 0.0, "percent_covered_display": "0", "missing_lines": 17, "excluded_lines": 0, "percent_statements_covered": 0.0, "percent_statements_covered_display": "0"}, "missing_lines": [265, 266, 268, 269, 271, 272, 278, 279, 280, 281, 287, 288, 289, 290, 296, 297, 298], "excluded_lines": [], "start_line": 264}, "": {"executed_lines": [1, 2, 3, 4, 6, 7, 8, 9, 10, 11, 12, 13, 14, 15, 16, 17, 18, 20, 23, 24, 30, 31, 95, 96, 105, 106, 125, 126, 182, 183, 192, 193, 199, 200, 256, 257, 263, 264], "summary": {"covered_lines": 38, "num_statements": 38, "percent_covered": 100.0, "percent_covered_display": "100", "missing_lines": 0, "excluded_lines": 0, "percent_statements_covered": 100.0, "percent_statements_covered_display": "100"}, "missing_lines": [], "excluded_lines": [], "start_line": 1}}, "classes": {"": {"executed_lines": [1, 2, 3, 4, 6, 7, 8, 9, 10, 11, 12, 13, 14, 15, 16, 17, 18, 20, 23, 24, 25, 27, 30, 31, 32, 33, 35, 42, 43, 51, 53, 54, 55, 61, 62, 68, 69, 70, 71, 72, 73, 74, 75, 76, 77, 78, 81, 82, 83, 92, 95, 96, 105, 106, 125, 126, 182, 183, 184, 185, 186, 187, 188, 189, 192, 193, 194, 196, 199, 200, 201, 202, 204, 211, 212, 213, 214, 220, 221, 232, 233, 240, 241, 242, 243, 244, 253, 256, 257, 263, 264], "summary": {"covered_lines": 91, "num_statements": 153, "percent_covered": 59.47712418300654, "percent_covered_display": "59", "missing_lines": 62, "excluded_lines": 0, "percent_statements_covered": 59.47712418300654, "percent_statements_covered_display": "59"}, "missing_lines": [26, 36, 44, 45, 56, 97, 98, 99, 101, 102, 107, 108, 109, 111, 112, 127, 128, 129, 131, 132, 134, 135, 144, 145, 146, 148, 149, 150, 151, 152, 153, 154, 156, 157, 166, 167, 168, 169, 178, 179, 195, 205, 258, 259, 260, 265, 266, 268, 269, 271, 272, 278, 279, 280, 281, 287, 288, 289, 290, 296, 297, 298], "excluded_lines": [], "start_line": 1}}}, "app/routes/web/dashboard.py": {"executed_lines": [1, 2, 3, 5, 6, 7, 8, 9, 10, 11, 12, 13, 15, 18, 19, 20, 21, 22, 24, 26, 27, 28, 31, 34, 35, 38, 41, 42, 43, 65, 67, 74, 82, 90, 91, 98, 106], "summary": {"covered_lines": 37, "num_statements": 41, "percent_covered": 90.2439024390244, "percent_covered_display": "90", "missing_lines": 4, "excluded_lines": 0, "percent_statements_covered": 90.2439024390244, "percent_statements_covered_display": "90"}, "missing_lines": [44, 45, 50, 55], "excluded_lines": [], "functions": {"dashboard": {"executed_lines": [20, 21, 22, 24, 26, 27, 28, 31, 34, 35, 38, 41, 42, 43, 65, 67, 74, 82, 90, 91, 98, 106], "summary": {"covered_lines": 22, "num_statements": 26, "percent_covered": 84.61538461538461, "percent_covered_display": "85", "missing_lines": 4, "excluded_lines": 0, "percent_statements_covered": 84.61538461538461, "percent_statements_covered_display": "85"}, "missing_lines": [44, 45, 50, 55], "excluded_lines": [], "start_line": 19}, "": {"executed_lines": [1, 2, 3, 5, 6, 7, 8, 9, 10, 11, 12, 13, 15, 18, 19], "summary": {"covered_lines": 15, "num_statements": 15, "percent_covered": 100.0, "percent_covered_display": "100", "missing_lines": 0, "excluded_lines": 0, "percent_statements_covered": 100.0, "percent_statements_covered_display": "100"}, "missing_lines": [], "excluded_lines": [], "start_line": 1}}, "classes": {"": {"executed_lines": [1, 2, 3, 5, 6, 7, 8, 9, 10, 11, 12, 13, 15, 18, 19, 20, 21, 22, 24, 26, 27, 28, 31, 34, 35, 38, 41, 42, 43, 65, 67, 74, 82, 90, 91, 98, 106], "summary": {"covered_lines": 37, "num_statements": 41, "percent_covered": 90.2439024390244, "percent_covered_display": "90", "missing_lines": 4, "excluded_lines": 0, "percent_statements_covered": 90.2439024390244, "percent_statements_covered_display": "90"}, "missing_lines": [44, 45, 50, 55], "excluded_lines": [], "start_line": 1}}}, "app/routes/web/maintenance.py": {"executed_lines": [1, 3, 4, 5, 6, 8, 9, 10, 14, 15, 16, 17, 18, 19, 21, 24, 25, 26, 27, 31, 32, 35, 36, 37, 38, 39, 41, 42, 44, 45, 46, 47, 48, 50, 53, 54, 55, 56, 59, 60, 64, 65, 66, 69, 70, 71, 72, 75, 76, 78, 79, 80, 82, 87, 88, 89, 90, 91, 93, 94, 100, 101, 113, 114, 115, 116, 118, 120, 121, 122, 124, 126, 129, 130, 153, 154, 155, 156, 157, 159, 160, 164, 165, 166, 173, 176, 177, 178, 179, 182, 183, 185, 189, 190, 191, 192, 194, 195, 205, 206, 224, 225, 228, 229, 230, 231, 232, 234, 235, 239, 240, 245, 246], "summary": {"covered_lines": 113, "num_statements": 161, "percent_covered": 70.1863354037267, "percent_covered_display": "70", "missing_lines": 48, "excluded_lines": 0, "percent_statements_covered": 70.1863354037267, "percent_statements_covered_display": "70"}, "missing_lines": [29, 57, 73, 83, 84, 85, 95, 96, 97, 98, 123, 125, 131, 132, 133, 135, 136, 137, 138, 140, 141, 142, 161, 162, 180, 186, 187, 196, 197, 198, 199, 200, 201, 202, 203, 215, 216, 217, 218, 219, 220, 221, 222, 236, 237, 241, 242, 243], "excluded_lines": [], "functions": {"_record_form_context": {"executed_lines": [25, 26, 27, 31, 32], "summary": {"covered_lines": 5, "num_statements": 6, "percent_covered": 83.33333333333333, "percent_covered_display": "83", "missing_lines": 1, "excluded_lines": 0, "percent_statements_covered": 83.33333333333333, "percent_statements_covered_display": "83"}, "missing_lines": [29], "excluded_lines": [], "start_line": 24}, "maintenance_list": {"executed_lines": [37, 38, 39, 41, 42, 44, 45, 46, 47, 48, 50], "summary": {"covered_lines": 11, "num_statements": 11, "percent_covered": 100.0, "percent_covered_display": "100", "missing_lines": 0, "excluded_lines": 0, "percent_statements_covered": 100.0, "percent_statements_covered_display": "100"}, "missing_lines": [], "excluded_lines": [], "start_line": 36}, "maintenance_create_page": {"executed_lines": [55, 56, 59, 60, 64, 65, 66], "summary": {"covered_lines": 7, "num_statements": 8, "percent_covered": 87.5, "percent_covered_display": "88", "missing_lines": 1, "excluded_lines": 0, "percent_statements_covered": 87.5, "percent_statements_covered_display": "88"}, "missing_lines": [57], "excluded_lines": [], "start_line": 54}, "maintenance_create_post": {"executed_lines": [71, 72, 75, 76, 78, 79, 80, 82, 87, 88, 89, 90, 91, 93, 94, 100, 101, 113, 114, 115, 116, 118, 120, 121, 122, 124, 126], "summary": {"covered_lines": 27, "num_statements": 37, "percent_covered": 72.97297297297297, "percent_covered_display": "73", "missing_lines": 10, "excluded_lines": 0, "percent_statements_covered": 72.97297297297297, "percent_statements_covered_display": "73"}, "missing_lines": [73, 83, 84, 85, 95, 96, 97, 98, 123, 125], "excluded_lines": [], "start_line": 70}, "maintenance_detail_page": {"executed_lines": [], "summary": {"covered_lines": 0, "num_statements": 10, "percent_covered": 0.0, "percent_covered_display": "0", "missing_lines": 10, "excluded_lines": 0, "percent_statements_covered": 0.0, "percent_statements_covered_display": "0"}, "missing_lines": [131, 132, 133, 135, 136, 137, 138, 140, 141, 142], "excluded_lines": [], "start_line": 130}, "maintenance_edit_page": {"executed_lines": [155, 156, 157, 159, 160, 164, 165, 166, 173], "summary": {"covered_lines": 9, "num_statements": 11, "percent_covered": 81.81818181818181, "percent_covered_display": "82", "missing_lines": 2, "excluded_lines": 0, "percent_statements_covered": 81.81818181818181, "percent_statements_covered_display": "82"}, "missing_lines": [161, 162], "excluded_lines": [], "start_line": 154}, "maintenance_edit_post": {"executed_lines": [178, 179, 182, 183, 185, 189, 190, 191, 192, 194, 195, 205, 206, 224, 225], "summary": {"covered_lines": 15, "num_statements": 34, "percent_covered": 44.11764705882353, "percent_covered_display": "44", "missing_lines": 19, "excluded_lines": 0, "percent_statements_covered": 44.11764705882353, "percent_statements_covered_display": "44"}, "missing_lines": [180, 186, 187, 196, 197, 198, 199, 200, 201, 202, 203, 215, 216, 217, 218, 219, 220, 221, 222], "excluded_lines": [], "start_line": 177}, "maintenance_delete_post": {"executed_lines": [230, 231, 232, 234, 235, 239, 240, 245, 246], "summary": {"covered_lines": 9, "num_statements": 14, "percent_covered": 64.28571428571429, "percent_covered_display": "64", "missing_lines": 5, "excluded_lines": 0, "percent_statements_covered": 64.28571428571429, "percent_statements_covered_display": "64"}, "missing_lines": [236, 237, 241, 242, 243], "excluded_lines": [], "start_line": 229}, "": {"executed_lines": [1, 3, 4, 5, 6, 8, 9, 10, 14, 15, 16, 17, 18, 19, 21, 24, 35, 36, 53, 54, 69, 70, 129, 130, 153, 154, 176, 177, 228, 229], "summary": {"covered_lines": 30, "num_statements": 30, "percent_covered": 100.0, "percent_covered_display": "100", "missing_lines": 0, "excluded_lines": 0, "percent_statements_covered": 100.0, "percent_statements_covered_display": "100"}, "missing_lines": [], "excluded_lines": [], "start_line": 1}}, "classes": {"": {"executed_lines": [1, 3, 4, 5, 6, 8, 9, 10, 14, 15, 16, 17, 18, 19, 21, 24, 25, 26, 27, 31, 32, 35, 36, 37, 38, 39, 41, 42, 44, 45, 46, 47, 48, 50, 53, 54, 55, 56, 59, 60, 64, 65, 66, 69, 70, 71, 72, 75, 76, 78, 79, 80, 82, 87, 88, 89, 90, 91, 93, 94, 100, 101, 113, 114, 115, 116, 118, 120, 121, 122, 124, 126, 129, 130, 153, 154, 155, 156, 157, 159, 160, 164, 165, 166, 173, 176, 177, 178, 179, 182, 183, 185, 189, 190, 191, 192, 194, 195, 205, 206, 224, 225, 228, 229, 230, 231, 232, 234, 235, 239, 240, 245, 246], "summary": {"covered_lines": 113, "num_statements": 161, "percent_covered": 70.1863354037267, "percent_covered_display": "70", "missing_lines": 48, "excluded_lines": 0, "percent_statements_covered": 70.1863354037267, "percent_statements_covered_display": "70"}, "missing_lines": [29, 57, 73, 83, 84, 85, 95, 96, 97, 98, 123, 125, 131, 132, 133, 135, 136, 137, 138, 140, 141, 142, 161, 162, 180, 186, 187, 196, 197, 198, 199, 200, 201, 202, 203, 215, 216, 217, 218, 219, 220, 221, 222, 236, 237, 241, 242, 243], "excluded_lines": [], "start_line": 1}}}, "app/routes/web/mileage.py": {"executed_lines": [1, 2, 3, 4, 6, 7, 8, 9, 10, 11, 12, 13, 14, 16, 19, 20, 23, 24, 27, 28, 29, 30, 31, 33, 34, 36, 37, 38, 39, 40, 42, 45, 46, 47, 48, 51, 52, 53, 54, 55, 67, 68, 69, 70, 73, 74, 76, 77, 78, 80, 93, 94, 95, 97, 98, 112, 113, 123, 124, 125, 136, 137, 139, 141, 144, 145, 168, 169, 170, 171, 172, 174, 175, 179, 184, 187, 188, 189, 190, 193, 194, 196, 200, 201, 203, 204, 220, 221, 243, 244, 247, 248, 249, 250, 251, 253, 254, 258, 259, 264, 265], "summary": {"covered_lines": 101, "num_statements": 143, "percent_covered": 70.62937062937063, "percent_covered_display": "71", "missing_lines": 42, "excluded_lines": 0, "percent_statements_covered": 70.62937062937063, "percent_statements_covered_display": "71"}, "missing_lines": [21, 49, 71, 81, 82, 99, 100, 101, 138, 140, 146, 147, 148, 150, 151, 152, 153, 155, 156, 157, 176, 177, 191, 197, 198, 205, 206, 207, 208, 209, 210, 228, 229, 230, 231, 232, 233, 255, 256, 260, 261, 262], "excluded_lines": [], "functions": {"_form_vehicles": {"executed_lines": [20, 23, 24], "summary": {"covered_lines": 3, "num_statements": 4, "percent_covered": 75.0, "percent_covered_display": "75", "missing_lines": 1, "excluded_lines": 0, "percent_statements_covered": 75.0, "percent_statements_covered_display": "75"}, "missing_lines": [21], "excluded_lines": [], "start_line": 19}, "mileage_list": {"executed_lines": [29, 30, 31, 33, 34, 36, 37, 38, 39, 40, 42], "summary": {"covered_lines": 11, "num_statements": 11, "percent_covered": 100.0, "percent_covered_display": "100", "missing_lines": 0, "excluded_lines": 0, "percent_statements_covered": 100.0, "percent_statements_covered_display": "100"}, "missing_lines": [], "excluded_lines": [], "start_line": 28}, "mileage_create_page": {"executed_lines": [47, 48, 51, 52, 53, 54, 55], "summary": {"covered_lines": 7, "num_statements": 8, "percent_covered": 87.5, "percent_covered_display": "88", "missing_lines": 1, "excluded_lines": 0, "percent_statements_covered": 87.5, "percent_statements_covered_display": "88"}, "missing_lines": [49], "excluded_lines": [], "start_line": 46}, "mileage_create_post": {"executed_lines": [69, 70, 73, 74, 76, 77, 78, 80, 93, 94, 95, 97, 98, 112, 113, 123, 124, 125, 136, 137, 139, 141], "summary": {"covered_lines": 22, "num_statements": 30, "percent_covered": 73.33333333333333, "percent_covered_display": "73", "missing_lines": 8, "excluded_lines": 0, "percent_statements_covered": 73.33333333333333, "percent_statements_covered_display": "73"}, "missing_lines": [71, 81, 82, 99, 100, 101, 138, 140], "excluded_lines": [], "start_line": 68}, "mileage_detail_page": {"executed_lines": [], "summary": {"covered_lines": 0, "num_statements": 10, "percent_covered": 0.0, "percent_covered_display": "0", "missing_lines": 10, "excluded_lines": 0, "percent_statements_covered": 0.0, "percent_statements_covered_display": "0"}, "missing_lines": [146, 147, 148, 150, 151, 152, 153, 155, 156, 157], "excluded_lines": [], "start_line": 145}, "mileage_edit_page": {"executed_lines": [170, 171, 172, 174, 175, 179, 184], "summary": {"covered_lines": 7, "num_statements": 9, "percent_covered": 77.77777777777777, "percent_covered_display": "78", "missing_lines": 2, "excluded_lines": 0, "percent_statements_covered": 77.77777777777777, "percent_statements_covered_display": "78"}, "missing_lines": [176, 177], "excluded_lines": [], "start_line": 169}, "mileage_edit_post": {"executed_lines": [189, 190, 193, 194, 196, 200, 201, 203, 204, 220, 221, 243, 244], "summary": {"covered_lines": 13, "num_statements": 28, "percent_covered": 46.42857142857143, "percent_covered_display": "46", "missing_lines": 15, "excluded_lines": 0, "percent_statements_covered": 46.42857142857143, "percent_statements_covered_display": "46"}, "missing_lines": [191, 197, 198, 205, 206, 207, 208, 209, 210, 228, 229, 230, 231, 232, 233], "excluded_lines": [], "start_line": 188}, "mileage_delete_post": {"executed_lines": [249, 250, 251, 253, 254, 258, 259, 264, 265], "summary": {"covered_lines": 9, "num_statements": 14, "percent_covered": 64.28571428571429, "percent_covered_display": "64", "missing_lines": 5, "excluded_lines": 0, "percent_statements_covered": 64.28571428571429, "percent_statements_covered_display": "64"}, "missing_lines": [255, 256, 260, 261, 262], "excluded_lines": [], "start_line": 248}, "": {"executed_lines": [1, 2, 3, 4, 6, 7, 8, 9, 10, 11, 12, 13, 14, 16, 19, 27, 28, 45, 46, 67, 68, 144, 145, 168, 169, 187, 188, 247, 248], "summary": {"covered_lines": 29, "num_statements": 29, "percent_covered": 100.0, "percent_covered_display": "100", "missing_lines": 0, "excluded_lines": 0, "percent_statements_covered": 100.0, "percent_statements_covered_display": "100"}, "missing_lines": [], "excluded_lines": [], "start_line": 1}}, "classes": {"": {"executed_lines": [1, 2, 3, 4, 6, 7, 8, 9, 10, 11, 12, 13, 14, 16, 19, 20, 23, 24, 27, 28, 29, 30, 31, 33, 34, 36, 37, 38, 39, 40, 42, 45, 46, 47, 48, 51, 52, 53, 54, 55, 67, 68, 69, 70, 73, 74, 76, 77, 78, 80, 93, 94, 95, 97, 98, 112, 113, 123, 124, 125, 136, 137, 139, 141, 144, 145, 168, 169, 170, 171, 172, 174, 175, 179, 184, 187, 188, 189, 190, 193, 194, 196, 200, 201, 203, 204, 220, 221, 243, 244, 247, 248, 249, 250, 251, 253, 254, 258, 259, 264, 265], "summary": {"covered_lines": 101, "num_statements": 143, "percent_covered": 70.62937062937063, "percent_covered_display": "71", "missing_lines": 42, "excluded_lines": 0, "percent_statements_covered": 70.62937062937063, "percent_statements_covered_display": "71"}, "missing_lines": [21, 49, 71, 81, 82, 99, 100, 101, 138, 140, 146, 147, 148, 150, 151, 152, 153, 155, 156, 157, 176, 177, 191, 197, 198, 205, 206, 207, 208, 209, 210, 228, 229, 230, 231, 232, 233, 255, 256, 260, 261, 262], "excluded_lines": [], "start_line": 1}}}, "app/routes/web/requests.py": {"executed_lines": [1, 2, 3, 4, 6, 7, 8, 14, 15, 16, 17, 18, 19, 20, 21, 22, 23, 25, 31, 32, 33, 34, 35, 37, 38, 40, 42, 45, 46,
[...]
[], "excluded_lines": [], "start_line": 81}, "add_flash": {"executed_lines": [92, 94, 95, 96, 97], "summary": {"covered_lines": 5, "num_statements": 6, "percent_covered": 83.33333333333333, "percent_covered_display": "83", "missing_lines": 1, "excluded_lines": 0, "percent_statements_covered": 83.33333333333333, "percent_statements_covered_display": "83"}, "missing_lines": [93], "excluded_lines": [], "start_line": 91}, "get_flashes": {"executed_lines": [101, 103, 104, 105, 106, 107, 108, 109, 110], "summary": {"covered_lines": 9, "num_statements": 10, "percent_covered": 90.0, "percent_covered_display": "90", "missing_lines": 1, "excluded_lines": 0, "percent_statements_covered": 90.0, "percent_statements_covered_display": "90"}, "missing_lines": [102], "excluded_lines": [], "start_line": 100}, "record_failed_login": {"executed_lines": [117, 118, 119, 120], "summary": {"covered_lines": 4, "num_statements": 4, "percent_covered": 100.0, "percent_covered_display": "100", "missing_lines": 0, "excluded_lines": 0, "percent_statements_covered": 100.0, "percent_statements_covered_display": "100"}, "missing_lines": [], "excluded_lines": [], "start_line": 116}, "is_locked_out": {"executed_lines": [124, 125, 126, 127, 128], "summary": {"covered_lines": 5, "num_statements": 5, "percent_covered": 100.0, "percent_covered_display": "100", "missing_lines": 0, "excluded_lines": 0, "percent_statements_covered": 100.0, "percent_statements_covered_display": "100"}, "missing_lines": [], "excluded_lines": [], "start_line": 123}, "get_lockout_remaining": {"executed_lines": [], "summary": {"covered_lines": 0, "num_statements": 3, "percent_covered": 0.0, "percent_covered_display": "0", "missing_lines": 3, "excluded_lines": 0, "percent_statements_covered": 0.0, "percent_statements_covered_display": "0"}, "missing_lines": [132, 133, 134], "excluded_lines": [], "start_line": 131}, "clear_login_attempts": {"executed_lines": [138], "summary": {"covered_lines": 1, "num_statements": 1, "percent_covered": 100.0, "percent_covered_display": "100", "missing_lines": 0, "excluded_lines": 0, "percent_statements_covered": 100.0, "percent_statements_covered_display": "100"}, "missing_lines": [], "excluded_lines": [], "start_line": 137}, "": {"executed_lines": [1, 2, 3, 5, 7, 9, 11, 12, 13, 14, 17, 23, 46, 55, 70, 81, 91, 100, 116, 123, 131, 137], "summary": {"covered_lines": 22, "num_statements": 22, "percent_covered": 100.0, "percent_covered_display": "100", "missing_lines": 0, "excluded_lines": 0, "percent_statements_covered": 100.0, "percent_statements_covered_display": "100"}, "missing_lines": [], "excluded_lines": [], "start_line": 1}}, "classes": {"": {"executed_lines": [1, 2, 3, 5, 7, 9, 11, 12, 13, 14, 17, 19, 20, 23, 24, 25, 26, 33, 38, 43, 46, 47, 49, 50, 51, 52, 55, 57, 59, 63, 64, 70, 71, 73, 74, 75, 76, 77, 78, 81, 82, 83, 84, 85, 91, 92, 94, 95, 96, 97, 100, 101, 103, 104, 105, 106, 107, 108, 109, 110, 116, 117, 118, 119, 120, 123, 124, 125, 126, 127, 128, 131, 137, 138], "summary": {"covered_lines": 74, "num_statements": 82, "percent_covered": 90.2439024390244, "percent_covered_display": "90", "missing_lines": 8, "excluded_lines": 0, "percent_statements_covered": 90.2439024390244, "percent_statements_covered_display": "90"}, "missing_lines": [48, 58, 72, 93, 102, 132, 133, 134], "excluded_lines": [], "start_line": 1}}}, "app/services/user.py": {"executed_lines": [1, 3, 8, 9, 12, 13, 14, 15, 16, 19, 20, 23, 24, 25, 26, 27, 30, 42, 43, 45, 46, 48, 49, 51, 52, 53, 55, 65, 66, 67, 68, 71, 81, 83, 84, 85, 87, 88, 89, 90, 92, 93, 94, 95, 96, 97, 98, 99, 100, 103], "summary": {"covered_lines": 50, "num_statements": 60, "percent_covered": 83.33333333333333, "percent_covered_display": "83", "missing_lines": 10, "excluded_lines": 0, "percent_statements_covered": 83.33333333333333, "percent_statements_covered_display": "83"}, "missing_lines": [110, 112, 113, 114, 116, 117, 118, 119, 120, 121], "excluded_lines": [], "functions": {"get_user_by_id": {"executed_lines": [13, 14, 15, 16], "summary": {"covered_lines": 4, "num_statements": 4, "percent_covered": 100.0, "percent_covered_display": "100", "missing_lines": 0, "excluded_lines": 0, "percent_statements_covered": 100.0, "percent_statements_covered_display": "100"}, "missing_lines": [], "excluded_lines": [], "start_line": 12}, "get_all_users": {"executed_lines": [20], "summary": {"covered_lines": 1, "num_statements": 1, "percent_covered": 100.0, "percent_covered_display": "100", "missing_lines": 0, "excluded_lines": 0, "percent_statements_covered": 100.0, "percent_statements_covered_display": "100"}, "missing_lines": [], "excluded_lines": [], "start_line": 19}, "get_standard_users": {"executed_lines": [24, 25, 26, 27], "summary": {"covered_lines": 4, "num_statements": 4, "percent_covered": 100.0, "percent_covered_display": "100", "missing_lines": 0, "excluded_lines": 0, "percent_statements_covered": 100.0, "percent_statements_covered_display": "100"}, "missing_lines": [], "excluded_lines": [], "start_line": 23}, "create_user": {"executed_lines": [42, 43, 45, 46, 48, 49, 51, 52, 53, 55, 65, 66, 67, 68], "summary": {"covered_lines": 14, "num_statements": 14, "percent_covered": 100.0, "percent_covered_display": "100", "missing_lines": 0, "excluded_lines": 0, "percent_statements_covered": 100.0, "percent_statements_covered_display": "100"}, "missing_lines": [], "excluded_lines": [], "start_line": 30}, "update_user": {"executed_lines": [81, 83, 84, 85, 87, 88, 89, 90, 92, 93, 94, 95, 96, 97, 98, 99, 100], "summary": {"covered_lines": 17, "num_statements": 17, "percent_covered": 100.0, "percent_covered_display": "100", "missing_lines": 0, "excluded_lines": 0, "percent_statements_covered": 100.0, "percent_statements_covered_display": "100"}, "missing_lines": [], "excluded_lines": [], "start_line": 71}, "update_profile": {"executed_lines": [], "summary": {"covered_lines": 0, "num_statements": 10, "percent_covered": 0.0, "percent_covered_display": "0", "missing_lines": 10, "excluded_lines": 0, "percent_statements_covered": 0.0, "percent_statements_covered_display": "0"}, "missing_lines": [110, 112, 113, 114, 116, 117, 118, 119, 120, 121], "excluded_lines": [], "start_line": 103}, "": {"executed_lines": [1, 3, 8, 9, 12, 19, 23, 30, 71, 103], "summary": {"covered_lines": 10, "num_statements": 10, "percent_covered": 100.0, "percent_covered_display": "100", "missing_lines": 0, "excluded_lines": 0, "percent_statements_covered": 100.0, "percent_statements_covered_display": "100"}, "missing_lines": [], "excluded_lines": [], "start_line": 1}}, "classes": {"": {"executed_lines": [1, 3, 8, 9, 12, 13, 14, 15, 16, 19, 20, 23, 24, 25, 26, 27, 30, 42, 43, 45, 46, 48, 49, 51, 52, 53, 55, 65, 66, 67, 68, 71, 81, 83, 84, 85, 87, 88, 89, 90, 92, 93, 94, 95, 96, 97, 98, 99, 100, 103], "summary": {"covered_lines": 50, "num_statements": 60, "percent_covered": 83.33333333333333, "percent_covered_display": "83", "missing_lines": 10, "excluded_lines": 0, "percent_statements_covered": 83.33333333333333, "percent_statements_covered_display": "83"}, "missing_lines": [110, 112, 113, 114, 116, 117, 118, 119, 120, 121], "excluded_lines": [], "start_line": 1}}}, "app/services/vehicle.py": {"executed_lines": [1, 3, 9, 10, 11, 14, 15, 16, 17, 18, 21, 22, 25, 26, 37, 38, 39, 40, 41, 44, 56, 57, 58, 60, 65, 67, 68, 70, 71, 72, 73, 74, 75, 76, 77, 79, 90, 91, 92, 93, 96, 108, 110, 111, 113, 114, 117, 124, 125, 127, 132, 133, 135, 136, 137, 139, 140, 144, 145, 146, 147, 148, 149, 150, 151, 152, 153, 154, 157, 158, 159, 160, 163, 174], "summary": {"covered_lines": 74, "num_statements": 94, "percent_covered": 78.72340425531915, "percent_covered_display": "79", "missing_lines": 20, "excluded_lines": 0, "percent_statements_covered": 78.72340425531915, "percent_statements_covered_display": "79"}, "missing_lines": [115, 138, 141, 142, 164, 165, 166, 167, 168, 169, 170, 171, 175, 176, 177, 178, 179, 180, 181, 182], "excluded_lines": [], "functions": {"get_vehicle_by_id": {"executed_lines": [15, 16, 17, 18], "summary": {"covered_lines": 4, "num_statements": 4, "percent_covered": 100.0, "percent_covered_display": "100", "missing_lines": 0, "excluded_lines": 0, "percent_statements_covered": 100.0, "percent_statements_covered_display": "100"}, "missing_lines": [], "excluded_lines": [], "start_line": 14}, "get_all_vehicles": {"executed_lines": [22], "summary": {"covered_lines": 1, "num_statements": 1, "percent_covered": 100.0, "percent_covered_display": "100", "missing_lines": 0, "excluded_lines": 0, "percent_statements_covered": 100.0, "percent_statements_covered_display": "100"}, "missing_lines": [], "excluded_lines": [], "start_line": 21}, "get_vehicles_for_user": {"executed_lines": [26], "summary": {"covered_lines": 1, "num_statements": 1, "percent_covered": 100.0, "percent_covered_display": "100", "missing_lines": 0, "excluded_lines": 0, "percent_statements_covered": 100.0, "percent_statements_covered_display": "100"}, "missing_lines": [], "excluded_lines": [], "start_line": 25}, "check_vehicle_access": {"executed_lines": [38, 39, 40, 41], "summary": {"covered_lines": 4, "num_statements": 4, "percent_covered": 100.0, "percent_covered_display": "100", "missing_lines": 0, "excluded_lines": 0, "percent_statements_covered": 100.0, "percent_statements_covered_display": "100"}, "missing_lines": [], "excluded_lines": [], "start_line": 37}, "create_vehicle": {"executed_lines": [56, 57, 58, 60, 65, 67, 68, 70, 71, 72, 73, 74, 75, 76, 77, 79, 90, 91, 92, 93], "summary": {"covered_lines": 20, "num_statements": 20, "percent_covered": 100.0, "percent_covered_display": "100", "missing_lines": 0, "excluded_lines": 0, "percent_statements_covered": 100.0, "percent_statements_covered_display": "100"}, "missing_lines": [], "excluded_lines": [], "start_line": 44}, "update_vehicle": {"executed_lines": [108, 110, 111, 113, 114, 117, 124, 125, 127, 132, 133, 135, 136, 137, 139, 140, 144, 145, 146, 147, 148, 149, 150, 151, 152, 153, 154], "summary": {"covered_lines": 27, "num_statements": 31, "percent_covered": 87.09677419354838, "percent_covered_display": "87", "missing_lines": 4, "excluded_lines": 0, "percent_statements_covered": 87.09677419354838, "percent_statements_covered_display": "87"}, "missing_lines": [115, 138, 141, 142], "excluded_lines": [], "start_line": 96}, "soft_delete_vehicle": {"executed_lines": [158, 159, 160], "summary": {"covered_lines": 3, "num_statements": 3, "percent_covered": 100.0, "percent_covered_display": "100", "missing_lines": 0, "excluded_lines": 0, "percent_statements_covered": 100.0, "percent_statements_covered_display": "100"}, "missing_lines": [], "excluded_lines": [], "start_line": 157}, "retire_vehicle": {"executed_lines": [], "summary": {"covered_lines": 0, "num_statements": 8, "percent_covered": 0.0, "percent_covered_display": "0", "missing_lines": 8, "excluded_lines": 0, "percent_statements_covered": 0.0, "percent_statements_covered_display": "0"}, "missing_lines": [164, 165, 166, 167, 168, 169, 170, 171], "excluded_lines": [], "start_line": 163}, "unretire_vehicle": {"executed_lines": [], "summary": {"covered_lines": 0, "num_statements": 8, "percent_covered": 0.0, "percent_covered_display": "0", "missing_lines": 8, "excluded_lines": 0, "percent_statements_covered": 0.0, "percent_statements_covered_display": "0"}, "missing_lines": [175, 176, 177, 178, 179, 180, 181, 182], "excluded_lines": [], "start_line": 174}, "": {"executed_lines": [1, 3, 9, 10, 11, 14, 21, 25, 37, 44, 96, 157, 163, 174], "summary": {"covered_lines": 14, "num_statements": 14, "percent_covered": 100.0, "percent_covered_display": "100", "missing_lines": 0, "excluded_lines": 0, "percent_statements_covered": 100.0, "percent_statements_covered_display": "100"}, "missing_lines": [], "excluded_lines": [], "start_line": 1}}, "classes": {"": {"executed_lines": [1, 3, 9, 10, 11, 14, 15, 16, 17, 18, 21, 22, 25, 26, 37, 38, 39, 40, 41, 44, 56, 57, 58, 60, 65, 67, 68, 70, 71, 72, 73, 74, 75, 76, 77, 79, 90, 91, 92, 93, 96, 108, 110, 111, 113, 114, 117, 124, 125, 127, 132, 133, 135, 136, 137, 139, 140, 144, 145, 146, 147, 148, 149, 150, 151, 152, 153, 154, 157, 158, 159, 160, 163, 174], "summary": {"covered_lines": 74, "num_statements": 94, "percent_covered": 78.72340425531915, "percent_covered_display": "79", "missing_lines": 20, "excluded_lines": 0, "percent_statements_covered": 78.72340425531915, "percent_statements_covered_display": "79"}, "missing_lines": [115, 138, 141, 142, 164, 165, 166, 167, 168, 169, 170, 171, 175, 176, 177, 178, 179, 180, 181, 182], "excluded_lines": [], "start_line": 1}}}, "app/utils/__init__.py": {"executed_lines": [], "summary": {"covered_lines": 0, "num_statements": 0, "percent_covered": 100.0, "percent_covered_display": "100", "missing_lines": 0, "excluded_lines": 0, "percent_statements_covered": 100.0, "percent_statements_covered_display": "100"}, "missing_lines": [], "excluded_lines": [], "functions": {"": {"executed_lines": [], "summary": {"covered_lines": 0, "num_statements": 0, "percent_covered": 100.0, "percent_covered_display": "100", "missing_lines": 0, "excluded_lines": 0, "percent_statements_covered": 100.0, "percent_statements_covered_display": "100"}, "missing_lines": [], "excluded_lines": [], "start_line": 1}}, "classes": {"": {"executed_lines": [], "summary": {"covered_lines": 0, "num_statements": 0, "percent_covered": 100.0, "percent_covered_display": "100", "missing_lines": 0, "excluded_lines": 0, "percent_statements_covered": 100.0, "percent_statements_covered_display": "100"}, "missing_lines": [], "excluded_lines": [], "start_line": 1}}}, "app/utils/flash.py": {"executed_lines": [1, 4, 5], "summary": {"covered_lines": 3, "num_statements": 3, "percent_covered": 100.0, "percent_covered_display": "100", "missing_lines": 0, "excluded_lines": 0, "percent_statements_covered": 100.0, "percent_statements_covered_display": "100"}, "missing_lines": [], "excluded_lines": [], "functions": {"flash": {"executed_lines": [5], "summary": {"covered_lines": 1, "num_statements": 1, "percent_covered": 100.0, "percent_covered_display": "100", "missing_lines": 0, "excluded_lines": 0, "percent_statements_covered": 100.0, "percent_statements_covered_display": "100"}, "missing_lines": [], "excluded_lines": [], "start_line": 4}, "": {"executed_lines": [1, 4], "summary": {"covered_lines": 2, "num_statements": 2, "percent_covered": 100.0, "percent_covered_display": "100", "missing_lines": 0, "excluded_lines": 0, "percent_statements_covered": 100.0, "percent_statements_covered_display": "100"}, "missing_lines": [], "excluded_lines": [], "start_line": 1}}, "classes": {"": {"executed_lines": [1, 4, 5], "summary": {"covered_lines": 3, "num_statements": 3, "percent_covered": 100.0, "percent_covered_display": "100", "missing_lines": 0, "excluded_lines": 0, "percent_statements_covered": 100.0, "percent_statements_covered_display": "100"}, "missing_lines": [], "excluded_lines": [], "start_line": 1}}}, "app/utils/forms.py": {"executed_lines": [3, 4, 6, 9, 27, 29, 30, 31, 32, 35, 36, 40, 42, 43, 44, 45, 47, 48, 51, 53, 55, 56, 61, 63, 64, 71, 73, 74, 75, 76, 81, 83, 85, 86], "summary": {"covered_lines": 34, "num_statements": 47, "percent_covered": 72.34042553191489, "percent_covered_display": "72", "missing_lines": 13, "excluded_lines": 0, "percent_statements_covered": 72.34042553191489, "percent_statements_covered_display": "72"}, "missing_lines": [37, 54, 57, 58, 65, 66, 67, 68, 77, 78, 84, 87, 88], "excluded_lines": [], "functions": {"parse_errors": {"executed_lines": [29, 30, 31, 32, 35, 36, 40, 42, 43, 44, 45, 47, 48], "summary": {"covered_lines": 13, "num_statements": 14, "percent_covered": 92.85714285714286, "percent_covered_display": "93", "missing_lines": 1, "excluded_lines": 0, "percent_statements_covered": 92.85714285714286, "percent_statements_covered_display": "93"}, "missing_lines": [37], "excluded_lines": [], "start_line": 27}, "safe_int": {"executed_lines": [53, 55, 56], "summary": {"covered_lines": 3, "num_statements": 6, "percent_covered": 50.0, "percent_covered_display": "50", "missing_lines": 3, "excluded_lines": 0, "percent_statements_covered": 50.0, "percent_statements_covered_display": "50"}, "missing_lines": [54, 57, 58], "excluded_lines": [], "start_line": 51}, "safe_int_or_none": {"executed_lines": [63, 64], "summary": {"covered_lines": 2, "num_statements": 6, "percent_covered": 33.333333333333336, "percent_covered_display": "33", "missing_lines": 4, "excluded_lines": 0, "percent_statements_covered": 33.333333333333336, "percent_statements_covered_display": "33"}, "missing_lines": [65, 66, 67, 68], "excluded_lines": [], "start_line": 61}, "safe_decimal": {"executed_lines": [73, 74, 75, 76], "summary": {"covered_lines": 4, "num_statements": 6, "percent_covered": 66.66666666666667, "percent_covered_display": "67", "missing_lines": 2, "excluded_lines": 0, "percent_statements_covered": 66.66666666666667, "percent_statements_covered_display": "67"}, "missing_lines": [77, 78], "excluded_lines": [], "start_line": 71}, "safe_date": {"executed_lines": [83, 85, 86], "summary": {"covered_lines": 3, "num_statements": 6, "percent_covered": 50.0, "percent_covered_display": "50", "missing_lines": 3, "excluded_lines": 0, "percent_statements_covered": 50.0, "percent_statements_covered_display": "50"}, "missing_lines": [84, 87, 88], "excluded_lines": [], "start_line": 81}, "": {"executed_lines": [3, 4, 6, 9, 27, 51, 61, 71, 81], "summary": {"covered_lines": 9, "num_statements": 9, "percent_covered": 100.0, "percent_covered_display": "100", "missing_lines": 0, "excluded_lines": 0, "percent_statements_covered": 100.0, "percent_statements_covered_display": "100"}, "missing_lines": [], "excluded_lines": [], "start_line": 1}}, "classes": {"": {"executed_lines": [3, 4, 6, 9, 27, 29, 30, 31, 32, 35, 36, 40, 42, 43, 44, 45, 47, 48, 51, 53, 55, 56, 61, 63, 64, 71, 73, 74, 75, 76, 81, 83, 85, 86], "summary": {"covered_lines": 34, "num_statements": 47, "percent_covered": 72.34042553191489, "percent_covered_display": "72", "missing_lines": 13, "excluded_lines": 0, "percent_statements_covered": 72.34042553191489, "percent_statements_covered_display": "72"}, "missing_lines": [37, 54, 57, 58, 65, 66, 67, 68, 77, 78, 84, 87, 88], "excluded_lines": [], "start_line": 1}}}, "app/utils/template.py": {"executed_lines": [1, 2, 3, 5, 6, 8, 11, 17, 18, 20, 27, 28, 30], "summary": {"covered_lines": 13, "num_statements": 13, "percent_covered": 100.0, "percent_covered_display": "100", "missing_lines": 0, "excluded_lines": 0, "percent_statements_covered": 100.0, "percent_statements_covered_display": "100"}, "missing_lines": [], "excluded_lines": [], "functions": {"render": {"executed_lines": [17, 18, 20, 27, 28, 30], "summary": {"covered_lines": 6, "num_statements": 6, "percent_covered": 100.0, "percent_covered_display": "100", "missing_lines": 0, "excluded_lines": 0, "percent_statements_covered": 100.0, "percent_statements_covered_display": "100"}, "missing_lines": [], "excluded_lines": [], "start_line": 11}, "": {"executed_lines": [1, 2, 3, 5, 6, 8, 11], "summary": {"covered_lines": 7, "num_statements": 7, "percent_covered": 100.0, "percent_covered_display": "100", "missing_lines": 0, "excluded_lines": 0, "percent_statements_covered": 100.0, "percent_statements_covered_display": "100"}, "missing_lines": [], "excluded_lines": [], "start_line": 1}}, "classes": {"": {"executed_lines": [1, 2, 3, 5, 6, 8, 11, 17, 18, 20, 27, 28, 30], "summary": {"covered_lines": 13, "num_statements": 13, "percent_covered": 100.0, "percent_covered_display": "100", "missing_lines": 0, "excluded_lines": 0, "percent_statements_covered": 100.0, "percent_statements_covered_display": "100"}, "missing_lines": [], "excluded_lines": [], "start_line": 1}}}}, "totals": {"covered_lines": 2218, "num_statements": 2887, "percent_covered": 76.82715621752685, "percent_covered_display": "77", "missing_lines": 669, "excluded_lines": 0, "percent_statements_covered": 76.82715621752685, "percent_statements_covered_display": "77"}}