<?xml version="1.0" encoding="utf-8"?><testsuites name="pytest tests"><testsuite name="pytest" errors="0" failures="0" skipped="0" tests="332" time="133.175" timestamp="2026-05-12T12:43:46.004046+00:00" hostname="runnervmeorf1"><testcase classname="tests.test_admin_routes.TestLocationAdminRoutes" name="test_location_list" time="0.749" /><testcase classname="tests.test_admin_routes.TestLocationAdminRoutes" name="test_location_list_standard_forbidden" time="0.590" /><testcase classname="tests.test_admin_routes.TestLocationAdminRoutes" name="test_location_create_page" time="0.621" /><testcase classname="tests.test_admin_routes.TestLocationAdminRoutes" name="test_location_create_success" time="0.598" /><testcase classname="tests.test_admin_routes.TestLocationAdminRoutes" name="test_location_create_duplicate_name" time="0.594" /><testcase classname="tests.test_admin_routes.TestLocationAdminRoutes" name="test_location_edit_page" time="0.612" /><testcase classname="tests.test_admin_routes.TestLocationAdminRoutes" name="test_location_edit_success" time="0.604" /><testcase classname="tests.test_admin_routes.TestLocationAdminRoutes" name="test_location_delete" time="0.600" /><testcase classname="tests.test_admin_routes.TestCategoryAdminRoutes" name="test_category_list" time="0.610" /><testcase classname="tests.test_admin_routes.TestCategoryAdminRoutes" name="test_category_list_standard_forbidden" time="0.587" /><testcase classname="tests.test_admin_routes.TestCategoryAdminRoutes" name="test_category_create_page" time="0.597" /><testcase classname="tests.test_admin_routes.TestCategoryAdminRoutes" name="test_category_create_success" time="0.600" /><testcase classname="tests.test_admin_routes.TestCategoryAdminRoutes" name="test_category_create_duplicate" time="0.592" /><testcase classname="tests.test_admin_routes.TestUserAdminRoutes" name="test_user_list" time="0.602" /><testcase classname="tests.test_admin_routes.TestUserAdminRoutes" name="test_user_list_standard_forbidden" time="0.589" /><testcase classname="tests.test_admin_routes.TestUserAdminRoutes" name="test_user_create_page" time="0.611" /><testcase classname="tests.test_admin_routes.TestUserAdminRoutes" name="test_user_create_success" time="0.869" /><testcase classname="tests.test_api_routes.TestDriverAPI" name="test_create_driver_admin" time="0.863" /><testcase classname="tests.test_api_routes.TestDriverAPI" name="test_create_driver_standard_forbidden" time="0.634" /><testcase classname="tests.test_api_routes.TestDriverAPI" name="test_create_driver_duplicate_username" time="0.865" /><testcase classname="tests.test_api_routes.TestDriverAPI" name="test_create_driver_invalid_csrf" time="0.580" /><testcase classname="tests.test_api_routes.TestLocationAPI" name="test_create_location_admin" time="0.593" /><testcase classname="tests.test_api_routes.TestLocationAPI" name="test_create_location_standard_forbidden" time="0.588" /><testcase classname="tests.test_api_routes.TestLocationAPI" name="test_create_location_duplicate_name" time="0.593" /><testcase classname="tests.test_api_routes.TestLocationAPI" name="test_create_location_invalid_csrf" time="0.588" /><testcase classname="tests.test_auth.TestPasswordHashing" name="test_hash_and_verify" time="0.831" /><testcase classname="tests.test_auth.TestPasswordHashing" name="test_different_hashes" time="0.568" /><testcase classname="tests.test_auth.TestCSRF" name="test_generate_and_validate" time="0.030" /><testcase classname="tests.test_auth.TestCSRF" name="test_invalid_token" time="0.036" /><testcase classname="tests.test_auth.TestSession" name="test_create_and_get" time="0.036" /><testcase classname="tests.test_auth.TestSession" name="test_destroy" time="0.037" /><testcase classname="tests.test_auth.TestSession" name="test_single_session_per_user" time="0.037" /><testcase classname="tests.test_auth.TestSession" name="test_invalidate_user_sessions" time="0.035" /><testcase classname="tests.test_auth.TestLockout" name="test_not_locked_initially" time="0.032" /><testcase classname="tests.test_auth.TestLockout" name="test_lockout_after_max_attempts" time="0.037" /><testcase classname="tests.test_auth.TestLockout" name="test_clear_attempts" time="0.036" /><testcase classname="tests.test_auth.TestAuthRoutes" name="test_login_page_loads" time="0.049" /><testcase classname="tests.test_auth.TestAuthRoutes" name="test_register_page_loads" time="0.055" /><testcase classname="tests.test_auth.TestAuthRoutes" name="test_register_and_login" time="0.588" /><testcase classname="tests.test_auth.TestAuthRoutes" name="test_login_with_valid_credentials" time="0.586" /><testcase classname="tests.test_auth.TestAuthRoutes" name="test_login_with_invalid_credentials" time="0.579" /><testcase classname="tests.test_auth.TestAuthRoutes" name="test_logout" time="0.586" /><testcase classname="tests.test_auth.TestAuthRoutes" name="test_register_duplicate_username" time="0.311" /><testcase classname="tests.test_auth.TestAuthRoutes" name="test_unauthenticated_redirect" time="0.043" /><testcase classname="tests.test_business_rules.TestUserRules" name="test_username_must_be_unique" time="0.304" /><testcase classname="tests.test_business_rules.TestUserRules" name="test_email_must_be_unique" time="0.305" /><testcase classname="tests.test_business_rules.TestUserRules" name="test_only_admin_can_create_admin" time="0.031" /><testcase classname="tests.test_business_rules.TestUserRules" name="test_admin_can_create_admin" time="0.304" /><testcase classname="tests.test_business_rules.TestVehicleRules" name="test_retired_vehicle_cannot_be_edited" time="0.318" /><testcase classname="tests.test_business_rules.TestVehicleRules" name="test_primary_driver_must_be_standard" time="0.594" /><testcase classname="tests.test_business_rules.TestVehicleRules" name="test_registration_unique" time="0.315" /><testcase classname="tests.test_business_rules.TestMileageRules" name="test_standard_user_mileage_must_not_decrease" time="0.320" /><testcase classname="tests.test_business_rules.TestMileageRules" name="test_standard_user_can_add_higher_mileage" time="0.342" /><testcase classname="tests.test_business_rules.TestMileageRules" name="test_admin_override_requires_reason" time="0.588" /><testcase classname="tests.test_business_rules.TestMileageRules" name="test_admin_override_with_reason_succeeds" time="0.588" /><testcase classname="tests.test_business_rules.TestMileageRules" name="test_retired_vehicle_cannot_receive_mileage" time="0.584" /><testcase classname="tests.test_business_rules.TestMileageRules" name="test_standard_user_cannot_add_to_unassigned_vehicle" time="0.590" /><testcase classname="tests.test_business_rules.TestMaintenanceRules" name="test_requires_notes_enforced" time="0.307" /><testcase classname="tests.test_business_rules.TestMaintenanceRules" name="test_retired_vehicle_cannot_receive_maintenance" time="0.592" /><testcase classname="tests.test_business_rules.TestRetirementRules" name="test_only_active_vehicle_can_be_retired" time="0.586" /><testcase classname="tests.test_business_rules.TestRetirementRules" name="test_only_one_pending_request" time="0.594" /><testcase classname="tests.test_business_rules.TestRetirementRules" name="test_standard_user_can_only_retire_assigned_vehicle" time="0.581" /><testcase classname="tests.test_business_rules.TestRetirementRules" name="test_approve_retires_vehicle" time="0.610" /><testcase classname="tests.test_deletion_service.TestGetDeletionRequestById" name="test_returns_request" time="0.595" /><testcase classname="tests.test_deletion_service.TestGetDeletionRequestById" name="test_raises_not_found" time="0.038" /><testcase classname="tests.test_deletion_service.TestGetAllDeletionRequests" name="test_returns_all" time="0.331" /><testcase classname="tests.test_deletion_service.TestGetAllDeletionRequests" name="test_filter_by_status" time="0.342" /><testcase classname="tests.test_deletion_service.TestGetDeletionRequestsForUser" name="test_returns_user_requests" time="0.597" /><testcase classname="tests.test_deletion_service.TestCreateDeletionRequest" name="test_create_for_maintenance_record" time="0.329" /><testcase classname="tests.test_deletion_service.TestCreateDeletionRequest" name="test_create_for_mileage_record" time="0.324" /><testcase classname="tests.test_deletion_service.TestCreateDeletionRequest" name="test_nonexistent_target_fails" time="0.307" /><testcase classname="tests.test_deletion_service.TestCreateDeletionRequest" name="test_already_deleted_target_fails" time="0.321" /><testcase classname="tests.test_deletion_service.TestCreateDeletionRequest" name="test_standard_user_unassigned_vehicle_fails" time="0.593" /><testcase classname="tests.test_deletion_service.TestCreateDeletionRequest" name="test_duplicate_pending_request_fails" time="0.327" /><testcase classname="tests.test_deletion_service.TestCreateDeletionRequest" name="test_admin_can_request_any_record" time="0.593" /><testcase classname="tests.test_deletion_service.TestCreateDeletionRequest" name="test_invalid_target_type_fails" time="0.308" /><testcase classname="tests.test_deletion_service.TestReviewDeletionRequest" name="test_approve_deletes_maintenance_record" time="0.605" /><testcase classname="tests.test_deletion_service.TestReviewDeletionRequest" name="test_approve_deletes_mileage_record_and_recalculates" time="0.609" /><testcase classname="tests.test_deletion_service.TestReviewDeletionRequest" name="test_reject_keeps_record" time="0.609" /><testcase classname="tests.test_deletion_service.TestReviewDeletionRequest" name="test_review_already_reviewed_fails" time="0.605" /><testcase classname="tests.test_location_service.TestGetLocationById" name="test_returns_location" time="0.033" /><testcase classname="tests.test_location_service.TestGetLocationById" name="test_raises_not_found" time="0.035" /><testcase classname="tests.test_location_service.TestGetLocationById" name="test_raises_not_found_for_deleted" time="0.047" /><testcase classname="tests.test_location_service.TestGetAllLocations" name="test_returns_all" time="0.047" /><testcase classname="tests.test_location_service.TestGetAllLocations" name="test_excludes_deleted" time="0.043" /><testcase classname="tests.test_location_service.TestGetAllLocations" name="test_active_only_filter" time="0.050" /><testcase classname="tests.test_location_service.TestGetAllLocations" name="test_ordered_by_name" time="0.051" /><testcase classname="tests.test_location_service.TestCreateLocation" name="test_create_minimal" time="0.043" /><testcase classname="tests.test_location_service.TestCreateLocation" name="test_create_full" time="0.041" /><testcase classname="tests.test_location_service.TestCreateLocation" name="test_duplicate_name_fails" time="0.038" /><testcase classname="tests.test_location_service.TestCreateLocation" name="test_duplicate_code_fails" time="0.047" /><testcase classname="tests.test_location_service.TestCreateLocation" name="test_empty_optional_fields_stored_as_none" time="0.042" /><testcase classname="tests.test_location_service.TestUpdateLocation" name="test_update_name" time="0.047" /><testcase classname="tests.test_location_service.TestUpdateLocation" name="test_update_duplicate_name_fails" time="0.044" /><testcase classname="tests.test_location_service.TestUpdateLocation" name="test_update_duplicate_code_fails" time="0.048" /><testcase classname="tests.test_location_service.TestUpdateLocation" name="test_update_same_name_ok" time="0.050" /><testcase classname="tests.test_location_service.TestUpdateLocation" name="test_update_is_active" time="0.050" /><testcase classname="tests.test_location_service.TestSoftDeleteLocation" name="test_soft_delete" time="0.042" /><testcase classname="tests.test_location_service.TestSoftDeleteLocation" name="test_soft_delete_nonexistent_raises" time="0.035" /><testcase classname="tests.test_maintenance_routes.TestMaintenanceListRoutes" name="test_list_admin" time="0.613" /><testcase classname="tests.test_maintenance_routes.TestMaintenanceListRoutes" name="test_list_standard" time="0.602" /><testcase classname="tests.test_maintenance_routes.TestMaintenanceListRoutes" name="test_list_unauthenticated" time="0.045" /><testcase classname="tests.test_maintenance_routes.TestMaintenanceCreateRoutes" name="test_create_page" time="0.633" /><testcase classname="tests.test_maintenance_routes.TestMaintenanceCreateRoutes" name="test_create_record_admin" time="0.873" /><testcase classname="tests.test_maintenance_routes.TestMaintenanceCreateRoutes" name="test_create_record_standard_user" time="0.605" /><testcase classname="tests.test_maintenance_routes.TestMaintenanceCreateRoutes" name="test_create_retired_vehicle_fails" time="0.875" /><testcase classname="tests.test_maintenance_routes.TestMaintenanceEditRoutes" name="test_edit_page_admin" time="0.888" /><testcase classname="tests.test_maintenance_routes.TestMaintenanceEditRoutes" name="test_edit_page_standard_forbidden" time="0.604" /><testcase classname="tests.test_maintenance_routes.TestMaintenanceEditRoutes" name="test_edit_record_admin" time="0.875" /><testcase classname="tests.test_maintenance_routes.TestMaintenanceDeleteRoutes" name="test_delete_admin" time="0.880" /><testcase classname="tests.test_maintenance_routes.TestMaintenanceDeleteRoutes" name="test_delete_standard_forbidden" time="0.607" /><testcase classname="tests.test_maintenance_service.TestGetCategoryById" name="test_returns_category" time="0.038" /><testcase classname="tests.test_maintenance_service.TestGetCategoryById" name="test_raises_not_found" time="0.042" /><testcase classname="tests.test_maintenance_service.TestGetCategoryById" name="test_raises_not_found_for_deleted" time="0.044" /><testcase classname="tests.test_maintenance_service.TestGetAllCategories" name="test_returns_all" time="0.043" /><testcase classname="tests.test_maintenance_service.TestGetAllCategories" name="test_active_only_filter" time="0.041" /><testcase classname="tests.test_maintenance_service.TestGetAllCategories" name="test_excludes_deleted" time="0.040" /><testcase classname="tests.test_maintenance_service.TestCreateCategory" name="test_create_basic" time="0.034" /><testcase classname="tests.test_maintenance_service.TestCreateCategory" name="test_create_with_notes_required" time="0.040" /><testcase classname="tests.test_maintenance_service.TestCreateCategory" name="test_create_with_description" time="0.038" /><testcase classname="tests.test_maintenance_service.TestCreateCategory" name="test_duplicate_name_fails" time="0.034" /><testcase classname="tests.test_maintenance_service.TestUpdateCategory" name="test_update_name" time="0.042" /><testcase classname="tests.test_maintenance_service.TestUpdateCategory" name="test_update_requires_notes" time="0.041" /><testcase classname="tests.test_maintenance_service.TestUpdateCategory" name="test_update_duplicate_name_fails" time="0.038" /><testcase classname="tests.test_maintenance_service.TestUpdateCategory" name="test_update_same_name_ok" time="0.038" /><testcase classname="tests.test_maintenance_service.TestUpdateCategory" name="test_update_is_active" time="0.040" /><testcase classname="tests.test_maintenance_service.TestSoftDeleteCategory" name="test_soft_delete" time="0.040" /><testcase classname="tests.test_maintenance_service.TestSoftDeleteCategory" name="test_soft_delete_nonexistent_raises" time="0.031" /><testcase classname="tests.test_maintenance_service.TestGetMaintenanceRecordById" name="test_returns_record" time="0.323" /><testcase classname="tests.test_maintenance_service.TestGetMaintenanceRecordById" name="test_raises_not_found" time="0.037" /><testcase classname="tests.test_maintenance_service.TestCreateMaintenanceRecord" name="test_create_basic" time="0.322" /><testcase classname="tests.test_maintenance_service.TestCreateMaintenanceRecord" name="test_create_with_notes" time="0.320" /><testcase classname="tests.test_maintenance_service.TestCreateMaintenanceRecord" name="test_create_with_cost" time="0.590" /><testcase classname="tests.test_maintenance_service.TestCreateMaintenanceRecord" name="test_notes_required_enforced" time="0.315" /><testcase classname="tests.test_maintenance_service.TestCreateMaintenanceRecord" name="test_notes_required_with_notes_succeeds" time="0.313" /><testcase classname="tests.test_maintenance_service.TestCreateMaintenanceRecord" name="test_retired_vehicle_fails" time="0.589" /><testcase classname="tests.test_maintenance_service.TestCreateMaintenanceRecord" name="test_deleted_vehicle_fails" time="0.594" /><testcase classname="tests.test_maintenance_service.TestCreateMaintenanceRecord" name="test_inactive_category_fails" time="0.592" /><testcase classname="tests.test_maintenance_service.TestCreateMaintenanceRecord" name="test_standard_user_unassigned_vehicle_fails" time="0.586" /><testcase classname="tests.test_maintenance_service.TestCreateMaintenanceRecord" name="test_admin_can_log_any_vehicle" time="0.591" /><testcase classname="tests.test_maintenance_service.TestCreateMaintenanceRecord" name="test_notes_whitespace_stripped" time="0.593" /><testcase classname="tests.test_maintenance_service.TestCreateMaintenanceRecord" name="test_empty_notes_stored_as_none" time="0.586" /><testcase classname="tests.test_maintenance_service.TestUpdateMaintenanceRecord" name="test_update_record" time="0.592" /><testcase classname="tests.test_maintenance_service.TestUpdateMaintenanceRecord" name="test_update_notes_required_enforced" time="0.591" /><testcase classname="tests.test_maintenance_service.TestUpdateMaintenanceRecord" name="test_update_retired_vehicle_fails" time="0.591" /><testcase classname="tests.test_maintenance_service.TestGetMaintenanceRecords" name="test_get_records_for_vehicle" time="0.589" /><testcase classname="tests.test_maintenance_service.TestGetMaintenanceRecords" name="test_get_all_records" time="0.590" /><testcase classname="tests.test_mileage_routes.TestMileageListRoutes" name="test_mileage_list_admin" time="0.603" /><testcase classname="tests.test_mileage_routes.TestMileageListRoutes" name="test_mileage_list_standard" time="0.597" /><testcase classname="tests.test_mileage_routes.TestMileageListRoutes" name="test_mileage_list_unauthenticated" time="0.045" /><testcase classname="tests.test_mileage_routes.TestMileageCreateRoutes" name="test_create_page" time="0.611" /><testcase classname="tests.test_mileage_routes.TestMileageCreateRoutes" name="test_create_mileage_standard_user" time="0.605" /><testcase classname="tests.test_mileage_routes.TestMileageCreateRoutes" name="test_create_mileage_lower_than_current_fails" time="0.595" /><testcase classname="tests.test_mileage_routes.TestMileageCreateRoutes" name="test_create_mileage_admin_override" time="0.886" /><testcase classname="tests.test_mileage_routes.TestMileageEditRoutes" name="test_edit_page_admin" time="0.888" /><testcase classname="tests.test_mileage_routes.TestMileageEditRoutes" name="test_edit_page_standard_forbidden" time="0.598" /><testcase classname="tests.test_mileage_routes.TestMileageEditRoutes" name="test_edit_mileage_admin" time="0.889" /><testcase classname="tests.test_mileage_routes.TestMileageDeleteRoutes" name="test_delete_admin" time="0.882" /><testcase classname="tests.test_mileage_routes.TestMileageDeleteRoutes" name="test_delete_standard_forbidden" time="0.595" /><testcase classname="tests.test_mileage_service.TestGetMileageRecordById" name="test_returns_record" time="0.580" /><testcase classname="tests.test_mileage_service.TestGetMileageRecordById" name="test_raises_not_found" time="0.032" /><testcase classname="tests.test_mileage_service.TestGetMileageRecordById" name="test_raises_not_found_for_deleted" time="0.588" /><testcase classname="tests.test_mileage_service.TestGetRecordsForVehicle" name="test_returns_records_for_vehicle" time="0.593" /><testcase classname="tests.test_mileage_service.TestGetRecordsForVehicle" name="test_excludes_deleted" time="0.591" /><testcase classname="tests.test_mileage_service.TestCreateMileageRecord" name="test_standard_user_higher_mileage" time="0.320" /><testcase classname="tests.test_mileage_service.TestCreateMileageRecord" name="test_standard_user_lower_mileage_fails" time="0.314" /><testcase classname="tests.test_mileage_service.TestCreateMileageRecord" name="test_standard_user_unassigned_vehicle_fails" time="0.584" /><testcase classname="tests.test_mileage_service.TestCreateMileageRecord" name="test_standard_user_override_ignored" time="0.312" /><testcase classname="tests.test_mileage_service.TestCreateMileageRecord" name="test_admin_higher_mileage" time="0.592" /><testcase classname="tests.test_mileage_service.TestCreateMileageRecord" name="test_admin_lower_without_override_fails" time="0.589" /><testcase classname="tests.test_mileage_service.TestCreateMileageRecord" name="test_admin_override_without_reason_fails" time="0.581" /><testcase classname="tests.test_mileage_service.TestCreateMileageRecord" name="test_admin_override_with_reason_succeeds" time="0.586" /><testcase classname="tests.test_mileage_service.TestCreateMileageRecord" name="test_retired_vehicle_fails" time="0.588" /><testcase classname="tests.test_mileage_service.TestCreateMileageRecord" name="test_deleted_vehicle_fails" time="0.593" /><testcase classname="tests.test_mileage_service.TestCreateMileageRecord" name="test_updates_current_mileage_on_higher" time="0.582" /><testcase classname="tests.test_mileage_service.TestCreateMileageRecord" name="test_admin_override_recalculates_mileage" time="0.600" /><testcase classname="tests.test_mileage_service.TestUpdateMileageRecord" name="test_update_reading" time="0.587" /><testcase classname="tests.test_mileage_service.TestUpdateMileageRecord" name="test_update_override_without_reason_fails" time="0.585" /><testcase classname="tests.test_mileage_service.TestUpdateMileageRecord" name="test_update_changes_reading_value" time="0.595" /><testcase classname="tests.test_mileage_service.TestUpdateMileageRecord" name="test_update_retired_vehicle_fails" time="0.589" /><testcase classname="tests.test_mileage_service.TestSoftDeleteMileageRecord" name="test_soft_delete" time="0.587" /><testcase classname="tests.test_mileage_service.TestSoftDeleteMileageRecord" name="test_soft_delete_recalculates_mileage" time="0.595" /><testcase classname="tests.test_mileage_service.TestSoftDeleteMileageRecord" name="test_soft_delete_all_records_resets_to_zero" time="0.592" /><testcase classname="tests.test_mileage_service.TestSoftDeleteMileageRecord" name="test_soft_delete_nonexistent_raises" time="0.035" /><testcase classname="tests.test_request_routes.TestRetirementRequestRoutes" name="test_retirement_list_admin" time="0.601" /><testcase classname="tests.test_request_routes.TestRetirementRequestRoutes" name="test_retirement_list_standard" time="0.591" /><testcase classname="tests.test_request_routes.TestRetirementRequestRoutes" name="test_retirement_list_unauthenticated" time="0.040" /><testcase classname="tests.test_request_routes.TestRetirementRequestRoutes" name="test_retirement_create_page" time="0.617" /><testcase classname="tests.test_request_routes.TestRetirementRequestRoutes" name="test_standard_user_creates_request" time="0.606" /><testcase classname="tests.test_request_routes.TestRetirementRequestRoutes" name="test_admin_retires_directly" time="0.876" /><testcase classname="tests.test_request_routes.TestRetirementRequestRoutes" name="test_retirement_detail_page" time="0.893" /><testcase classname="tests.test_request_routes.TestRetirementRequestRoutes" name="test_approve_retirement" time="0.879" /><testcase classname="tests.test_request_routes.TestRetirementRequestRoutes" name="test_reject_retirement" time="0.881" /><testcase classname="tests.test_request_routes.TestRetirementRequestRoutes" name="test_review_standard_forbidden" time="0.598" /><testcase classname="tests.test_request_routes.TestDeletionRequestRoutes" name="test_deletion_list_admin" time="0.602" /><testcase classname="tests.test_request_routes.TestDeletionRequestRoutes" name="test_deletion_list_standard" time="0.599" /><testcase classname="tests.test_request_routes.TestDeletionRequestRoutes" name="test_deletion_list_unauthenticated" time="0.038" /><testcase classname="tests.test_request_routes.TestDeletionRequestRoutes" name="test_deletion_create_page" time="0.620" /><testcase classname="tests.test_request_routes.TestDeletionRequestRoutes" name="test_create_deletion_request" time="0.614" /><testcase classname="tests.test_request_routes.TestDeletionRequestRoutes" name="test_deletion_detail_page" time="0.907" /><testcase classname="tests.test_request_routes.TestDeletionRequestRoutes" name="test_approve_deletion" time="0.893" /><testcase classname="tests.test_request_routes.TestDeletionRequestRoutes" name="test_reject_deletion" time="0.890" /><testcase classname="tests.test_request_routes.TestDeletionRequestRoutes" name="test_review_standard_forbidden" time="0.612" /><testcase classname="tests.test_retirement_service.TestGetRetirementRequestById" name="test_returns_request" time="0.600" /><testcase classname="tests.test_retirement_service.TestGetRetirementRequestById" name="test_raises_not_found" time="0.042" /><testcase classname="tests.test_retirement_service.TestGetAllRequests" name="test_returns_all" time="0.589" /><testcase classname="tests.test_retirement_service.TestGetAllRequests" name="test_filter_by_status" time="0.593" /><testcase classname="tests.test_retirement_service.TestGetRequestsForUser" name="test_returns_user_requests" time="0.590" /><testcase classname="tests.test_retirement_service.TestCreateRetirementRequest" name="test_standard_user_creates_request" time="0.318" /><testcase classname="tests.test_retirement_service.TestCreateRetirementRequest" name="test_admin_creates_request" time="0.588" /><testcase classname="tests.test_retirement_service.TestCreateRetirementRequest" name="test_retired_vehicle_fails" time="0.590" /><testcase classname="tests.test_retirement_service.TestCreateRetirementRequest" name="test_pending_retirement_vehicle_fails" time="0.589" /><testcase classname="tests.test_retirement_service.TestCreateRetirementRequest" name="test_duplicate_pending_request_fails" time="0.596" /><testcase classname="tests.test_retirement_service.TestCreateRetirementRequest" name="test_standard_user_unassigned_vehicle_fails" time="0.583" /><testcase classname="tests.test_retirement_service.TestCreateRetirementRequest" name="test_deleted_vehicle_fails" time="0.583" /><testcase classname="tests.test_retirement_service.TestReviewRetirementRequest" name="test_approve_retires_vehicle" time="0.598" /><testcase classname="tests.test_retirement_service.TestReviewRetirementRequest" name="test_approve_sets_retirement_reason" time="0.593" /><testcase classname="tests.test_retirement_service.TestReviewRetirementRequest" name="test_reject_restores_active" time="0.597" /><testcase classname="tests.test_retirement_service.TestReviewRetirementRequest" name="test_reject_with_review_notes" time="0.592" /><testcase classname="tests.test_retirement_service.TestReviewRetirementRequest" name="test_review_already_reviewed_fails" time="0.597" /><testcase classname="tests.test_retirement_service.TestRetireVehicleDirectly" name="test_admin_retire_directly" time="0.586" /><testcase classname="tests.test_retirement_service.TestRetireVehicleDirectly" name="test_retire_non_active_fails" time="0.589" /><testcase classname="tests.test_retirement_service.TestRetireVehicleDirectly" name="test_retire_deleted_vehicle_fails" time="0.585" /><testcase classname="tests.test_routes.TestRoleRestrictions" name="test_admin_can_access_admin_pages" time="0.592" /><testcase classname="tests.test_routes.TestRoleRestrictions" name="test_standard_cannot_access_admin_pages" time="0.595" /><testcase classname="tests.test_routes.TestRoleRestrictions" name="test_standard_cannot_create_vehicle" time="0.594" /><testcase classname="tests.test_routes.TestRoleRestrictions" name="test_admin_can_create_vehicle" time="0.625" /><testcase classname="tests.test_routes.TestRoleRestrictions" name="test_standard_cannot_edit_mileage" time="0.592" /><testcase classname="tests.test_routes.TestRoleRestrictions" name="test_standard_cannot_delete_maintenance" time="0.595" /><testcase classname="tests.test_routes.TestRoleRestrictions" name="test_dashboard_shows_for_standard" time="0.619" /><testcase classname="tests.test_routes.TestRoleRestrictions" name="test_dashboard_shows_for_admin" time="0.600" /><testcase classname="tests.test_routes.TestValidationRoutes" name="test_register_password_mismatch" time="0.045" /><testcase classname="tests.test_routes.TestValidationRoutes" name="test_register_short_password" time="0.039" /><testcase classname="tests.test_routes.TestValidationRoutes" name="test_vehicle_create_validation" time="0.595" /><testcase classname="tests.test_schemas.TestVehicleSchema" name="test_valid_current_format" time="0.032" /><testcase classname="tests.test_schemas.TestVehicleSchema" name="test_valid_prefix_format" time="0.035" /><testcase classname="tests.test_schemas.TestVehicleSchema" name="test_invalid_registration" time="0.036" /><testcase classname="tests.test_schemas.TestVehicleSchema" name="test_empty_registration" time="0.034" /><testcase classname="tests.test_schemas.TestVehicleSchema" name="test_invalid_vehicle_type" time="0.034" /><testcase classname="tests.test_schemas.TestVehicleSchema" name="test_year_too_low" time="0.036" /><testcase classname="tests.test_schemas.TestVehicleSchema" name="test_year_too_high" time="0.040" /><testcase classname="tests.test_schemas.TestVehicleSchema" name="test_negative_mileage" time="0.034" /><testcase classname="tests.test_schemas.TestVehicleSchema" name="test_registration_case_insensitive" time="0.034" /><testcase classname="tests.test_schemas.TestVehicleSchema" name="test_empty_make_fails" time="0.032" /><testcase classname="tests.test_schemas.TestRegisterSchema" name="test_valid_registration" time="0.037" /><testcase classname="tests.test_schemas.TestRegisterSchema" name="test_password_mismatch" time="0.038" /><testcase classname="tests.test_schemas.TestRegisterSchema" name="test_short_password" time="0.035" /><testcase classname="tests.test_schemas.TestRegisterSchema" name="test_short_username" time="0.039" /><testcase classname="tests.test_schemas.TestLocationSchema" name="test_valid_location" time="0.036" /><testcase classname="tests.test_schemas.TestLocationSchema" name="test_empty_name_fails" time="0.037" /><testcase classname="tests.test_schemas.TestLocationSchema" name="test_empty_code_fails" time="0.038" /><testcase classname="tests.test_schemas.TestMaintenanceSchemas" name="test_valid_category" time="0.051" /><testcase classname="tests.test_schemas.TestMaintenanceSchemas" name="test_valid_record" time="0.036" /><testcase classname="tests.test_schemas.TestMaintenanceSchemas" name="test_negative_mileage_fails" time="0.039" /><testcase classname="tests.test_schemas.TestMileageSchema" name="test_valid_mileage" time="0.040" /><testcase classname="tests.test_schemas.TestMileageSchema" name="test_negative_reading_fails" time="0.039" /><testcase classname="tests.test_schemas.TestRequestSchemas" name="test_valid_retirement_request" time="0.036" /><testcase classname="tests.test_schemas.TestRequestSchemas" name="test_retirement_reason_too_short" time="0.037" /><testcase classname="tests.test_schemas.TestRequestSchemas" name="test_valid_retirement_review" time="0.039" /><testcase classname="tests.test_schemas.TestRequestSchemas" name="test_invalid_review_action" time="0.042" /><testcase classname="tests.test_schemas.TestRequestSchemas" name="test_valid_deletion_request" time="0.033" /><testcase classname="tests.test_schemas.TestRequestSchemas" name="test_invalid_deletion_target_type" time="0.034" /><testcase classname="tests.test_schemas.TestUserSchema" name="test_valid_user" time="0.034" /><testcase classname="tests.test_schemas.TestUserSchema" name="test_short_username_fails" time="0.037" /><testcase classname="tests.test_user_service.TestGetUserById" name="test_returns_user" time="0.309" /><testcase classname="tests.test_user_service.TestGetUserById" name="test_raises_not_found" time="0.039" /><testcase classname="tests.test_user_service.TestGetAllUsers" name="test_returns_all" time="0.584" /><testcase classname="tests.test_user_service.TestGetAllUsers" name="test_ordered_by_username" time="0.573" /><testcase classname="tests.test_user_service.TestGetStandardUsers" name="test_returns_standard_only" time="0.576" /><testcase classname="tests.test_user_service.TestGetStandardUsers" name="test_active_only_default" time="0.317" /><testcase classname="tests.test_user_service.TestGetStandardUsers" name="test_include_inactive" time="0.310" /><testcase classname="tests.test_user_service.TestCreateUser" name="test_create_standard_user" time="0.305" /><testcase classname="tests.test_user_service.TestCreateUser" name="test_create_admin_by_admin" time="0.303" /><testcase classname="tests.test_user_service.TestCreateUser" name="test_create_admin_by_standard_fails" time="0.032" /><testcase classname="tests.test_user_service.TestCreateUser" name="test_duplicate_username_fails" time="0.303" /><testcase classname="tests.test_user_service.TestCreateUser" name="test_duplicate_email_fails" time="0.303" /><testcase classname="tests.test_user_service.TestCreateUser" name="test_duplicate_employee_number_fails" time="0.311" /><testcase classname="tests.test_user_service.TestCreateUser" name="test_empty_employee_number_ok" time="0.306" /><testcase classname="tests.test_user_service.TestCreateUser" name="test_create_with_location" time="0.311" /><testcase classname="tests.test_user_service.TestCreateUser" name="test_password_is_hashed" time="0.306" /><testcase classname="tests.test_user_service.TestUpdateUser" name="test_update_name" time="0.314" /><testcase classname="tests.test_user_service.TestUpdateUser" name="test_update_email" time="0.311" /><testcase classname="tests.test_user_service.TestUpdateUser" name="test_update_duplicate_email_fails" time="0.580" /><testcase classname="tests.test_user_service.TestUpdateUser" name="test_update_same_email_ok" time="0.307" /><testcase classname="tests.test_user_service.TestUpdateUser" name="test_update_duplicate_employee_number_fails" time="0.580" /><testcase classname="tests.test_user_service.TestUpdateUser" name="test_update_is_active" time="0.314" /><testcase classname="tests.test_user_service.TestUpdateUser" name="test_update_nonexistent_raises" time="0.036" /><testcase classname="tests.test_vehicle_routes.TestVehicleRoutes" name="test_vehicle_list_admin" time="0.896" /><testcase classname="tests.test_vehicle_routes.TestVehicleRoutes" name="test_vehicle_list_standard_user" time="0.601" /><testcase classname="tests.test_vehicle_routes.TestVehicleRoutes" name="test_vehicle_list_unauthenticated_redirects" time="0.038" /><testcase classname="tests.test_vehicle_routes.TestVehicleRoutes" name="test_vehicle_detail_admin" time="0.906" /><testcase classname="tests.test_vehicle_routes.TestVehicleRoutes" name="test_vehicle_detail_standard_user_assigned" time="0.601" /><testcase classname="tests.test_vehicle_routes.TestVehicleRoutes" name="test_vehicle_detail_standard_user_unassigned" time="0.602" /><testcase classname="tests.test_vehicle_routes.TestVehicleCreate" name="test_create_page_admin" time="0.599" /><testcase classname="tests.test_vehicle_routes.TestVehicleCreate" name="test_create_page_standard_forbidden" time="0.591" /><testcase classname="tests.test_vehicle_routes.TestVehicleCreate" name="test_create_vehicle_success" time="0.599" /><testcase classname="tests.test_vehicle_routes.TestVehicleCreate" name="test_create_vehicle_validation_error" time="0.597" /><testcase classname="tests.test_vehicle_routes.TestVehicleCreate" name="test_create_vehicle_duplicate_registration" time="0.872" /><testcase classname="tests.test_vehicle_routes.TestVehicleEdit" name="test_edit_page_admin" time="0.897" /><testcase classname="tests.test_vehicle_routes.TestVehicleEdit" name="test_edit_page_standard_forbidden" time="0.594" /><testcase classname="tests.test_vehicle_routes.TestVehicleEdit" name="test_edit_retired_vehicle_redirects" time="0.872" /><testcase classname="tests.test_vehicle_routes.TestVehicleEdit" name="test_edit_vehicle_success" time="0.877" /><testcase classname="tests.test_vehicle_routes.TestVehicleDelete" name="test_delete_vehicle_admin" time="0.872" /><testcase classname="tests.test_vehicle_routes.TestVehicleDelete" name="test_delete_vehicle_standard_forbidden" time="0.592" /><testcase classname="tests.test_vehicle_service.TestGetVehicleById" name="test_returns_vehicle" time="0.308" /><testcase classname="tests.test_vehicle_service.TestGetVehicleById" name="test_raises_not_found_for_missing" time="0.034" /><testcase classname="tests.test_vehicle_service.TestGetVehicleById" name="test_raises_not_found_for_deleted" time="0.314" /><testcase classname="tests.test_vehicle_service.TestGetAllVehicles" name="test_returns_all_non_deleted" time="0.326" /><testcase classname="tests.test_vehicle_service.TestGetAllVehicles" name="test_excludes_deleted" time="0.313" /><testcase classname="tests.test_vehicle_service.TestGetAllVehicles" name="test_ordered_by_registration" time="0.042" /><testcase classname="tests.test_vehicle_service.TestGetVehiclesForUser" name="test_returns_only_assigned_vehicles" time="0.312" /><testcase classname="tests.test_vehicle_service.TestGetVehiclesForUser" name="test_returns_empty_for_no_vehicles" time="0.301" /><testcase classname="tests.test_vehicle_service.TestCheckVehicleAccess" name="test_admin_can_access_any" time="0.307" /><testcase classname="tests.test_vehicle_service.TestCheckVehicleAccess" name="test_standard_user_can_access_assigned" time="0.311" /><testcase classname="tests.test_vehicle_service.TestCheckVehicleAccess" name="test_standard_user_cannot_access_unassigned" time="0.309" /><testcase classname="tests.test_vehicle_service.TestCreateVehicle" name="test_create_success" time="0.047" /><testcase classname="tests.test_vehicle_service.TestCreateVehicle" name="test_create_with_driver" time="0.318" /><testcase classname="tests.test_vehicle_service.TestCreateVehicle" name="test_duplicate_registration_fails" time="0.314" /><testcase classname="tests.test_vehicle_service.TestCreateVehicle" name="test_duplicate_fleet_reference_fails" time="0.317" /><testcase classname="tests.test_vehicle_service.TestCreateVehicle" name="test_invalid_location_fails" time="0.033" /><testcase classname="tests.test_vehicle_service.TestCreateVehicle" name="test_deleted_location_fails" time="0.040" /><testcase classname="tests.test_vehicle_service.TestCreateVehicle" name="test_admin_driver_fails" time="0.312" /><testcase classname="tests.test_vehicle_service.TestCreateVehicle" name="test_inactive_driver_fails" time="0.311" /><testcase classname="tests.test_vehicle_service.TestCreateVehicle" name="test_nonexistent_driver_fails" time="0.037" /><testcase classname="tests.test_vehicle_service.TestCreateVehicle" name="test_create_with_mileage" time="0.037" /><testcase classname="tests.test_vehicle_service.TestUpdateVehicle" name="test_update_success" time="0.317" /><testcase classname="tests.test_vehicle_service.TestUpdateVehicle" name="test_update_retired_vehicle_fails" time="0.313" /><testcase classname="tests.test_vehicle_service.TestUpdateVehicle" name="test_update_duplicate_registration_fails" time="0.316" /><testcase classname="tests.test_vehicle_service.TestUpdateVehicle" name="test_update_duplicate_fleet_ref_fails" time="0.310" /><testcase classname="tests.test_vehicle_service.TestUpdateVehicle" name="test_update_same_registration_ok" time="0.339" /><testcase classname="tests.test_vehicle_service.TestSoftDeleteVehicle" name="test_soft_delete" time="0.316" /><testcase classname="tests.test_vehicle_service.TestSoftDeleteVehicle" name="test_soft_delete_nonexistent_raises" time="0.035" /></testsuite></testsuites>