<?xml version="1.0" encoding="utf-8"?><testsuites name="pytest tests"><testsuite name="pytest" errors="0" failures="67" skipped="1" tests="577" time="244.919" timestamp="2026-05-22T16:37:48.252200+00:00" hostname="runnervmg397c"><testcase classname="tests.test_admin_extended.TestCategoryEditRoutes" name="test_category_edit_page" time="0.795" /><testcase classname="tests.test_admin_extended.TestCategoryEditRoutes" name="test_category_edit_success" time="0.564" /><testcase classname="tests.test_admin_extended.TestCategoryEditRoutes" name="test_category_edit_duplicate_name" time="0.559" /><testcase classname="tests.test_admin_extended.TestCategoryEditRoutes" name="test_category_delete" time="0.558" /><testcase classname="tests.test_admin_extended.TestUserAdminExtended" name="test_user_detail_page" time="0.839" /><testcase classname="tests.test_admin_extended.TestUserAdminExtended" name="test_user_detail_not_found" time="0.556" /><testcase classname="tests.test_admin_extended.TestUserAdminExtended" name="test_user_edit_page" time="0.834" /><testcase classname="tests.test_admin_extended.TestUserAdminExtended" name="test_user_edit_success" time="0.830" /><testcase classname="tests.test_admin_extended.TestUserAdminExtended" name="test_user_edit_duplicate_email" time="1.077" /><testcase classname="tests.test_admin_extended.TestUserAdminExtended" name="test_user_list_with_role_filter" time="0.827" /><testcase classname="tests.test_admin_extended.TestAuditLogRoutes" name="test_audit_log_page" time="0.575" /><testcase classname="tests.test_admin_extended.TestAuditLogRoutes" name="test_audit_log_pagination" time="0.554" /><testcase classname="tests.test_admin_extended.TestAuditLogRoutes" name="test_audit_log_standard_forbidden" time="0.554" /><testcase classname="tests.test_admin_extended.TestPageVisitRoutes" name="test_page_visits_page" time="0.595" /><testcase classname="tests.test_admin_extended.TestPageVisitRoutes" name="test_page_visits_with_filters" time="0.556" /><testcase classname="tests.test_admin_extended.TestPageVisitRoutes" name="test_page_visits_standard_forbidden" time="0.555" /><testcase classname="tests.test_admin_routes.TestLocationAdminRoutes" name="test_location_list" time="0.562" /><testcase classname="tests.test_admin_routes.TestLocationAdminRoutes" name="test_location_list_standard_forbidden" time="0.551" /><testcase classname="tests.test_admin_routes.TestLocationAdminRoutes" name="test_location_create_page" time="0.564" /><testcase classname="tests.test_admin_routes.TestLocationAdminRoutes" name="test_location_create_success" time="0.565" /><testcase classname="tests.test_admin_routes.TestLocationAdminRoutes" name="test_location_create_duplicate_name" time="0.556" /><testcase classname="tests.test_admin_routes.TestLocationAdminRoutes" name="test_location_edit_page" time="0.571" /><testcase classname="tests.test_admin_routes.TestLocationAdminRoutes" name="test_location_edit_success" time="0.614" /><testcase classname="tests.test_admin_routes.TestLocationAdminRoutes" name="test_location_delete" time="0.558" /><testcase classname="tests.test_admin_routes.TestCategoryAdminRoutes" name="test_category_list" time="0.561" /><testcase classname="tests.test_admin_routes.TestCategoryAdminRoutes" name="test_category_list_standard_forbidden" time="0.552" /><testcase classname="tests.test_admin_routes.TestCategoryAdminRoutes" name="test_category_create_page" time="0.561" /><testcase classname="tests.test_admin_routes.TestCategoryAdminRoutes" name="test_category_create_success" time="0.557" /><testcase classname="tests.test_admin_routes.TestCategoryAdminRoutes" name="test_category_create_duplicate" time="0.555" /><testcase classname="tests.test_admin_routes.TestUserAdminRoutes" name="test_user_list" time="0.554" /><testcase classname="tests.test_admin_routes.TestUserAdminRoutes" name="test_user_list_standard_forbidden" time="0.553" /><testcase classname="tests.test_admin_routes.TestUserAdminRoutes" name="test_user_create_page" time="0.569" /><testcase classname="tests.test_admin_routes.TestUserAdminRoutes" name="test_user_create_success" time="0.818" /><testcase classname="tests.test_admin_routes.TestLocationCreatePostCoverage" name="test_csrf_failure" time="0.551"><failure message="assert 302 == 200&#10; +  where 302 = &lt;Response [302 Found]&gt;.status_code">tests/test_admin_routes.py:201: in test_csrf_failure
    assert resp.status_code == 200
E   assert 302 == 200
E    +  where 302 = &lt;Response [302 Found]&gt;.status_code</failure></testcase><testcase classname="tests.test_admin_routes.TestLocationCreatePostCoverage" name="test_validation_error" time="0.555"><failure message="assert 302 == 200&#10; +  where 302 = &lt;Response [302 Found]&gt;.status_code">tests/test_admin_routes.py:211: in test_validation_error
    assert resp.status_code == 200
E   assert 302 == 200
E    +  where 302 = &lt;Response [302 Found]&gt;.status_code</failure></testcase><testcase classname="tests.test_admin_routes.TestLocationEditPostCoverage" name="test_csrf_failure" time="0.550"><failure message="assert 302 == 200&#10; +  where 302 = &lt;Response [302 Found]&gt;.status_code">tests/test_admin_routes.py:222: in test_csrf_failure
    assert resp.status_code == 200
E   assert 302 == 200
E    +  where 302 = &lt;Response [302 Found]&gt;.status_code</failure></testcase><testcase classname="tests.test_admin_routes.TestLocationEditPostCoverage" name="test_validation_error" time="0.553"><failure message="assert 302 == 200&#10; +  where 302 = &lt;Response [302 Found]&gt;.status_code">tests/test_admin_routes.py:232: in test_validation_error
    assert resp.status_code == 200
E   assert 302 == 200
E    +  where 302 = &lt;Response [302 Found]&gt;.status_code</failure></testcase><testcase classname="tests.test_admin_routes.TestLocationDeletePostCoverage" name="test_csrf_failure" time="0.551"><failure message="assert 302 == 303&#10; +  where 302 = &lt;Response [302 Found]&gt;.status_code">tests/test_admin_routes.py:243: in test_csrf_failure
    assert resp.status_code == 303
E   assert 302 == 303
E    +  where 302 = &lt;Response [302 Found]&gt;.status_code</failure></testcase><testcase classname="tests.test_admin_routes.TestCategoryCreatePostCoverage" name="test_csrf_failure" time="0.548"><failure message="assert 302 == 200&#10; +  where 302 = &lt;Response [302 Found]&gt;.status_code">tests/test_admin_routes.py:254: in test_csrf_failure
    assert resp.status_code == 200
E   assert 302 == 200
E    +  where 302 = &lt;Response [302 Found]&gt;.status_code</failure></testcase><testcase classname="tests.test_admin_routes.TestCategoryCreatePostCoverage" name="test_validation_error" time="0.548"><failure message="assert 302 == 200&#10; +  where 302 = &lt;Response [302 Found]&gt;.status_code">tests/test_admin_routes.py:264: in test_validation_error
    assert resp.status_code == 200
E   assert 302 == 200
E    +  where 302 = &lt;Response [302 Found]&gt;.status_code</failure></testcase><testcase classname="tests.test_admin_routes.TestCategoryEditPageCoverage" name="test_edit_page_not_found" time="0.562"><failure message="assert 200 == 404&#10; +  where 200 = &lt;Response [200 OK]&gt;.status_code">tests/test_admin_routes.py:271: in test_edit_page_not_found
    assert resp.status_code == 404
E   assert 200 == 404
E    +  where 200 = &lt;Response [200 OK]&gt;.status_code</failure></testcase><testcase classname="tests.test_admin_routes.TestCategoryEditPostCoverage" name="test_csrf_failure" time="0.554"><failure message="assert 302 == 303&#10; +  where 302 = &lt;Response [302 Found]&gt;.status_code">tests/test_admin_routes.py:282: in test_csrf_failure
    assert resp.status_code == 303
E   assert 302 == 303
E    +  where 302 = &lt;Response [302 Found]&gt;.status_code</failure></testcase><testcase classname="tests.test_admin_routes.TestCategoryEditPostCoverage" name="test_validation_error" time="0.551"><failure message="assert 302 == 200&#10; +  where 302 = &lt;Response [302 Found]&gt;.status_code">tests/test_admin_routes.py:296: in test_validation_error
    assert resp.status_code == 200
E   assert 302 == 200
E    +  where 302 = &lt;Response [302 Found]&gt;.status_code</failure></testcase><testcase classname="tests.test_admin_routes.TestUserCreatePostCoverage" name="test_csrf_failure" time="0.553"><failure message="assert 302 == 200&#10; +  where 302 = &lt;Response [302 Found]&gt;.status_code">tests/test_admin_routes.py:307: in test_csrf_failure
    assert resp.status_code == 200
E   assert 302 == 200
E    +  where 302 = &lt;Response [302 Found]&gt;.status_code</failure></testcase><testcase classname="tests.test_admin_routes.TestUserCreatePostCoverage" name="test_validation_error" time="0.550"><failure message="assert 302 == 200&#10; +  where 302 = &lt;Response [302 Found]&gt;.status_code">tests/test_admin_routes.py:324: in test_validation_error
    assert resp.status_code == 200
E   assert 302 == 200
E    +  where 302 = &lt;Response [302 Found]&gt;.status_code</failure></testcase><testcase classname="tests.test_admin_routes.TestUserCreatePostCoverage" name="test_duplicate_username" time="0.550"><failure message="assert 302 == 200&#10; +  where 302 = &lt;Response [302 Found]&gt;.status_code">tests/test_admin_routes.py:342: in test_duplicate_username
    assert resp.status_code == 200
E   assert 302 == 200
E    +  where 302 = &lt;Response [302 Found]&gt;.status_code</failure></testcase><testcase classname="tests.test_admin_routes.TestUserEditPageCoverage" name="test_edit_page_not_found" time="0.551"><failure message="assert 200 == 404&#10; +  where 200 = &lt;Response [200 OK]&gt;.status_code">tests/test_admin_routes.py:349: in test_edit_page_not_found
    assert resp.status_code == 404
E   assert 200 == 404
E    +  where 200 = &lt;Response [200 OK]&gt;.status_code</failure></testcase><testcase classname="tests.test_admin_routes.TestUserEditPostCoverage" name="test_csrf_failure" time="0.809"><failure message="assert 302 == 303&#10; +  where 302 = &lt;Response [302 Found]&gt;.status_code">tests/test_admin_routes.py:360: in test_csrf_failure
    assert resp.status_code == 303
E   assert 302 == 303
E    +  where 302 = &lt;Response [302 Found]&gt;.status_code</failure></testcase><testcase classname="tests.test_admin_routes.TestUserEditPostCoverage" name="test_validation_error" time="0.813"><failure message="assert 302 == 200&#10; +  where 302 = &lt;Response [302 Found]&gt;.status_code">tests/test_admin_routes.py:375: in test_validation_error
    assert resp.status_code == 200
E   assert 302 == 200
E    +  where 302 = &lt;Response [302 Found]&gt;.status_code</failure></testcase><testcase classname="tests.test_api_routes.TestDriverAPI" name="test_create_driver_admin" time="0.816" /><testcase classname="tests.test_api_routes.TestDriverAPI" name="test_create_driver_standard_forbidden" time="0.551" /><testcase classname="tests.test_api_routes.TestDriverAPI" name="test_create_driver_duplicate_username" time="0.814" /><testcase classname="tests.test_api_routes.TestDriverAPI" name="test_create_driver_invalid_csrf" time="0.555" /><testcase classname="tests.test_api_routes.TestLocationAPI" name="test_create_location_admin" time="0.557" /><testcase classname="tests.test_api_routes.TestLocationAPI" name="test_create_location_standard_forbidden" time="0.552" /><testcase classname="tests.test_api_routes.TestLocationAPI" name="test_create_location_duplicate_name" time="0.554" /><testcase classname="tests.test_api_routes.TestLocationAPI" name="test_create_location_invalid_csrf" time="0.552" /><testcase classname="tests.test_api_routes.TestCreateDriverInlineCoverage" name="test_validation_error" time="0.554"><failure message="assert 403 == 422&#10; +  where 403 = &lt;Response [403 Forbidden]&gt;.status_code">tests/test_api_routes.py:175: in test_validation_error
    assert resp.status_code == 422
E   assert 403 == 422
E    +  where 403 = &lt;Response [403 Forbidden]&gt;.status_code</failure></testcase><testcase classname="tests.test_api_routes.TestCreateDriverInlineCoverage" name="test_service_error" time="0.552"><failure message="assert 403 == 422&#10; +  where 403 = &lt;Response [403 Forbidden]&gt;.status_code">tests/test_api_routes.py:191: in test_service_error
    assert resp.status_code == 422
E   assert 403 == 422
E    +  where 403 = &lt;Response [403 Forbidden]&gt;.status_code</failure></testcase><testcase classname="tests.test_api_routes.TestCreateLocationInlineCoverage" name="test_validation_error" time="0.550"><failure message="assert 403 == 422&#10; +  where 403 = &lt;Response [403 Forbidden]&gt;.status_code">tests/test_api_routes.py:206: in test_validation_error
    assert resp.status_code == 422
E   assert 403 == 422
E    +  where 403 = &lt;Response [403 Forbidden]&gt;.status_code</failure></testcase><testcase classname="tests.test_api_routes.TestCreateLocationInlineCoverage" name="test_service_error" time="0.551"><failure message="assert 403 == 422&#10; +  where 403 = &lt;Response [403 Forbidden]&gt;.status_code">tests/test_api_routes.py:219: in test_service_error
    assert resp.status_code == 422
E   assert 403 == 422
E    +  where 403 = &lt;Response [403 Forbidden]&gt;.status_code</failure></testcase><testcase classname="tests.test_audit_service.TestLogAction" name="test_creates_entry" time="0.277" /><testcase classname="tests.test_audit_service.TestLogAction" name="test_creates_entry_minimal" time="0.276" /><testcase classname="tests.test_audit_service.TestGetAuditLogs" name="test_returns_entries" time="0.279" /><testcase classname="tests.test_audit_service.TestGetAuditLogs" name="test_respects_limit_and_offset" time="0.283" /><testcase classname="tests.test_audit_service.TestCountAuditLogs" name="test_returns_count" time="0.279" /><testcase classname="tests.test_auth.TestPasswordHashing" name="test_hash_and_verify" time="0.785" /><testcase classname="tests.test_auth.TestPasswordHashing" name="test_different_hashes" time="0.528" /><testcase classname="tests.test_auth.TestCSRF" name="test_generate_and_validate" time="0.015" /><testcase classname="tests.test_auth.TestCSRF" name="test_invalid_token" time="0.015" /><testcase classname="tests.test_auth.TestSession" name="test_create_and_get" time="0.018" /><testcase classname="tests.test_auth.TestSession" name="test_destroy" time="0.019" /><testcase classname="tests.test_auth.TestSession" name="test_single_session_per_user" time="0.019" /><testcase classname="tests.test_auth.TestSession" name="test_invalidate_user_sessions" time="0.020" /><testcase classname="tests.test_auth.TestLockout" name="test_not_locked_initially" time="0.015" /><testcase classname="tests.test_auth.TestLockout" name="test_lockout_after_max_attempts" time="0.018" /><testcase classname="tests.test_auth.TestLockout" name="test_clear_attempts" time="0.018" /><testcase classname="tests.test_auth.TestAuthRoutes" name="test_login_page_loads" time="0.023" /><testcase classname="tests.test_auth.TestAuthRoutes" name="test_register_page_loads" time="0.037" /><testcase classname="tests.test_auth.TestAuthRoutes" name="test_register_and_login" time="0.546" /><testcase classname="tests.test_auth.TestAuthRoutes" name="test_login_with_valid_credentials" time="0.546" /><testcase classname="tests.test_auth.TestAuthRoutes" name="test_login_with_invalid_credentials" time="0.541" /><testcase classname="tests.test_auth.TestAuthRoutes" name="test_logout" time="0.550" /><testcase classname="tests.test_auth.TestAuthRoutes" name="test_register_duplicate_username" time="0.288" /><testcase classname="tests.test_auth.TestAuthRoutes" name="test_unauthenticated_redirect" time="0.024" /><testcase classname="tests.test_auth.TestLoginPostCsrfCoverage" name="test_login_csrf_failure" time="0.282" /><testcase classname="tests.test_auth.TestLoginValidationErrorCoverage" name="test_empty_username" time="0.283" /><testcase classname="tests.test_auth.TestLoginLockoutCoverage" name="test_lockout_after_attempts" time="1.606" /><testcase classname="tests.test_auth.TestLogoutPostCoverage" name="test_logout" time="0.550" /><testcase classname="tests.test_auth.TestChangePasswordCsrfCoverage" name="test_csrf_failure" time="0.551"><failure message="assert 302 == 200&#10; +  where 302 = &lt;Response [302 Found]&gt;.status_code">tests/test_auth.py:250: in test_csrf_failure
    assert resp.status_code == 200
E   assert 302 == 200
E    +  where 302 = &lt;Response [302 Found]&gt;.status_code</failure></testcase><testcase classname="tests.test_auth.TestChangePasswordValidationCoverage" name="test_short_password" time="0.550"><failure message="assert 302 == 200&#10; +  where 302 = &lt;Response [302 Found]&gt;.status_code">tests/test_auth.py:267: in test_short_password
    assert resp.status_code == 200
E   assert 302 == 200
E    +  where 302 = &lt;Response [302 Found]&gt;.status_code</failure></testcase><testcase classname="tests.test_auth.TestChangePasswordValidationCoverage" name="test_success" time="0.550"><failure message="assert 302 == 303&#10; +  where 302 = &lt;Response [302 Found]&gt;.status_code">tests/test_auth.py:281: in test_success
    assert resp.status_code == 303
E   assert 302 == 303
E    +  where 302 = &lt;Response [302 Found]&gt;.status_code</failure></testcase><testcase classname="tests.test_auth_routes_extended.TestLoginEdgeCases" name="test_login_page_redirects_when_authenticated" time="0.556" /><testcase classname="tests.test_auth_routes_extended.TestLoginEdgeCases" name="test_login_with_next_param" time="0.022" /><testcase classname="tests.test_auth_routes_extended.TestLoginEdgeCases" name="test_login_with_password_changed_param" time="0.021" /><testcase classname="tests.test_auth_routes_extended.TestLoginEdgeCases" name="test_login_redirects_to_next" time="0.545" /><testcase classname="tests.test_auth_routes_extended.TestLoginEdgeCases" name="test_login_blocks_open_redirect" time="0.546" /><testcase classname="tests.test_auth_routes_extended.TestLoginEdgeCases" name="test_login_invalid_csrf" time="0.284" /><testcase classname="tests.test_auth_routes_extended.TestProfileRoutes" name="test_profile_page" time="0.559" /><testcase classname="tests.test_auth_routes_extended.TestProfileRoutes" name="test_profile_unauthenticated" time="0.022" /><testcase classname="tests.test_auth_routes_extended.TestProfileRoutes" name="test_profile_edit_page" time="0.559" /><testcase classname="tests.test_auth_routes_extended.TestProfileRoutes" name="test_profile_edit_success" time="0.558" /><testcase classname="tests.test_auth_routes_extended.TestProfileRoutes" name="test_profile_edit_missing_fields" time="0.552" /><testcase classname="tests.test_auth_routes_extended.TestProfileRoutes" name="test_profile_edit_invalid_csrf" time="0.553" /><testcase classname="tests.test_auth_routes_extended.TestProfileRoutes" name="test_profile_edit_unauthenticated" time="0.022" /><testcase classname="tests.test_auth_routes_extended.TestChangePasswordRoutes" name="test_change_password_page" time="0.561" /><testcase classname="tests.test_auth_routes_extended.TestChangePasswordRoutes" name="test_change_password_unauthenticated" time="0.021" /><testcase classname="tests.test_auth_routes_extended.TestChangePasswordRoutes" name="test_change_password_success" time="1.070" /><testcase classname="tests.test_auth_routes_extended.TestChangePasswordRoutes" name="test_change_password_wrong_current" time="0.811" /><testcase classname="tests.test_auth_routes_extended.TestChangePasswordRoutes" name="test_change_password_mismatch" time="0.553" /><testcase classname="tests.test_auth_routes_extended.TestChangePasswordRoutes" name="test_change_password_invalid_csrf" time="0.556" /><testcase classname="tests.test_auth_routes_extended.TestRegisterEdgeCases" name="test_register_redirects_when_authenticated" time="0.550" /><testcase classname="tests.test_auth_routes_extended.TestRegisterEdgeCases" name="test_register_invalid_csrf" time="0.025" /><testcase classname="tests.test_auth_service.TestAuthenticate" name="test_valid_credentials" time="0.534" /><testcase classname="tests.test_auth_service.TestAuthenticate" name="test_invalid_username" time="0.279" /><testcase classname="tests.test_auth_service.TestAuthenticate" name="test_invalid_password" time="0.535" /><testcase classname="tests.test_auth_service.TestAuthenticate" name="test_inactive_user" time="0.535" /><testcase classname="tests.test_auth_service.TestAuthenticate" name="test_lockout_after_max_attempts" time="1.571" /><testcase classname="tests.test_auth_service.TestLogin" name="test_returns_session_and_user" time="0.536" /><testcase classname="tests.test_auth_service.TestLogin" name="test_session_has_data" time="0.537" /><testcase classname="tests.test_auth_service.TestLogout" name="test_destroys_session" time="0.538" /><testcase classname="tests.test_auth_service.TestChangePassword" name="test_changes_password" time="1.309" /><testcase classname="tests.test_auth_service.TestChangePassword" name="test_wrong_current_password" time="0.539" /><testcase classname="tests.test_auth_service.TestChangePassword" name="test_invalidates_sessions" time="1.052" /><testcase classname="tests.test_auth_service.TestChangePassword" name="test_nonexistent_user" time="0.019" /><testcase classname="tests.test_business_rules.TestUserRules" name="test_username_must_be_unique" time="0.276" /><testcase classname="tests.test_business_rules.TestUserRules" name="test_email_must_be_unique" time="0.277" /><testcase classname="tests.test_business_rules.TestUserRules" name="test_only_admin_can_create_admin" time="0.015" /><testcase classname="tests.test_business_rules.TestUserRules" name="test_admin_can_create_admin" time="0.275" /><testcase classname="tests.test_business_rules.TestVehicleRules" name="test_retired_vehicle_cannot_be_edited" time="0.287" /><testcase classname="tests.test_business_rules.TestVehicleRules" name="test_primary_driver_must_be_standard" time="0.548" /><testcase classname="tests.test_business_rules.TestVehicleRules" name="test_registration_unique" time="0.282" /><testcase classname="tests.test_business_rules.TestMileageRules" name="test_standard_user_mileage_must_not_decrease" time="0.281" /><testcase classname="tests.test_business_rules.TestMileageRules" name="test_standard_user_can_add_higher_mileage" time="0.286" /><testcase classname="tests.test_business_rules.TestMileageRules" name="test_admin_override_requires_reason" time="0.540" /><testcase classname="tests.test_business_rules.TestMileageRules" name="test_admin_override_with_reason_succeeds" time="0.544" /><testcase classname="tests.test_business_rules.TestMileageRules" name="test_retired_vehicle_cannot_receive_mileage" time="0.543" /><testcase classname="tests.test_business_rules.TestMileageRules" name="test_standard_user_cannot_add_to_unassigned_vehicle" time="0.541" /><testcase classname="tests.test_business_rules.TestMaintenanceRules" name="test_requires_notes_enforced" time="0.285" /><testcase classname="tests.test_business_rules.TestMaintenanceRules" name="test_retired_vehicle_cannot_receive_maintenance" time="0.546" /><testcase classname="tests.test_business_rules.TestRetirementRules" name="test_only_active_vehicle_can_be_retired" time="0.541" /><testcase classname="tests.test_business_rules.TestRetirementRules" name="test_only_one_pending_request" time="0.552" /><testcase classname="tests.test_business_rules.TestRetirementRules" name="test_standard_user_can_only_retire_assigned_vehicle" time="0.543" /><testcase classname="tests.test_business_rules.TestRetirementRules" name="test_approve_retires_vehicle" time="0.551" /><testcase classname="tests.test_dashboard_requests_extended.TestDashboard" name="test_dashboard_unauthenticated" time="0.022" /><testcase classname="tests.test_dashboard_requests_extended.TestDashboard" name="test_admin_dashboard" time="0.617" /><testcase classname="tests.test_dashboard_requests_extended.TestDashboard" name="test_standard_dashboard" time="0.568" /><testcase classname="tests.test_dashboard_requests_extended.TestRequestCSRF" name="test_retirement_create_invalid_csrf" time="0.557" /><testcase classname="tests.test_dashboard_requests_extended.TestRequestCSRF" name="test_deletion_create_invalid_csrf" time="0.564" /><testcase classname="tests.test_dashboard_requests_extended.TestRequestCSRF" name="test_retirement_review_invalid_csrf" time="0.554" /><testcase classname="tests.test_dashboard_requests_extended.TestRequestCSRF" name="test_deletion_review_invalid_csrf" time="0.554" /><testcase classname="tests.test_dashboard_requests_extended.TestRequestCreatePages" name="test_deletion_create_page_standard" time="0.592" /><testcase classname="tests.test_dashboard_requests_extended.TestRequestCreatePages" name="test_retirement_create_unauthenticated" time="0.023" /><testcase classname="tests.test_dashboard_requests_extended.TestRequestCreatePages" name="test_deletion_create_unauthenticated" time="0.022" /><testcase classname="tests.test_deletion_service.TestGetDeletionRequestById" name="test_returns_request" time="0.556" /><testcase classname="tests.test_deletion_service.TestGetDeletionRequestById" name="test_raises_not_found" time="0.017" /><testcase classname="tests.test_deletion_service.TestGetAllDeletionRequests" name="test_returns_all" time="0.291" /><testcase classname="tests.test_deletion_service.TestGetAllDeletionRequests" name="test_filter_by_status" time="0.292" /><testcase classname="tests.test_deletion_service.TestGetDeletionRequestsForUser" name="test_returns_user_requests" time="0.552" /><testcase classname="tests.test_deletion_service.TestCreateDeletionRequest" name="test_create_for_maintenance_record" time="0.290" /><testcase classname="tests.test_deletion_service.TestCreateDeletionRequest" name="test_create_for_mileage_record" time="0.288" /><testcase classname="tests.test_deletion_service.TestCreateDeletionRequest" name="test_nonexistent_target_fails" time="0.278" /><testcase classname="tests.test_deletion_service.TestCreateDeletionRequest" name="test_already_deleted_target_fails" time="0.290" /><testcase classname="tests.test_deletion_service.TestCreateDeletionRequest" name="test_standard_user_unassigned_vehicle_fails" time="0.551" /><testcase classname="tests.test_deletion_service.TestCreateDeletionRequest" name="test_duplicate_pending_request_fails" time="0.293" /><testcase classname="tests.test_deletion_service.TestCreateDeletionRequest" name="test_admin_can_request_any_record" time="0.547" /><testcase classname="tests.test_deletion_service.TestCreateDeletionRequest" name="test_invalid_target_type_fails" time="0.276" /><testcase classname="tests.test_deletion_service.TestReviewDeletionRequest" name="test_approve_deletes_maintenance_record" time="0.555" /><testcase classname="tests.test_deletion_service.TestReviewDeletionRequest" name="test_approve_deletes_mileage_record_and_recalculates" time="0.558" /><testcase classname="tests.test_deletion_service.TestReviewDeletionRequest" name="test_reject_keeps_record" time="0.551" /><testcase classname="tests.test_deletion_service.TestReviewDeletionRequest" name="test_review_already_reviewed_fails" time="0.555" /><testcase classname="tests.test_forms_utils.TestParseErrors" name="test_missing_field" time="0.015" /><testcase classname="tests.test_forms_utils.TestParseErrors" name="test_int_parsing_error" time="0.015" /><testcase classname="tests.test_forms_utils.TestParseErrors" name="test_value_error_message" time="0.015" /><testcase classname="tests.test_forms_utils.TestSafeInt" name="test_valid_int" time="0.015" /><testcase classname="tests.test_forms_utils.TestSafeInt" name="test_none_returns_default" time="0.015" /><testcase classname="tests.test_forms_utils.TestSafeInt" name="test_empty_returns_default" time="0.015" /><testcase classname="tests.test_forms_utils.TestSafeInt" name="test_custom_default" time="0.015" /><testcase classname="tests.test_forms_utils.TestSafeInt" name="test_invalid_returns_string" time="0.015" /><testcase classname="tests.test_forms_utils.TestSafeIntOrNone" name="test_valid_int" time="0.015" /><testcase classname="tests.test_forms_utils.TestSafeIntOrNone" name="test_none_returns_none" time="0.015" /><testcase classname="tests.test_forms_utils.TestSafeIntOrNone" name="test_empty_returns_none" time="0.015" /><testcase classname="tests.test_forms_utils.TestSafeIntOrNone" name="test_invalid_returns_string" time="0.018" /><testcase classname="tests.test_forms_utils.TestSafeDecimal" name="test_valid_decimal" time="0.016" /><testcase classname="tests.test_forms_utils.TestSafeDecimal" name="test_none_returns_none" time="0.015" /><testcase classname="tests.test_forms_utils.TestSafeDecimal" name="test_empty_returns_none" time="0.017" /><testcase classname="tests.test_forms_utils.TestSafeDecimal" name="test_invalid_returns_string" time="0.015" /><testcase classname="tests.test_forms_utils.TestSafeDate" name="test_valid_date" time="0.015" /><testcase classname="tests.test_forms_utils.TestSafeDate" name="test_none_returns_none" time="0.015" /><testcase classname="tests.test_forms_utils.TestSafeDate" name="test_empty_returns_none" time="0.016" /><testcase classname="tests.test_forms_utils.TestSafeDate" name="test_invalid_returns_string" time="0.015" /><testcase classname="tests.test_location_service.TestGetLocationById" name="test_returns_location" time="0.018" /><testcase classname="tests.test_location_service.TestGetLocationById" name="test_raises_not_found" time="0.017" /><testcase classname="tests.test_location_service.TestGetLocationById" name="test_raises_not_found_for_deleted" time="0.019" /><testcase classname="tests.test_location_service.TestGetAllLocations" name="test_returns_all" time="0.020" /><testcase classname="tests.test_location_service.TestGetAllLocations" name="test_excludes_deleted" time="0.018" /><testcase classname="tests.test_location_service.TestGetAllLocations" name="test_active_only_filter" time="0.021" /><testcase classname="tests.test_location_service.TestGetAllLocations" name="test_ordered_by_name" time="0.021" /><testcase classname="tests.test_location_service.TestCreateLocation" name="test_create_minimal" time="0.018" /><testcase classname="tests.test_location_service.TestCreateLocation" name="test_create_full" time="0.018" /><testcase classname="tests.test_location_service.TestCreateLocation" name="test_duplicate_name_fails" time="0.018" /><testcase classname="tests.test_location_service.TestCreateLocation" name="test_duplicate_code_fails" time="0.019" /><testcase classname="tests.test_location_service.TestCreateLocation" name="test_empty_optional_fields_stored_as_none" time="0.018" /><testcase classname="tests.test_location_service.TestUpdateLocation" name="test_update_name" time="0.020" /><testcase classname="tests.test_location_service.TestUpdateLocation" name="test_update_duplicate_name_fails" time="0.021" /><testcase classname="tests.test_location_service.TestUpdateLocation" name="test_update_duplicate_code_fails" time="0.022" /><testcase classname="tests.test_location_service.TestUpdateLocation" name="test_update_same_name_ok" time="0.020" /><testcase classname="tests.test_location_service.TestUpdateLocation" name="test_update_is_active" time="0.020" /><testcase classname="tests.test_location_service.TestSoftDeleteLocation" name="test_soft_delete" time="0.019" /><testcase classname="tests.test_location_service.TestSoftDeleteLocation" name="test_soft_delete_nonexistent_raises" time="0.016" /><testcase classname="tests.test_maintenance_mileage_extended.TestMaintenanceDetail" name="test_detail_page_admin" time="0.833" /><testcase classname="tests.test_maintenance_mileage_extended.TestMaintenanceDetail" name="test_detail_not_found" time="0.552" /><testcase classname="tests.test_maintenance_mileage_extended.TestMaintenanceCreateErrors" name="test_create_invalid_csrf" time="0.580" /><testcase classname="tests.test_maintenance_mileage_extended.TestMaintenanceEditErrors" name="test_edit_invalid_csrf" time="0.827" /><testcase classname="tests.test_maintenance_mileage_extended.TestMaintenanceEditErrors" name="test_delete_invalid_csrf" time="0.820" /><testcase classname="tests.test_maintenance_mileage_extended.TestMileageDetail" name="test_detail_page_admin" time="0.831" /><testcase classname="tests.test_maintenance_mileage_extended.TestMileageDetail" name="test_detail_not_found" time="0.553" /><testcase classname="tests.test_maintenance_mileage_extended.TestMileageCreateErrors" name="test_create_invalid_csrf" time="0.570" /><testcase classname="tests.test_maintenance_mileage_extended.TestMileageEditErrors" name="test_edit_invalid_csrf" time="0.818" /><testcase classname="tests.test_maintenance_mileage_extended.TestMileageEditErrors" name="test_delete_invalid_csrf" time="0.818" /><testcase classname="tests.test_maintenance_routes.TestMaintenanceListRoutes" name="test_list_admin" time="0.566" /><testcase classname="tests.test_maintenance_routes.TestMaintenanceListRoutes" name="test_list_standard" time="0.559" /><testcase classname="tests.test_maintenance_routes.TestMaintenanceListRoutes" name="test_list_unauthenticated" time="0.022" /><testcase classname="tests.test_maintenance_routes.TestMaintenanceCreateRoutes" name="test_create_page" time="0.554" /><testcase classname="tests.test_maintenance_routes.TestMaintenanceCreateRoutes" name="test_create_record_admin" time="0.825" /><testcase classname="tests.test_maintenance_routes.TestMaintenanceCreateRoutes" name="test_create_record_standard_user" time="0.562" /><testcase classname="tests.test_maintenance_routes.TestMaintenanceCreateRoutes" name="test_create_retired_vehicle_fails" time="0.823" /><testcase classname="tests.test_maintenance_routes.TestMaintenanceEditRoutes" name="test_edit_page_admin" time="0.840" /><testcase classname="tests.test_maintenance_routes.TestMaintenanceEditRoutes" name="test_edit_page_standard_forbidden" time="0.563" /><testcase classname="tests.test_maintenance_routes.TestMaintenanceEditRoutes" name="test_edit_record_admin" time="0.831" /><testcase classname="tests.test_maintenance_routes.TestMaintenanceDeleteRoutes" name="test_delete_admin" time="0.827" /><testcase classname="tests.test_maintenance_routes.TestMaintenanceDeleteRoutes" name="test_delete_standard_forbidden" time="0.561" /><testcase classname="tests.test_maintenance_routes.TestMaintenanceListCoverage" name="test_standard_user_list" time="0.814" /><testcase classname="tests.test_maintenance_routes.TestMaintenanceCreatePageCoverage" name="test_create_page" time="0.817" /><testcase classname="tests.test_maintenance_routes.TestMaintenanceCreatePostCoverage" name="test_csrf_failure" time="0.816"><failure message="assert 302 == 200&#10; +  where 302 = &lt;Response [302 Found]&gt;.status_code">tests/test_maintenance_routes.py:274: in test_csrf_failure
    assert resp.status_code == 200
E   assert 302 == 200
E    +  where 302 = &lt;Response [302 Found]&gt;.status_code</failure></testcase><testcase classname="tests.test_maintenance_routes.TestMaintenanceCreatePostCoverage" name="test_validation_error" time="0.876"><failure message="assert 302 == 200&#10; +  where 302 = &lt;Response [302 Found]&gt;.status_code">tests/test_maintenance_routes.py:290: in test_validation_error
    assert resp.status_code == 200
E   assert 302 == 200
E    +  where 302 = &lt;Response [302 Found]&gt;.status_code</failure></testcase><testcase classname="tests.test_maintenance_routes.TestMaintenanceCreatePostCoverage" name="test_success" time="0.815"><failure message="assert 302 == 303&#10; +  where 302 = &lt;Response [302 Found]&gt;.status_code">tests/test_maintenance_routes.py:306: in test_success
    assert resp.status_code == 303
E   assert 302 == 303
E    +  where 302 = &lt;Response [302 Found]&gt;.status_code</failure></testcase><testcase classname="tests.test_maintenance_routes.TestMaintenanceCreatePostCoverage" name="test_success_return_to_vehicle" time="0.819"><failure message="assert 302 == 303&#10; +  where 302 = &lt;Response [302 Found]&gt;.status_code">tests/test_maintenance_routes.py:323: in test_success_return_to_vehicle
    assert resp.status_code == 303
E   assert 302 == 303
E    +  where 302 = &lt;Response [302 Found]&gt;.status_code</failure></testcase><testcase classname="tests.test_maintenance_routes.TestMaintenanceEditPageCoverage" name="test_standard_forbidden" time="0.820"><failure message="assert 200 == 403&#10; +  where 200 = &lt;Response [200 OK]&gt;.status_code">tests/test_maintenance_routes.py:331: in test_standard_forbidden
    assert resp.status_code == 403
E   assert 200 == 403
E    +  where 200 = &lt;Response [200 OK]&gt;.status_code</failure></testcase><testcase classname="tests.test_maintenance_routes.TestMaintenanceEditPageCoverage" name="test_admin_success" time="0.822" /><testcase classname="tests.test_maintenance_routes.TestMaintenanceEditPostCoverage" name="test_csrf_failure" time="0.821"><failure message="assert 302 == 303&#10; +  where 302 = &lt;Response [302 Found]&gt;.status_code">tests/test_maintenance_routes.py:347: in test_csrf_failure
    assert resp.status_code == 303
E   assert 302 == 303
E    +  where 302 = &lt;Response [302 Found]&gt;.status_code</failure></testcase><testcase classname="tests.test_maintenance_routes.TestMaintenanceEditPostCoverage" name="test_validation_error" time="0.819"><failure message="assert 302 == 200&#10; +  where 302 = &lt;Response [302 Found]&gt;.status_code">tests/test_maintenance_routes.py:361: in test_validation_error
    assert resp.status_code == 200
E   assert 302 == 200
E    +  where 302 = &lt;Response [302 Found]&gt;.status_code</failure></testcase><testcase classname="tests.test_maintenance_routes.TestMaintenanceEditPostCoverage" name="test_success" time="0.819"><failure message="assert 302 == 303&#10; +  where 302 = &lt;Response [302 Found]&gt;.status_code">tests/test_maintenance_routes.py:376: in test_success
    assert resp.status_code == 303
E   assert 302 == 303
E    +  where 302 = &lt;Response [302 Found]&gt;.status_code</failure></testcase><testcase classname="tests.test_maintenance_routes.TestMaintenanceDeletePostCoverage" name="test_csrf_failure" time="0.817"><failure message="assert 302 == 303&#10; +  where 302 = &lt;Response [302 Found]&gt;.status_code">tests/test_maintenance_routes.py:387: in test_csrf_failure
    assert resp.status_code == 303
E   assert 302 == 303
E    +  where 302 = &lt;Response [302 Found]&gt;.status_code</failure></testcase><testcase classname="tests.test_maintenance_routes.TestMaintenanceDeletePostCoverage" name="test_success" time="0.819"><failure message="assert 302 == 303&#10; +  where 302 = &lt;Response [302 Found]&gt;.status_code">tests/test_maintenance_routes.py:396: in test_success
    assert resp.status_code == 303
E   assert 302 == 303
E    +  where 302 = &lt;Response [302 Found]&gt;.status_code</failure></testcase><testcase classname="tests.test_maintenance_service.TestGetCategoryById" name="test_returns_category" time="0.018" /><testcase classname="tests.test_maintenance_service.TestGetCategoryById" name="test_raises_not_found" time="0.017" /><testcase classname="tests.test_maintenance_service.TestGetCategoryById" name="test_raises_not_found_for_deleted" time="0.019" /><testcase classname="tests.test_maintenance_service.TestGetAllCategories" name="test_returns_all" time="0.019" /><testcase classname="tests.test_maintenance_service.TestGetAllCategories" name="test_active_only_filter" time="0.021" /><testcase classname="tests.test_maintenance_service.TestGetAllCategories" name="test_excludes_deleted" time="0.018" /><testcase classname="tests.test_maintenance_service.TestCreateCategory" name="test_create_basic" time="0.017" /><testcase classname="tests.test_maintenance_service.TestCreateCategory" name="test_create_with_notes_required" time="0.017" /><testcase classname="tests.test_maintenance_service.TestCreateCategory" name="test_create_with_description" time="0.018" /><testcase classname="tests.test_maintenance_service.TestCreateCategory" name="test_duplicate_name_fails" time="0.018" /><testcase classname="tests.test_maintenance_service.TestUpdateCategory" name="test_update_name" time="0.020" /><testcase classname="tests.test_maintenance_service.TestUpdateCategory" name="test_update_requires_notes" time="0.020" /><testcase classname="tests.test_maintenance_service.TestUpdateCategory" name="test_update_duplicate_name_fails" time="0.020" /><testcase classname="tests.test_maintenance_service.TestUpdateCategory" name="test_update_same_name_ok" time="0.019" /><testcase classname="tests.test_maintenance_service.TestUpdateCategory" name="test_update_is_active" time="0.019" /><testcase classname="tests.test_maintenance_service.TestSoftDeleteCategory" name="test_soft_delete" time="0.019" /><testcase classname="tests.test_maintenance_service.TestSoftDeleteCategory" name="test_soft_delete_nonexistent_raises" time="0.016" /><testcase classname="tests.test_maintenance_service.TestGetMaintenanceRecordById" name="test_returns_record" time="0.286" /><testcase classname="tests.test_maintenance_service.TestGetMaintenanceRecordById" name="test_raises_not_found" time="0.017" /><testcase classname="tests.test_maintenance_service.TestCreateMaintenanceRecord" name="test_create_basic" time="0.286" /><testcase classname="tests.test_maintenance_service.TestCreateMaintenanceRecord" name="test_create_with_notes" time="0.284" /><testcase classname="tests.test_maintenance_service.TestCreateMaintenanceRecord" name="test_create_with_cost" time="0.544" /><testcase classname="tests.test_maintenance_service.TestCreateMaintenanceRecord" name="test_notes_required_enforced" time="0.283" /><testcase classname="tests.test_maintenance_service.TestCreateMaintenanceRecord" name="test_notes_required_with_notes_succeeds" time="0.285" /><testcase classname="tests.test_maintenance_service.TestCreateMaintenanceRecord" name="test_retired_vehicle_fails" time="0.543" /><testcase classname="tests.test_maintenance_service.TestCreateMaintenanceRecord" name="test_deleted_vehicle_fails" time="0.547" /><testcase classname="tests.test_maintenance_service.TestCreateMaintenanceRecord" name="test_inactive_category_fails" time="0.544" /><testcase classname="tests.test_maintenance_service.TestCreateMaintenanceRecord" name="test_standard_user_unassigned_vehicle_fails" time="0.548" /><testcase classname="tests.test_maintenance_service.TestCreateMaintenanceRecord" name="test_admin_can_log_any_vehicle" time="0.545" /><testcase classname="tests.test_maintenance_service.TestCreateMaintenanceRecord" name="test_notes_whitespace_stripped" time="0.544" /><testcase classname="tests.test_maintenance_service.TestCreateMaintenanceRecord" name="test_empty_notes_stored_as_none" time="0.543" /><testcase classname="tests.test_maintenance_service.TestUpdateMaintenanceRecord" name="test_update_record" time="0.551" /><testcase classname="tests.test_maintenance_service.TestUpdateMaintenanceRecord" name="test_update_notes_required_enforced" time="0.546" /><testcase classname="tests.test_maintenance_service.TestUpdateMaintenanceRecord" name="test_update_retired_vehicle_fails" time="0.548" /><testcase classname="tests.test_maintenance_service.TestGetMaintenanceRecords" name="test_get_records_for_vehicle" time="0.550" /><testcase classname="tests.test_maintenance_service.TestGetMaintenanceRecords" name="test_get_all_records" time="0.546" /><testcase classname="tests.test_mileage_routes.TestMileageListRoutes" name="test_mileage_list_admin" time="0.561" /><testcase classname="tests.test_mileage_routes.TestMileageListRoutes" name="test_mileage_list_standard" time="0.559" /><testcase classname="tests.test_mileage_routes.TestMileageListRoutes" name="test_mileage_list_unauthenticated" time="0.022" /><testcase classname="tests.test_mileage_routes.TestMileageCreateRoutes" name="test_create_page" time="0.557" /><testcase classname="tests.test_mileage_routes.TestMileageCreateRoutes" name="test_create_mileage_standard_user" time="0.557" /><testcase classname="tests.test_mileage_routes.TestMileageCreateRoutes" name="test_create_mileage_lower_than_current_fails" time="0.557" /><testcase classname="tests.test_mileage_routes.TestMileageCreateRoutes" name="test_create_mileage_admin_override" time="0.819" /><testcase classname="tests.test_mileage_routes.TestMileageEditRoutes" name="test_edit_page_admin" time="0.828" /><testcase classname="tests.test_mileage_routes.TestMileageEditRoutes" name="test_edit_page_standard_forbidden" time="0.557" /><testcase classname="tests.test_mileage_routes.TestMileageEditRoutes" name="test_edit_mileage_admin" time="0.828" /><testcase classname="tests.test_mileage_routes.TestMileageDeleteRoutes" name="test_delete_admin" time="0.823" /><testcase classname="tests.test_mileage_routes.TestMileageDeleteRoutes" name="test_delete_standard_forbidden" time="0.556" /><testcase classname="tests.test_mileage_routes.TestMileageListCoverage" name="test_standard_user_list" time="0.815" /><testcase classname="tests.test_mileage_routes.TestMileageCreatePageCoverage" name="test_create_page" time="0.813" /><testcase classname="tests.test_mileage_routes.TestMileageCreatePostCoverage" name="test_csrf_failure" time="0.811"><failure message="assert 302 == 200&#10; +  where 302 = &lt;Response [302 Found]&gt;.status_code">tests/test_mileage_routes.py:250: in test_csrf_failure
    assert resp.status_code == 200
E   assert 302 == 200
E    +  where 302 = &lt;Response [302 Found]&gt;.status_code</failure></testcase><testcase classname="tests.test_mileage_routes.TestMileageCreatePostCoverage" name="test_validation_error" time="0.811"><failure message="assert 302 == 200&#10; +  where 302 = &lt;Response [302 Found]&gt;.status_code">tests/test_mileage_routes.py:264: in test_validation_error
    assert resp.status_code == 200
E   assert 302 == 200
E    +  where 302 = &lt;Response [302 Found]&gt;.status_code</failure></testcase><testcase classname="tests.test_mileage_routes.TestMileageCreatePostCoverage" name="test_success" time="0.811"><failure message="assert 302 == 303&#10; +  where 302 = &lt;Response [302 Found]&gt;.status_code">tests/test_mileage_routes.py:277: in test_success
    assert resp.status_code == 303
E   assert 302 == 303
E    +  where 302 = &lt;Response [302 Found]&gt;.status_code</failure></testcase><testcase classname="tests.test_mileage_routes.TestMileageCreatePostCoverage" name="test_success_return_to_vehicle" time="0.812"><failure message="assert 302 == 303&#10; +  where 302 = &lt;Response [302 Found]&gt;.status_code">tests/test_mileage_routes.py:292: in test_success_return_to_vehicle
    assert resp.status_code == 303
E   assert 302 == 303
E    +  where 302 = &lt;Response [302 Found]&gt;.status_code</failure></testcase><testcase classname="tests.test_mileage_routes.TestMileageEditPageCoverage" name="test_standard_forbidden" time="0.816"><failure message="assert 200 == 403&#10; +  where 200 = &lt;Response [200 OK]&gt;.status_code">tests/test_mileage_routes.py:300: in test_standard_forbidden
    assert resp.status_code == 403
E   assert 200 == 403
E    +  where 200 = &lt;Response [200 OK]&gt;.status_code</failure></testcase><testcase classname="tests.test_mileage_routes.TestMileageEditPageCoverage" name="test_admin_success" time="0.817" /><testcase classname="tests.test_mileage_routes.TestMileageEditPostCoverage" name="test_csrf_failure" time="0.815"><failure message="assert 302 == 303&#10; +  where 302 = &lt;Response [302 Found]&gt;.status_code">tests/test_mileage_routes.py:316: in test_csrf_failure
    assert resp.status_code == 303
E   assert 302 == 303
E    +  where 302 = &lt;Response [302 Found]&gt;.status_code</failure></testcase><testcase classname="tests.test_mileage_routes.TestMileageEditPostCoverage" name="test_validation_error" time="0.817"><failure message="assert 302 == 200&#10; +  where 302 = &lt;Response [302 Found]&gt;.status_code">tests/test_mileage_routes.py:328: in test_validation_error
    assert resp.status_code == 200
E   assert 302 == 200
E    +  where 302 = &lt;Response [302 Found]&gt;.status_code</failure></testcase><testcase classname="tests.test_mileage_routes.TestMileageEditPostCoverage" name="test_success" time="0.814"><failure message="assert 302 == 303&#10; +  where 302 = &lt;Response [302 Found]&gt;.status_code">tests/test_mileage_routes.py:340: in test_success
    assert resp.status_code == 303
E   assert 302 == 303
E    +  where 302 = &lt;Response [302 Found]&gt;.status_code</failure></testcase><testcase classname="tests.test_mileage_routes.TestMileageDeletePostCoverage" name="test_csrf_failure" time="0.816"><failure message="assert 302 == 303&#10; +  where 302 = &lt;Response [302 Found]&gt;.status_code">tests/test_mileage_routes.py:351: in test_csrf_failure
    assert resp.status_code == 303
E   assert 302 == 303
E    +  where 302 = &lt;Response [302 Found]&gt;.status_code</failure></testcase><testcase classname="tests.test_mileage_routes.TestMileageDeletePostCoverage" name="test_success" time="0.815"><failure message="assert 302 == 303&#10; +  where 302 = &lt;Response [302 Found]&gt;.status_code">tests/test_mileage_routes.py:360: in test_success
    assert resp.status_code == 303
E   assert 302 == 303
E    +  where 302 = &lt;Response [302 Found]&gt;.status_code</failure></testcase><testcase classname="tests.test_mileage_service.TestGetMileageRecordById" name="test_returns_record" time="0.541" /><testcase classname="tests.test_mileage_service.TestGetMileageRecordById" name="test_raises_not_found" time="0.017" /><testcase classname="tests.test_mileage_service.TestGetMileageRecordById" name="test_raises_not_found_for_deleted" time="0.543" /><testcase classname="tests.test_mileage_service.TestGetRecordsForVehicle" name="test_returns_records_for_vehicle" time="0.545" /><testcase classname="tests.test_mileage_service.TestGetRecordsForVehicle" name="test_excludes_deleted" time="0.542" /><testcase classname="tests.test_mileage_service.TestCreateMileageRecord" name="test_standard_user_higher_mileage" time="0.282" /><testcase classname="tests.test_mileage_service.TestCreateMileageRecord" name="test_standard_user_lower_mileage_fails" time="0.280" /><testcase classname="tests.test_mileage_service.TestCreateMileageRecord" name="test_standard_user_unassigned_vehicle_fails" time="0.540" /><testcase classname="tests.test_mileage_service.TestCreateMileageRecord" name="test_standard_user_override_ignored" time="0.281" /><testcase classname="tests.test_mileage_service.TestCreateMileageRecord" name="test_admin_higher_mileage" time="0.541" /><testcase classname="tests.test_mileage_service.TestCreateMileageRecord" name="test_admin_lower_without_override_fails" time="0.538" /><testcase classname="tests.test_mileage_service.TestCreateMileageRecord" name="test_admin_override_without_reason_fails" time="0.537" /><testcase classname="tests.test_mileage_service.TestCreateMileageRecord" name="test_admin_override_with_reason_succeeds" time="0.542" /><testcase classname="tests.test_mileage_service.TestCreateMileageRecord" name="test_retired_vehicle_fails" time="0.540" /><testcase classname="tests.test_mileage_service.TestCreateMileageRecord" name="test_deleted_vehicle_fails" time="0.539" /><testcase classname="tests.test_mileage_service.TestCreateMileageRecord" name="test_updates_current_mileage_on_higher" time="0.541" /><testcase classname="tests.test_mileage_service.TestCreateMileageRecord" name="test_admin_override_recalculates_mileage" time="0.549" /><testcase classname="tests.test_mileage_service.TestUpdateMileageRecord" name="test_update_reading" time="0.544" /><testcase classname="tests.test_mileage_service.TestUpdateMileageRecord" name="test_update_override_without_reason_fails" time="0.543" /><testcase classname="tests.test_mileage_service.TestUpdateMileageRecord" name="test_update_changes_reading_value" time="0.548" /><testcase classname="tests.test_mileage_service.TestUpdateMileageRecord" name="test_update_retired_vehicle_fails" time="0.546" /><testcase classname="tests.test_mileage_service.TestSoftDeleteMileageRecord" name="test_soft_delete" time="0.544" /><testcase classname="tests.test_mileage_service.TestSoftDeleteMileageRecord" name="test_soft_delete_recalculates_mileage" time="0.547" /><testcase classname="tests.test_mileage_service.TestSoftDeleteMileageRecord" name="test_soft_delete_all_records_resets_to_zero" time="0.544" /><testcase classname="tests.test_mileage_service.TestSoftDeleteMileageRecord" name="test_soft_delete_nonexistent_raises" time="0.016" /><testcase classname="tests.test_page_visit_service.TestRecordVisit" name="test_creates_visit" time="0.277" /><testcase classname="tests.test_page_visit_service.TestRecordVisit" name="test_custom_method" time="0.276" /><testcase classname="tests.test_page_visit_service.TestGetVisits" name="test_returns_visits" time="0.277" /><testcase classname="tests.test_page_visit_service.TestGetVisits" name="test_limit_and_offset" time="0.282" /><testcase classname="tests.test_page_visit_service.TestGetVisits" name="test_filter_by_user" time="0.539" /><testcase classname="tests.test_page_visit_service.TestGetVisits" name="test_filter_by_days" time="0.275" /><testcase classname="tests.test_page_visit_service.TestCountVisits" name="test_total_count" time="0.281" /><testcase classname="tests.test_page_visit_service.TestCountVisits" name="test_count_by_user" time="0.542" /><testcase classname="tests.test_page_visit_service.TestGetPopularPages" name="test_returns_popular" time="0.281" /><testcase classname="tests.test_page_visit_service.TestGetActiveUsers" name="test_returns_standard_users_only" time="0.540" /><testcase classname="tests.test_page_visit_service.TestGetDailyVisits" name="test_returns_daily_data" time="0.001"><skipped type="pytest.skip" message="cast(Date) not supported on SQLite test backend">/home/runner/work/fleet-management/fleet-management/tests/test_page_visit_service.py:86: cast(Date) not supported on SQLite test backend</skipped></testcase><testcase classname="tests.test_page_visit_service.TestGetHourlyDistribution" name="test_returns_24_hours" time="0.276" /><testcase classname="tests.test_request_routes.TestRetirementRequestRoutes" name="test_retirement_list_admin" time="0.560" /><testcase classname="tests.test_request_routes.TestRetirementRequestRoutes" name="test_retirement_list_standard" time="0.555" /><testcase classname="tests.test_request_routes.TestRetirementRequestRoutes" name="test_retirement_list_unauthenticated" time="0.021" /><testcase classname="tests.test_request_routes.TestRetirementRequestRoutes" name="test_retirement_create_page" time="0.569" /><testcase classname="tests.test_request_routes.TestRetirementRequestRoutes" name="test_standard_user_creates_request" time="0.560" /><testcase classname="tests.test_request_routes.TestRetirementRequestRoutes" name="test_admin_retires_directly" time="0.816" /><testcase classname="tests.test_request_routes.TestRetirementRequestRoutes" name="test_retirement_detail_page" time="0.831" /><testcase classname="tests.test_request_routes.TestRetirementRequestRoutes" name="test_approve_retirement" time="0.824" /><testcase classname="tests.test_request_routes.TestRetirementRequestRoutes" name="test_reject_retirement" time="0.821" /><testcase classname="tests.test_request_routes.TestRetirementRequestRoutes" name="test_review_standard_forbidden" time="0.557" /><testcase classname="tests.test_request_routes.TestDeletionRequestRoutes" name="test_deletion_list_admin" time="0.560" /><testcase classname="tests.test_request_routes.TestDeletionRequestRoutes" name="test_deletion_list_standard" time="0.552" /><testcase classname="tests.test_request_routes.TestDeletionRequestRoutes" name="test_deletion_list_unauthenticated" time="0.021" /><testcase classname="tests.test_request_routes.TestDeletionRequestRoutes" name="test_deletion_create_page" time="0.554" /><testcase classname="tests.test_request_routes.TestDeletionRequestRoutes" name="test_create_deletion_request" time="0.564" /><testcase classname="tests.test_request_routes.TestDeletionRequestRoutes" name="test_deletion_detail_page" time="0.836" /><testcase classname="tests.test_request_routes.TestDeletionRequestRoutes" name="test_approve_deletion" time="0.831" /><testcase classname="tests.test_request_routes.TestDeletionRequestRoutes" name="test_reject_deletion" time="0.826" /><testcase classname="tests.test_request_routes.TestDeletionRequestRoutes" name="test_review_standard_forbidden" time="0.562" /><testcase classname="tests.test_request_routes.TestRetirementCreatePageCoverage" name="test_admin_sees_all_vehicles" time="0.820" /><testcase classname="tests.test_request_routes.TestRetirementCreatePageCoverage" name="test_standard_user_sees_own_vehicles" time="0.813" /><testcase classname="tests.test_request_routes.TestRetirementCreatePostCoverage" name="test_csrf_failure" time="0.810"><failure message="assert 302 == 303&#10; +  where 302 = &lt;Response [302 Found]&gt;.status_code">tests/test_request_routes.py:343: in test_csrf_failure
    assert resp.status_code == 303
E   assert 302 == 303
E    +  where 302 = &lt;Response [302 Found]&gt;.status_code</failure></testcase><testcase classname="tests.test_request_routes.TestRetirementCreatePostCoverage" name="test_validation_error" time="0.814"><failure message="assert 302 == 200&#10; +  where 302 = &lt;Response [302 Found]&gt;.status_code">tests/test_request_routes.py:352: in test_validation_error
    assert resp.status_code == 200
E   assert 302 == 200
E    +  where 302 = &lt;Response [302 Found]&gt;.status_code</failure></testcase><testcase classname="tests.test_request_routes.TestRetirementCreatePostCoverage" name="test_admin_direct_retire" time="0.812"><failure message="assert 302 == 303&#10; +  where 302 = &lt;Response [302 Found]&gt;.status_code">tests/test_request_routes.py:365: in test_admin_direct_retire
    assert resp.status_code == 303
E   assert 302 == 303
E    +  where 302 = &lt;Response [302 Found]&gt;.status_code</failure></testcase><testcase classname="tests.test_request_routes.TestRetirementCreatePostCoverage" name="test_standard_user_creates_request" time="0.813"><failure message="assert 302 == 303&#10; +  where 302 = &lt;Response [302 Found]&gt;.status_code">tests/test_request_routes.py:379: in test_standard_user_creates_request
    assert resp.status_code == 303
E   assert 302 == 303
E    +  where 302 = &lt;Response [302 Found]&gt;.status_code</failure></testcase><testcase classname="tests.test_request_routes.TestRetirementReviewCoverage" name="test_non_admin_forbidden" time="0.814"><failure message="assert 302 == 403&#10; +  where 302 = &lt;Response [302 Found]&gt;.status_code">tests/test_request_routes.py:402: in test_non_admin_forbidden
    assert resp.status_code == 403
E   assert 302 == 403
E    +  where 302 = &lt;Response [302 Found]&gt;.status_code</failure></testcase><testcase classname="tests.test_request_routes.TestRetirementReviewCoverage" name="test_csrf_failure" time="0.816"><failure message="assert 302 == 303&#10; +  where 302 = &lt;Response [302 Found]&gt;.status_code">tests/test_request_routes.py:412: in test_csrf_failure
    assert resp.status_code == 303
E   assert 302 == 303
E    +  where 302 = &lt;Response [302 Found]&gt;.status_code</failure></testcase><testcase classname="tests.test_request_routes.TestRetirementReviewCoverage" name="test_approve" time="0.816"><failure message="assert 302 == 303&#10; +  where 302 = &lt;Response [302 Found]&gt;.status_code">tests/test_request_routes.py:426: in test_approve
    assert resp.status_code == 303
E   assert 302 == 303
E    +  where 302 = &lt;Response [302 Found]&gt;.status_code</failure></testcase><testcase classname="tests.test_request_routes.TestRetirementReviewCoverage" name="test_reject" time="0.816"><failure message="assert 302 == 303&#10; +  where 302 = &lt;Response [302 Found]&gt;.status_code">tests/test_request_routes.py:440: in test_reject
    assert resp.status_code == 303
E   assert 302 == 303
E    +  where 302 = &lt;Response [302 Found]&gt;.status_code</failure></testcase><testcase classname="tests.test_request_routes.TestRetirementReviewPageCoverage" name="test_detail_page" time="0.817" /><testcase classname="tests.test_request_routes.TestDeletionCreatePostCoverage" name="test_csrf_failure" time="0.814"><failure message="assert 302 == 303&#10; +  where 302 = &lt;Response [302 Found]&gt;.status_code">tests/test_request_routes.py:483: in test_csrf_failure
    assert resp.status_code == 303
E   assert 302 == 303
E    +  where 302 = &lt;Response [302 Found]&gt;.status_code</failure></testcase><testcase classname="tests.test_request_routes.TestDeletionCreatePostCoverage" name="test_validation_error" time="0.813"><failure message="assert 302 == 200&#10; +  where 302 = &lt;Response [302 Found]&gt;.status_code">tests/test_request_routes.py:497: in test_validation_error
    assert resp.status_code == 200
E   assert 302 == 200
E    +  where 302 = &lt;Response [302 Found]&gt;.status_code</failure></testcase><testcase classname="tests.test_request_routes.TestDeletionCreatePostCoverage" name="test_success" time="0.811"><failure message="assert 302 == 303&#10; +  where 302 = &lt;Response [302 Found]&gt;.status_code">tests/test_request_routes.py:512: in test_success
    assert resp.status_code == 303
E   assert 302 == 303
E    +  where 302 = &lt;Response [302 Found]&gt;.status_code</failure></testcase><testcase classname="tests.test_request_routes.TestDeletionReviewCoverage" name="test_non_admin_forbidden" time="0.816"><failure message="assert 302 == 403&#10; +  where 302 = &lt;Response [302 Found]&gt;.status_code">tests/test_request_routes.py:543: in test_non_admin_forbidden
    assert resp.status_code == 403
E   assert 302 == 403
E    +  where 302 = &lt;Response [302 Found]&gt;.status_code</failure></testcase><testcase classname="tests.test_request_routes.TestDeletionReviewCoverage" name="test_csrf_failure" time="0.818"><failure message="assert 302 == 303&#10; +  where 302 = &lt;Response [302 Found]&gt;.status_code">tests/test_request_routes.py:553: in test_csrf_failure
    assert resp.status_code == 303
E   assert 302 == 303
E    +  where 302 = &lt;Response [302 Found]&gt;.status_code</failure></testcase><testcase classname="tests.test_request_routes.TestDeletionReviewCoverage" name="test_approve" time="0.818"><failure message="assert 302 == 303&#10; +  where 302 = &lt;Response [302 Found]&gt;.status_code">tests/test_request_routes.py:567: in test_approve
    assert resp.status_code == 303
E   assert 302 == 303
E    +  where 302 = &lt;Response [302 Found]&gt;.status_code</failure></testcase><testcase classname="tests.test_request_routes.TestDeletionReviewCoverage" name="test_reject" time="0.817"><failure message="assert 302 == 303&#10; +  where 302 = &lt;Response [302 Found]&gt;.status_code">tests/test_request_routes.py:581: in test_reject
    assert resp.status_code == 303
E   assert 302 == 303
E    +  where 302 = &lt;Response [302 Found]&gt;.status_code</failure></testcase><testcase classname="tests.test_request_routes.TestDeletionDetailPageCoverage" name="test_detail" time="0.818" /><testcase classname="tests.test_request_routes.TestDeletionCreatePageCoverage" name="test_admin_create_page" time="0.814" /><testcase classname="tests.test_request_routes.TestDeletionCreatePageCoverage" name="test_standard_user_create_page" time="0.813" /><testcase classname="tests.test_request_routes.TestDeletionCreatePageCoverage" name="test_with_return_to" time="0.819" /><testcase classname="tests.test_retirement_service.TestGetRetirementRequestById" name="test_returns_request" time="0.544" /><testcase classname="tests.test_retirement_service.TestGetRetirementRequestById" name="test_raises_not_found" time="0.017" /><testcase classname="tests.test_retirement_service.TestGetAllRequests" name="test_returns_all" time="0.543" /><testcase classname="tests.test_retirement_service.TestGetAllRequests" name="test_filter_by_status" time="0.546" /><testcase classname="tests.test_retirement_service.TestGetRequestsForUser" name="test_returns_user_requests" time="0.545" /><testcase classname="tests.test_retirement_service.TestCreateRetirementRequest" name="test_standard_user_creates_request" time="0.284" /><testcase classname="tests.test_retirement_service.TestCreateRetirementRequest" name="test_admin_creates_request" time="0.549" /><testcase classname="tests.test_retirement_service.TestCreateRetirementRequest" name="test_retired_vehicle_fails" time="0.542" /><testcase classname="tests.test_retirement_service.TestCreateRetirementRequest" name="test_pending_retirement_vehicle_fails" time="0.540" /><testcase classname="tests.test_retirement_service.TestCreateRetirementRequest" name="test_duplicate_pending_request_fails" time="0.545" /><testcase classname="tests.test_retirement_service.TestCreateRetirementRequest" name="test_standard_user_unassigned_vehicle_fails" time="0.542" /><testcase classname="tests.test_retirement_service.TestCreateRetirementRequest" name="test_deleted_vehicle_fails" time="0.540" /><testcase classname="tests.test_retirement_service.TestReviewRetirementRequest" name="test_approve_retires_vehicle" time="0.547" /><testcase classname="tests.test_retirement_service.TestReviewRetirementRequest" name="test_approve_sets_retirement_reason" time="0.546" /><testcase classname="tests.test_retirement_service.TestReviewRetirementRequest" name="test_reject_restores_active" time="0.547" /><testcase classname="tests.test_retirement_service.TestReviewRetirementRequest" name="test_reject_with_review_notes" time="0.547" /><testcase classname="tests.test_retirement_service.TestReviewRetirementRequest" name="test_review_already_reviewed_fails" time="0.547" /><testcase classname="tests.test_retirement_service.TestRetireVehicleDirectly" name="test_admin_retire_directly" time="0.540" /><testcase classname="tests.test_retirement_service.TestRetireVehicleDirectly" name="test_retire_non_active_fails" time="0.541" /><testcase classname="tests.test_retirement_service.TestRetireVehicleDirectly" name="test_retire_deleted_vehicle_fails" time="0.541" /><testcase classname="tests.test_routes.TestRoleRestrictions" name="test_admin_can_access_admin_pages" time="0.551" /><testcase classname="tests.test_routes.TestRoleRestrictions" name="test_standard_cannot_access_admin_pages" time="0.549" /><testcase classname="tests.test_routes.TestRoleRestrictions" name="test_standard_cannot_create_vehicle" time="0.551" /><testcase classname="tests.test_routes.TestRoleRestrictions" name="test_admin_can_create_vehicle" time="0.580" /><testcase classname="tests.test_routes.TestRoleRestrictions" name="test_standard_cannot_edit_mileage" time="0.555" /><testcase classname="tests.test_routes.TestRoleRestrictions" name="test_standard_cannot_delete_maintenance" time="0.551" /><testcase classname="tests.test_routes.TestRoleRestrictions" name="test_dashboard_shows_for_standard" time="0.555" /><testcase classname="tests.test_routes.TestRoleRestrictions" name="test_dashboard_shows_for_admin" time="0.556" /><testcase classname="tests.test_routes.TestValidationRoutes" name="test_register_password_mismatch" time="0.025" /><testcase classname="tests.test_routes.TestValidationRoutes" name="test_register_short_password" time="0.024" /><testcase classname="tests.test_routes.TestValidationRoutes" name="test_vehicle_create_validation" time="0.558" /><testcase classname="tests.test_schemas.TestVehicleSchema" name="test_valid_current_format" time="0.015" /><testcase classname="tests.test_schemas.TestVehicleSchema" name="test_valid_prefix_format" time="0.014" /><testcase classname="tests.test_schemas.TestVehicleSchema" name="test_invalid_registration" time="0.014" /><testcase classname="tests.test_schemas.TestVehicleSchema" name="test_empty_registration" time="0.014" /><testcase classname="tests.test_schemas.TestVehicleSchema" name="test_invalid_vehicle_type" time="0.014" /><testcase classname="tests.test_schemas.TestVehicleSchema" name="test_year_too_low" time="0.014" /><testcase classname="tests.test_schemas.TestVehicleSchema" name="test_year_too_high" time="0.014" /><testcase classname="tests.test_schemas.TestVehicleSchema" name="test_negative_mileage" time="0.014" /><testcase classname="tests.test_schemas.TestVehicleSchema" name="test_registration_case_insensitive" time="0.014" /><testcase classname="tests.test_schemas.TestVehicleSchema" name="test_empty_make_fails" time="0.014" /><testcase classname="tests.test_schemas.TestRegisterSchema" name="test_valid_registration" time="0.015" /><testcase classname="tests.test_schemas.TestRegisterSchema" name="test_password_mismatch" time="0.014" /><testcase classname="tests.test_schemas.TestRegisterSchema" name="test_short_password" time="0.014" /><testcase classname="tests.test_schemas.TestRegisterSchema" name="test_short_username" time="0.014" /><testcase classname="tests.test_schemas.TestLocationSchema" name="test_valid_location" time="0.014" /><testcase classname="tests.test_schemas.TestLocationSchema" name="test_empty_name_fails" time="0.014" /><testcase classname="tests.test_schemas.TestLocationSchema" name="test_empty_code_fails" time="0.014" /><testcase classname="tests.test_schemas.TestMaintenanceSchemas" name="test_valid_category" time="0.014" /><testcase classname="tests.test_schemas.TestMaintenanceSchemas" name="test_valid_record" time="0.014" /><testcase classname="tests.test_schemas.TestMaintenanceSchemas" name="test_negative_mileage_fails" time="0.014" /><testcase classname="tests.test_schemas.TestMileageSchema" name="test_valid_mileage" time="0.014" /><testcase classname="tests.test_schemas.TestMileageSchema" name="test_negative_reading_fails" time="0.014" /><testcase classname="tests.test_schemas.TestRequestSchemas" name="test_valid_retirement_request" time="0.014" /><testcase classname="tests.test_schemas.TestRequestSchemas" name="test_retirement_reason_too_short" time="0.014" /><testcase classname="tests.test_schemas.TestRequestSchemas" name="test_valid_retirement_review" time="0.015" /><testcase classname="tests.test_schemas.TestRequestSchemas" name="test_invalid_review_action" time="0.014" /><testcase classname="tests.test_schemas.TestRequestSchemas" name="test_valid_deletion_request" time="0.014" /><testcase classname="tests.test_schemas.TestRequestSchemas" name="test_invalid_deletion_target_type" time="0.014" /><testcase classname="tests.test_schemas.TestUserSchema" name="test_valid_user" time="0.015" /><testcase classname="tests.test_schemas.TestUserSchema" name="test_short_username_fails" time="0.014" /><testcase classname="tests.test_schemas.TestLoginSchemaValidation" name="test_empty_username" time="0.014" /><testcase classname="tests.test_schemas.TestLoginSchemaValidation" name="test_empty_password" time="0.014" /><testcase classname="tests.test_schemas.TestLoginSchemaValidation" name="test_valid" time="0.014" /><testcase classname="tests.test_schemas.TestRegisterSchemaValidation" name="test_invalid_role" time="0.015" /><testcase classname="tests.test_schemas.TestRegisterSchemaValidation" name="test_short_username" time="0.014" /><testcase classname="tests.test_schemas.TestRegisterSchemaValidation" name="test_empty_username" time="0.015" /><testcase classname="tests.test_schemas.TestRegisterSchemaValidation" name="test_short_password" time="0.014" /><testcase classname="tests.test_schemas.TestRegisterSchemaValidation" name="test_password_mismatch" time="0.015" /><testcase classname="tests.test_schemas.TestRegisterSchemaValidation" name="test_empty_first_name" time="0.014" /><testcase classname="tests.test_schemas.TestRegisterSchemaValidation" name="test_long_first_name" time="0.015" /><testcase classname="tests.test_schemas.TestRegisterSchemaValidation" name="test_empty_last_name" time="0.014" /><testcase classname="tests.test_schemas.TestRegisterSchemaValidation" name="test_long_last_name" time="0.014" /><testcase classname="tests.test_schemas.TestRegisterSchemaValidation" name="test_long_employee_number" time="0.014" /><testcase classname="tests.test_schemas.TestRegisterSchemaValidation" name="test_valid_employee_number" time="0.014" /><testcase classname="tests.test_schemas.TestChangePasswordSchemaValidation" name="test_empty_current_password" time="0.014" /><testcase classname="tests.test_schemas.TestChangePasswordSchemaValidation" name="test_short_new_password" time="0.014" /><testcase classname="tests.test_schemas.TestChangePasswordSchemaValidation" name="test_new_password_mismatch" time="0.014" /><testcase classname="tests.test_schemas.TestChangePasswordSchemaValidation" name="test_valid" time="0.014" /><testcase classname="tests.test_security_dependencies.TestGetCurrentUser" name="test_returns_user_when_set" time="0.015" /><testcase classname="tests.test_security_dependencies.TestGetCurrentUser" name="test_returns_none_when_no_user" time="0.014" /><testcase classname="tests.test_security_dependencies.TestRequireAuth" name="test_returns_user_when_authenticated" time="0.015" /><testcase classname="tests.test_security_dependencies.TestRequireAuth" name="test_returns_none_when_not_authenticated" time="0.015" /><testcase classname="tests.test_security_dependencies.TestRequireAdmin" name="test_returns_user_when_admin" time="0.014" /><testcase classname="tests.test_security_dependencies.TestRequireAdmin" name="test_returns_none_when_standard_user" time="0.015" /><testcase classname="tests.test_security_dependencies.TestRequireAdmin" name="test_returns_none_when_not_authenticated" time="0.015" /><testcase classname="tests.test_security_dependencies.TestVerifyCsrf" name="test_returns_true_for_valid_token" time="0.015" /><testcase classname="tests.test_security_dependencies.TestVerifyCsrf" name="test_returns_false_for_invalid_token" time="0.015" /><testcase classname="tests.test_user_profile_service.TestUpdateProfile" name="test_update_profile_success" time="0.276" /><testcase classname="tests.test_user_profile_service.TestUpdateProfile" name="test_duplicate_email_fails" time="0.536" /><testcase classname="tests.test_user_profile_service.TestUpdateProfile" name="test_same_email_ok" time="0.276" /><testcase classname="tests.test_user_profile_service.TestUpdateProfile" name="test_nonexistent_user_raises" time="0.016" /><testcase classname="tests.test_user_service.TestGetUserById" name="test_returns_user" time="0.275" /><testcase classname="tests.test_user_service.TestGetUserById" name="test_raises_not_found" time="0.016" /><testcase classname="tests.test_user_service.TestGetAllUsers" name="test_returns_all" time="0.535" /><testcase classname="tests.test_user_service.TestGetAllUsers" name="test_ordered_by_username" time="0.535" /><testcase classname="tests.test_user_service.TestGetStandardUsers" name="test_returns_standard_only" time="0.535" /><testcase classname="tests.test_user_service.TestGetStandardUsers" name="test_active_only_default" time="0.277" /><testcase classname="tests.test_user_service.TestGetStandardUsers" name="test_include_inactive" time="0.277" /><testcase classname="tests.test_user_service.TestCreateUser" name="test_create_standard_user" time="0.275" /><testcase classname="tests.test_user_service.TestCreateUser" name="test_create_admin_by_admin" time="0.275" /><testcase classname="tests.test_user_service.TestCreateUser" name="test_create_admin_by_standard_fails" time="0.015" /><testcase classname="tests.test_user_service.TestCreateUser" name="test_duplicate_username_fails" time="0.275" /><testcase classname="tests.test_user_service.TestCreateUser" name="test_duplicate_email_fails" time="0.275" /><testcase classname="tests.test_user_service.TestCreateUser" name="test_duplicate_employee_number_fails" time="0.279" /><testcase classname="tests.test_user_service.TestCreateUser" name="test_empty_employee_number_ok" time="0.276" /><testcase classname="tests.test_user_service.TestCreateUser" name="test_create_with_location" time="0.277" /><testcase classname="tests.test_user_service.TestCreateUser" name="test_password_is_hashed" time="0.274" /><testcase classname="tests.test_user_service.TestUpdateUser" name="test_update_name" time="0.279" /><testcase classname="tests.test_user_service.TestUpdateUser" name="test_update_email" time="0.278" /><testcase classname="tests.test_user_service.TestUpdateUser" name="test_update_duplicate_email_fails" time="0.538" /><testcase classname="tests.test_user_service.TestUpdateUser" name="test_update_same_email_ok" time="0.279" /><testcase classname="tests.test_user_service.TestUpdateUser" name="test_update_duplicate_employee_number_fails" time="0.540" /><testcase classname="tests.test_user_service.TestUpdateUser" name="test_update_is_active" time="0.279" /><testcase classname="tests.test_user_service.TestUpdateUser" name="test_update_nonexistent_raises" time="0.015" /><testcase classname="tests.test_vehicle_model.TestMileageSourceProperty" name="test_returns_none_when_zero_mileage" time="0.018" /><testcase classname="tests.test_vehicle_model.TestMileageSourceProperty" name="test_returns_mileage_record_source" time="0.284" /><testcase classname="tests.test_vehicle_model.TestMileageSourceProperty" name="test_returns_maintenance_record_source" time="0.283" /><testcase classname="tests.test_vehicle_model.TestMileageSourceProperty" name="test_returns_none_when_no_matching_record" time="0.019" /><testcase classname="tests.test_vehicle_retire_service.TestRetireVehicle" name="test_retire_success" time="0.282" /><testcase classname="tests.test_vehicle_retire_service.TestRetireVehicle" name="test_retire_already_retired" time="0.282" /><testcase classname="tests.test_vehicle_retire_service.TestUnretireVehicle" name="test_unretire_success" time="0.283" /><testcase classname="tests.test_vehicle_retire_service.TestUnretireVehicle" name="test_unretire_active_fails" time="0.281" /><testcase classname="tests.test_vehicle_routes.TestVehicleRoutes" name="test_vehicle_list_admin" time="0.840" /><testcase classname="tests.test_vehicle_routes.TestVehicleRoutes" name="test_vehicle_list_standard_user" time="0.558" /><testcase classname="tests.test_vehicle_routes.TestVehicleRoutes" name="test_vehicle_list_unauthenticated_redirects" time="0.021" /><testcase classname="tests.test_vehicle_routes.TestVehicleRoutes" name="test_vehicle_detail_admin" time="0.856" /><testcase classname="tests.test_vehicle_routes.TestVehicleRoutes" name="test_vehicle_detail_standard_user_assigned" time="0.558" /><testcase classname="tests.test_vehicle_routes.TestVehicleRoutes" name="test_vehicle_detail_standard_user_unassigned" time="0.557" /><testcase classname="tests.test_vehicle_routes.TestVehicleCreate" name="test_create_page_admin" time="0.555" /><testcase classname="tests.test_vehicle_routes.TestVehicleCreate" name="test_create_page_standard_forbidden" time="0.551" /><testcase classname="tests.test_vehicle_routes.TestVehicleCreate" name="test_create_vehicle_success" time="0.556" /><testcase classname="tests.test_vehicle_routes.TestVehicleCreate" name="test_create_vehicle_validation_error" time="0.556" /><testcase classname="tests.test_vehicle_routes.TestVehicleCreate" name="test_create_vehicle_duplicate_registration" time="0.818" /><testcase classname="tests.test_vehicle_routes.TestVehicleEdit" name="test_edit_page_admin" time="0.843" /><testcase classname="tests.test_vehicle_routes.TestVehicleEdit" name="test_edit_page_standard_forbidden" time="0.554" /><testcase classname="tests.test_vehicle_routes.TestVehicleEdit" name="test_edit_retired_vehicle_redirects" time="0.814" /><testcase classname="tests.test_vehicle_routes.TestVehicleEdit" name="test_edit_vehicle_success" time="0.823" /><testcase classname="tests.test_vehicle_routes.TestVehicleDelete" name="test_delete_vehicle_admin" time="0.817" /><testcase classname="tests.test_vehicle_routes.TestVehicleDelete" name="test_delete_vehicle_standard_forbidden" time="0.553" /><testcase classname="tests.test_vehicle_routes.TestVehicleCreatePageCoverage" name="test_create_page" time="0.552" /><testcase classname="tests.test_vehicle_routes.TestVehicleCreatePostCoverage" name="test_csrf_failure" time="0.550"><failure message="assert 302 == 200&#10; +  where 302 = &lt;Response [302 Found]&gt;.status_code">tests/test_vehicle_routes.py:246: in test_csrf_failure
    assert resp.status_code == 200
E   assert 302 == 200
E    +  where 302 = &lt;Response [302 Found]&gt;.status_code</failure></testcase><testcase classname="tests.test_vehicle_routes.TestVehicleCreatePostCoverage" name="test_validation_error" time="0.550"><failure message="assert 302 == 200&#10; +  where 302 = &lt;Response [302 Found]&gt;.status_code">tests/test_vehicle_routes.py:265: in test_validation_error
    assert resp.status_code == 200
E   assert 302 == 200
E    +  where 302 = &lt;Response [302 Found]&gt;.status_code</failure></testcase><testcase classname="tests.test_vehicle_routes.TestVehicleCreatePostCoverage" name="test_success" time="0.809"><failure message="assert 302 == 303&#10; +  where 302 = &lt;Response [302 Found]&gt;.status_code">tests/test_vehicle_routes.py:284: in test_success
    assert resp.status_code == 303
E   assert 302 == 303
E    +  where 302 = &lt;Response [302 Found]&gt;.status_code</failure></testcase><testcase classname="tests.test_vehicle_routes.TestVehicleCreatePostCoverage" name="test_duplicate_registration" time="0.813"><failure message="assert 302 == 200&#10; +  where 302 = &lt;Response [302 Found]&gt;.status_code">tests/test_vehicle_routes.py:303: in test_duplicate_registration
    assert resp.status_code == 200
E   assert 302 == 200
E    +  where 302 = &lt;Response [302 Found]&gt;.status_code</failure></testcase><testcase classname="tests.test_vehicle_routes.TestVehicleDetailCoverage" name="test_access_denied_wrong_user" time="1.072"><failure message="assert 200 == 403&#10; +  where 200 = &lt;Response [200 OK]&gt;.status_code">tests/test_vehicle_routes.py:337: in test_access_denied_wrong_user
    assert resp.status_code == 403
E   assert 200 == 403
E    +  where 200 = &lt;Response [200 OK]&gt;.status_code</failure></testcase><testcase classname="tests.test_vehicle_routes.TestVehicleEditPageCoverage" name="test_retired_vehicle_redirected" time="0.813" /><testcase classname="tests.test_vehicle_routes.TestVehicleEditPageCoverage" name="test_edit_page_success" time="0.813" /><testcase classname="tests.test_vehicle_routes.TestVehicleEditPostCoverage" name="test_csrf_failure" time="0.815"><failure message="Failed: DID NOT RAISE &lt;class 'jinja2.exceptions.UndefinedError'&gt;">tests/test_vehicle_routes.py:356: in test_csrf_failure
    with pytest.raises(jinja2.exceptions.UndefinedError):
         ^^^^^^^^^^^^^^^^^^^^^^^^^^^^^^^^^^^^^^^^^^^^^^^
E   Failed: DID NOT RAISE &lt;class 'jinja2.exceptions.UndefinedError'&gt;</failure></testcase><testcase classname="tests.test_vehicle_routes.TestVehicleEditPostCoverage" name="test_success" time="0.812"><failure message="assert 302 == 303&#10; +  where 302 = &lt;Response [302 Found]&gt;.status_code">tests/test_vehicle_routes.py:379: in test_success
    assert resp.status_code == 303
E   assert 302 == 303
E    +  where 302 = &lt;Response [302 Found]&gt;.status_code</failure></testcase><testcase classname="tests.test_vehicle_routes.TestVehicleDeletePostCoverage" name="test_csrf_failure" time="0.813"><failure message="assert 302 == 303&#10; +  where 302 = &lt;Response [302 Found]&gt;.status_code">tests/test_vehicle_routes.py:390: in test_csrf_failure
    assert resp.status_code == 303
E   assert 302 == 303
E    +  where 302 = &lt;Response [302 Found]&gt;.status_code</failure></testcase><testcase classname="tests.test_vehicle_routes.TestVehicleDeletePostCoverage" name="test_success" time="0.812"><failure message="assert 302 == 303&#10; +  where 302 = &lt;Response [302 Found]&gt;.status_code">tests/test_vehicle_routes.py:399: in test_success
    assert resp.status_code == 303
E   assert 302 == 303
E    +  where 302 = &lt;Response [302 Found]&gt;.status_code</failure></testcase><testcase classname="tests.test_vehicle_routes_extended.TestVehicleRetire" name="test_retire_success" time="0.881" /><testcase classname="tests.test_vehicle_routes_extended.TestVehicleRetire" name="test_retire_no_reason" time="0.815" /><testcase classname="tests.test_vehicle_routes_extended.TestVehicleRetire" name="test_retire_standard_forbidden" time="0.554" /><testcase classname="tests.test_vehicle_routes_extended.TestVehicleRetire" name="test_retire_invalid_csrf" time="0.815" /><testcase classname="tests.test_vehicle_routes_extended.TestVehicleRetire" name="test_retire_already_retired" time="0.818" /><testcase classname="tests.test_vehicle_routes_extended.TestVehicleUnretire" name="test_unretire_success" time="0.819" /><testcase classname="tests.test_vehicle_routes_extended.TestVehicleUnretire" name="test_unretire_active_vehicle" time="0.815" /><testcase classname="tests.test_vehicle_routes_extended.TestVehicleUnretire" name="test_unretire_standard_forbidden" time="0.554" /><testcase classname="tests.test_vehicle_routes_extended.TestVehicleUnretire" name="test_unretire_invalid_csrf" time="0.820" /><testcase classname="tests.test_vehicle_routes_extended.TestVehicleEditErrors" name="test_edit_post_validation_error" time="0.828" /><testcase classname="tests.test_vehicle_routes_extended.TestVehicleEditErrors" name="test_edit_post_invalid_csrf" time="0.819" /><testcase classname="tests.test_vehicle_routes_extended.TestVehicleEditErrors" name="test_edit_post_duplicate_registration" time="0.826" /><testcase classname="tests.test_vehicle_routes_extended.TestVehicleEditErrors" name="test_delete_invalid_csrf" time="0.813" /><testcase classname="tests.test_vehicle_service.TestGetVehicleById" name="test_returns_vehicle" time="0.280" /><testcase classname="tests.test_vehicle_service.TestGetVehicleById" name="test_raises_not_found_for_missing" time="0.016" /><testcase classname="tests.test_vehicle_service.TestGetVehicleById" name="test_raises_not_found_for_deleted" time="0.280" /><testcase classname="tests.test_vehicle_service.TestGetAllVehicles" name="test_returns_all_non_deleted" time="0.282" /><testcase classname="tests.test_vehicle_service.TestGetAllVehicles" name="test_excludes_deleted" time="0.279" /><testcase classname="tests.test_vehicle_service.TestGetAllVehicles" name="test_ordered_by_registration" time="0.024" /><testcase classname="tests.test_vehicle_service.TestGetVehiclesForUser" name="test_returns_only_assigned_vehicles" time="0.283" /><testcase classname="tests.test_vehicle_service.TestGetVehiclesForUser" name="test_returns_empty_for_no_vehicles" time="0.275" /><testcase classname="tests.test_vehicle_service.TestCheckVehicleAccess" name="test_admin_can_access_any" time="0.279" /><testcase classname="tests.test_vehicle_service.TestCheckVehicleAccess" name="test_standard_user_can_access_assigned" time="0.278" /><testcase classname="tests.test_vehicle_service.TestCheckVehicleAccess" name="test_standard_user_cannot_access_unassigned" time="0.278" /><testcase classname="tests.test_vehicle_service.TestCreateVehicle" name="test_create_success" time="0.020" /><testcase classname="tests.test_vehicle_service.TestCreateVehicle" name="test_create_with_driver" time="0.280" /><testcase classname="tests.test_vehicle_service.TestCreateVehicle" name="test_duplicate_registration_fails" time="0.281" /><testcase classname="tests.test_vehicle_service.TestCreateVehicle" name="test_duplicate_fleet_reference_fails" time="0.282" /><testcase classname="tests.test_vehicle_service.TestCreateVehicle" name="test_invalid_location_fails" time="0.016" /><testcase classname="tests.test_vehicle_service.TestCreateVehicle" name="test_deleted_location_fails" time="0.018" /><testcase classname="tests.test_vehicle_service.TestCreateVehicle" name="test_admin_driver_fails" time="0.280" /><testcase classname="tests.test_vehicle_service.TestCreateVehicle" name="test_inactive_driver_fails" time="0.281" /><testcase classname="tests.test_vehicle_service.TestCreateVehicle" name="test_nonexistent_driver_fails" time="0.020" /><testcase classname="tests.test_vehicle_service.TestCreateVehicle" name="test_create_with_mileage" time="0.020" /><testcase classname="tests.test_vehicle_service.TestUpdateVehicle" name="test_update_success" time="0.283" /><testcase classname="tests.test_vehicle_service.TestUpdateVehicle" name="test_update_retired_vehicle_fails" time="0.280" /><testcase classname="tests.test_vehicle_service.TestUpdateVehicle" name="test_update_duplicate_registration_fails" time="0.285" /><testcase classname="tests.test_vehicle_service.TestUpdateVehicle" name="test_update_duplicate_fleet_ref_fails" time="0.285" /><testcase classname="tests.test_vehicle_service.TestUpdateVehicle" name="test_update_same_registration_ok" time="0.283" /><testcase classname="tests.test_vehicle_service.TestSoftDeleteVehicle" name="test_soft_delete" time="0.280" /><testcase classname="tests.test_vehicle_service.TestSoftDeleteVehicle" name="test_soft_delete_nonexistent_raises" time="0.016" /></testsuite></testsuites>